[apollo-client][main]2021-11-01 16:19:40,907 INFO  [org.springframework.boot.test.context.SpringBootTestContextBootstrapper] Neither @ContextConfiguration nor @ContextHierarchy found for test class [com.ctrip.framework.apollo.spring.BootstrapConfigTest$TestWithBootstrapEnabledAndNamespacesAndConditionalOn], using SpringBootContextLoader
[apollo-client][main]2021-11-01 16:19:40,912 INFO  [org.springframework.test.context.support.AbstractContextLoader] Could not detect default resource locations for test class [com.ctrip.framework.apollo.spring.BootstrapConfigTest$TestWithBootstrapEnabledAndNamespacesAndConditionalOn]: no resource found for suffixes {-context.xml, Context.groovy}.
[apollo-client][main]2021-11-01 16:19:40,947 INFO  [org.springframework.boot.test.context.SpringBootTestContextBootstrapper] Loaded default TestExecutionListener class names from location [META-INF/spring.factories]: [org.springframework.boot.test.mock.mockito.MockitoTestExecutionListener, org.springframework.boot.test.mock.mockito.ResetMocksTestExecutionListener, org.springframework.boot.test.autoconfigure.restdocs.RestDocsTestExecutionListener, org.springframework.boot.test.autoconfigure.web.client.MockRestServiceServerResetTestExecutionListener, org.springframework.boot.test.autoconfigure.web.servlet.MockMvcPrintOnlyOnFailureTestExecutionListener, org.springframework.boot.test.autoconfigure.web.servlet.WebDriverTestExecutionListener, org.springframework.test.context.web.ServletTestExecutionListener, org.springframework.test.context.support.DirtiesContextBeforeModesTestExecutionListener, org.springframework.test.context.support.DependencyInjectionTestExecutionListener, org.springframework.test.context.support.DirtiesContextTestExecutionListener, org.springframework.test.context.transaction.TransactionalTestExecutionListener, org.springframework.test.context.jdbc.SqlScriptsTestExecutionListener]
[apollo-client][main]2021-11-01 16:19:40,955 INFO  [org.springframework.boot.test.context.SpringBootTestContextBootstrapper] Using TestExecutionListeners: [org.springframework.test.context.support.DirtiesContextBeforeModesTestExecutionListener@48e1f6c7, org.springframework.boot.test.mock.mockito.MockitoTestExecutionListener@55cb6996, org.springframework.boot.test.autoconfigure.SpringBootDependencyInjectionTestExecutionListener@1807e3f6, org.springframework.test.context.support.DirtiesContextTestExecutionListener@480d3575, org.springframework.boot.test.mock.mockito.ResetMocksTestExecutionListener@f1da57d, org.springframework.boot.test.autoconfigure.restdocs.RestDocsTestExecutionListener@194fad1, org.springframework.boot.test.autoconfigure.web.client.MockRestServiceServerResetTestExecutionListener@26abb146, org.springframework.boot.test.autoconfigure.web.servlet.MockMvcPrintOnlyOnFailureTestExecutionListener@72c8e7b, org.springframework.boot.test.autoconfigure.web.servlet.WebDriverTestExecutionListener@65f8f5ae]
[apollo-client][main]2021-11-01 16:19:40,956 INFO  [org.springframework.boot.test.context.SpringBootTestContextBootstrapper] Neither @ContextConfiguration nor @ContextHierarchy found for test class [com.ctrip.framework.apollo.spring.BootstrapConfigTest$TestWithBootstrapEnabledAndEagerLoadEnabled], using SpringBootContextLoader
[apollo-client][main]2021-11-01 16:19:40,957 INFO  [org.springframework.test.context.support.AbstractContextLoader] Could not detect default resource locations for test class [com.ctrip.framework.apollo.spring.BootstrapConfigTest$TestWithBootstrapEnabledAndEagerLoadEnabled]: no resource found for suffixes {-context.xml, Context.groovy}.
[apollo-client][main]2021-11-01 16:19:40,964 INFO  [org.springframework.boot.test.context.SpringBootTestContextBootstrapper] Loaded default TestExecutionListener class names from location [META-INF/spring.factories]: [org.springframework.boot.test.mock.mockito.MockitoTestExecutionListener, org.springframework.boot.test.mock.mockito.ResetMocksTestExecutionListener, org.springframework.boot.test.autoconfigure.restdocs.RestDocsTestExecutionListener, org.springframework.boot.test.autoconfigure.web.client.MockRestServiceServerResetTestExecutionListener, org.springframework.boot.test.autoconfigure.web.servlet.MockMvcPrintOnlyOnFailureTestExecutionListener, org.springframework.boot.test.autoconfigure.web.servlet.WebDriverTestExecutionListener, org.springframework.test.context.web.ServletTestExecutionListener, org.springframework.test.context.support.DirtiesContextBeforeModesTestExecutionListener, org.springframework.test.context.support.DependencyInjectionTestExecutionListener, org.springframework.test.context.support.DirtiesContextTestExecutionListener, org.springframework.test.context.transaction.TransactionalTestExecutionListener, org.springframework.test.context.jdbc.SqlScriptsTestExecutionListener]
[apollo-client][main]2021-11-01 16:19:40,967 INFO  [org.springframework.boot.test.context.SpringBootTestContextBootstrapper] Using TestExecutionListeners: [org.springframework.test.context.support.DirtiesContextBeforeModesTestExecutionListener@2657d4dd, org.springframework.boot.test.mock.mockito.MockitoTestExecutionListener@5340477f, org.springframework.boot.test.autoconfigure.SpringBootDependencyInjectionTestExecutionListener@47caedad, org.springframework.test.context.support.DirtiesContextTestExecutionListener@7139992f, org.springframework.boot.test.mock.mockito.ResetMocksTestExecutionListener@69504ae9, org.springframework.boot.test.autoconfigure.restdocs.RestDocsTestExecutionListener@387a8303, org.springframework.boot.test.autoconfigure.web.client.MockRestServiceServerResetTestExecutionListener@28cda624, org.springframework.boot.test.autoconfigure.web.servlet.MockMvcPrintOnlyOnFailureTestExecutionListener@1500b2f3, org.springframework.boot.test.autoconfigure.web.servlet.WebDriverTestExecutionListener@7eecb5b8]
[apollo-client][main]2021-11-01 16:19:40,968 INFO  [org.springframework.boot.test.context.SpringBootTestContextBootstrapper] Neither @ContextConfiguration nor @ContextHierarchy found for test class [com.ctrip.framework.apollo.spring.BootstrapConfigTest$TestWithBootstrapEnabledAndDefaultNamespacesAndConditionalOnFailed], using SpringBootContextLoader
[apollo-client][main]2021-11-01 16:19:40,968 INFO  [org.springframework.test.context.support.AbstractContextLoader] Could not detect default resource locations for test class [com.ctrip.framework.apollo.spring.BootstrapConfigTest$TestWithBootstrapEnabledAndDefaultNamespacesAndConditionalOnFailed]: no resource found for suffixes {-context.xml, Context.groovy}.
[apollo-client][main]2021-11-01 16:19:40,974 INFO  [org.springframework.boot.test.context.SpringBootTestContextBootstrapper] Loaded default TestExecutionListener class names from location [META-INF/spring.factories]: [org.springframework.boot.test.mock.mockito.MockitoTestExecutionListener, org.springframework.boot.test.mock.mockito.ResetMocksTestExecutionListener, org.springframework.boot.test.autoconfigure.restdocs.RestDocsTestExecutionListener, org.springframework.boot.test.autoconfigure.web.client.MockRestServiceServerResetTestExecutionListener, org.springframework.boot.test.autoconfigure.web.servlet.MockMvcPrintOnlyOnFailureTestExecutionListener, org.springframework.boot.test.autoconfigure.web.servlet.WebDriverTestExecutionListener, org.springframework.test.context.web.ServletTestExecutionListener, org.springframework.test.context.support.DirtiesContextBeforeModesTestExecutionListener, org.springframework.test.context.support.DependencyInjectionTestExecutionListener, org.springframework.test.context.support.DirtiesContextTestExecutionListener, org.springframework.test.context.transaction.TransactionalTestExecutionListener, org.springframework.test.context.jdbc.SqlScriptsTestExecutionListener]
[apollo-client][main]2021-11-01 16:19:40,976 INFO  [org.springframework.boot.test.context.SpringBootTestContextBootstrapper] Using TestExecutionListeners: [org.springframework.test.context.support.DirtiesContextBeforeModesTestExecutionListener@1c9b0314, org.springframework.boot.test.mock.mockito.MockitoTestExecutionListener@45385f75, org.springframework.boot.test.autoconfigure.SpringBootDependencyInjectionTestExecutionListener@49c90a9c, org.springframework.test.context.support.DirtiesContextTestExecutionListener@2d29b4ee, org.springframework.boot.test.mock.mockito.ResetMocksTestExecutionListener@69ee81fc, org.springframework.boot.test.autoconfigure.restdocs.RestDocsTestExecutionListener@6e2aa843, org.springframework.boot.test.autoconfigure.web.client.MockRestServiceServerResetTestExecutionListener@6f36c2f0, org.springframework.boot.test.autoconfigure.web.servlet.MockMvcPrintOnlyOnFailureTestExecutionListener@f58853c, org.springframework.boot.test.autoconfigure.web.servlet.WebDriverTestExecutionListener@1224144a]
[apollo-client][main]2021-11-01 16:19:40,977 INFO  [org.springframework.boot.test.context.SpringBootTestContextBootstrapper] Neither @ContextConfiguration nor @ContextHierarchy found for test class [com.ctrip.framework.apollo.spring.BootstrapConfigTest$TestWithBootstrapDisabledAndDefaultNamespacesAndConditionalOn], using SpringBootContextLoader
[apollo-client][main]2021-11-01 16:19:40,978 INFO  [org.springframework.test.context.support.AbstractContextLoader] Could not detect default resource locations for test class [com.ctrip.framework.apollo.spring.BootstrapConfigTest$TestWithBootstrapDisabledAndDefaultNamespacesAndConditionalOn]: no resource found for suffixes {-context.xml, Context.groovy}.
[apollo-client][main]2021-11-01 16:19:40,984 INFO  [org.springframework.boot.test.context.SpringBootTestContextBootstrapper] Loaded default TestExecutionListener class names from location [META-INF/spring.factories]: [org.springframework.boot.test.mock.mockito.MockitoTestExecutionListener, org.springframework.boot.test.mock.mockito.ResetMocksTestExecutionListener, org.springframework.boot.test.autoconfigure.restdocs.RestDocsTestExecutionListener, org.springframework.boot.test.autoconfigure.web.client.MockRestServiceServerResetTestExecutionListener, org.springframework.boot.test.autoconfigure.web.servlet.MockMvcPrintOnlyOnFailureTestExecutionListener, org.springframework.boot.test.autoconfigure.web.servlet.WebDriverTestExecutionListener, org.springframework.test.context.web.ServletTestExecutionListener, org.springframework.test.context.support.DirtiesContextBeforeModesTestExecutionListener, org.springframework.test.context.support.DependencyInjectionTestExecutionListener, org.springframework.test.context.support.DirtiesContextTestExecutionListener, org.springframework.test.context.transaction.TransactionalTestExecutionListener, org.springframework.test.context.jdbc.SqlScriptsTestExecutionListener]
[apollo-client][main]2021-11-01 16:19:40,986 INFO  [org.springframework.boot.test.context.SpringBootTestContextBootstrapper] Using TestExecutionListeners: [org.springframework.test.context.support.DirtiesContextBeforeModesTestExecutionListener@50f6ac94, org.springframework.boot.test.mock.mockito.MockitoTestExecutionListener@6cc4cdb9, org.springframework.boot.test.autoconfigure.SpringBootDependencyInjectionTestExecutionListener@28194a50, org.springframework.test.context.support.DirtiesContextTestExecutionListener@7f2cfe3f, org.springframework.boot.test.mock.mockito.ResetMocksTestExecutionListener@1a5b6f42, org.springframework.boot.test.autoconfigure.restdocs.RestDocsTestExecutionListener@5038d0b5, org.springframework.boot.test.autoconfigure.web.client.MockRestServiceServerResetTestExecutionListener@32115b28, org.springframework.boot.test.autoconfigure.web.servlet.MockMvcPrintOnlyOnFailureTestExecutionListener@2ad48653, org.springframework.boot.test.autoconfigure.web.servlet.WebDriverTestExecutionListener@6bb4dd34]
[apollo-client][main]2021-11-01 16:19:40,988 INFO  [org.springframework.boot.test.context.SpringBootTestContextBootstrapper] Neither @ContextConfiguration nor @ContextHierarchy found for test class [com.ctrip.framework.apollo.spring.BootstrapConfigTest$TestWithBootstrapEnabledAndDefaultNamespacesAndConditionalOn], using SpringBootContextLoader
[apollo-client][main]2021-11-01 16:19:40,988 INFO  [org.springframework.test.context.support.AbstractContextLoader] Could not detect default resource locations for test class [com.ctrip.framework.apollo.spring.BootstrapConfigTest$TestWithBootstrapEnabledAndDefaultNamespacesAndConditionalOn]: no resource found for suffixes {-context.xml, Context.groovy}.
[apollo-client][main]2021-11-01 16:19:40,995 INFO  [org.springframework.boot.test.context.SpringBootTestContextBootstrapper] Loaded default TestExecutionListener class names from location [META-INF/spring.factories]: [org.springframework.boot.test.mock.mockito.MockitoTestExecutionListener, org.springframework.boot.test.mock.mockito.ResetMocksTestExecutionListener, org.springframework.boot.test.autoconfigure.restdocs.RestDocsTestExecutionListener, org.springframework.boot.test.autoconfigure.web.client.MockRestServiceServerResetTestExecutionListener, org.springframework.boot.test.autoconfigure.web.servlet.MockMvcPrintOnlyOnFailureTestExecutionListener, org.springframework.boot.test.autoconfigure.web.servlet.WebDriverTestExecutionListener, org.springframework.test.context.web.ServletTestExecutionListener, org.springframework.test.context.support.DirtiesContextBeforeModesTestExecutionListener, org.springframework.test.context.support.DependencyInjectionTestExecutionListener, org.springframework.test.context.support.DirtiesContextTestExecutionListener, org.springframework.test.context.transaction.TransactionalTestExecutionListener, org.springframework.test.context.jdbc.SqlScriptsTestExecutionListener]
[apollo-client][main]2021-11-01 16:19:40,997 INFO  [org.springframework.boot.test.context.SpringBootTestContextBootstrapper] Using TestExecutionListeners: [org.springframework.test.context.support.DirtiesContextBeforeModesTestExecutionListener@3576ddc2, org.springframework.boot.test.mock.mockito.MockitoTestExecutionListener@35b74c5c, org.springframework.boot.test.autoconfigure.SpringBootDependencyInjectionTestExecutionListener@2e570ded, org.springframework.test.context.support.DirtiesContextTestExecutionListener@b86de0d, org.springframework.boot.test.mock.mockito.ResetMocksTestExecutionListener@81d9a72, org.springframework.boot.test.autoconfigure.restdocs.RestDocsTestExecutionListener@747f281, org.springframework.boot.test.autoconfigure.web.client.MockRestServiceServerResetTestExecutionListener@1169afe1, org.springframework.boot.test.autoconfigure.web.servlet.MockMvcPrintOnlyOnFailureTestExecutionListener@2ca26d77, org.springframework.boot.test.autoconfigure.web.servlet.WebDriverTestExecutionListener@4808bc9b]
[apollo-client][main]2021-11-01 16:19:40,998 INFO  [org.springframework.boot.test.context.SpringBootTestContextBootstrapper] Neither @ContextConfiguration nor @ContextHierarchy found for test class [com.ctrip.framework.apollo.spring.BootstrapConfigTest$TestWithBootstrapEnabledAndDefaultNamespacesAndConditionalOnFailedWithYamlFile], using SpringBootContextLoader
[apollo-client][main]2021-11-01 16:19:40,999 INFO  [org.springframework.test.context.support.AbstractContextLoader] Could not detect default resource locations for test class [com.ctrip.framework.apollo.spring.BootstrapConfigTest$TestWithBootstrapEnabledAndDefaultNamespacesAndConditionalOnFailedWithYamlFile]: no resource found for suffixes {-context.xml, Context.groovy}.
[apollo-client][main]2021-11-01 16:19:41,004 INFO  [org.springframework.boot.test.context.SpringBootTestContextBootstrapper] Loaded default TestExecutionListener class names from location [META-INF/spring.factories]: [org.springframework.boot.test.mock.mockito.MockitoTestExecutionListener, org.springframework.boot.test.mock.mockito.ResetMocksTestExecutionListener, org.springframework.boot.test.autoconfigure.restdocs.RestDocsTestExecutionListener, org.springframework.boot.test.autoconfigure.web.client.MockRestServiceServerResetTestExecutionListener, org.springframework.boot.test.autoconfigure.web.servlet.MockMvcPrintOnlyOnFailureTestExecutionListener, org.springframework.boot.test.autoconfigure.web.servlet.WebDriverTestExecutionListener, org.springframework.test.context.web.ServletTestExecutionListener, org.springframework.test.context.support.DirtiesContextBeforeModesTestExecutionListener, org.springframework.test.context.support.DependencyInjectionTestExecutionListener, org.springframework.test.context.support.DirtiesContextTestExecutionListener, org.springframework.test.context.transaction.TransactionalTestExecutionListener, org.springframework.test.context.jdbc.SqlScriptsTestExecutionListener]
[apollo-client][main]2021-11-01 16:19:41,007 INFO  [org.springframework.boot.test.context.SpringBootTestContextBootstrapper] Using TestExecutionListeners: [org.springframework.test.context.support.DirtiesContextBeforeModesTestExecutionListener@30b6ffe0, org.springframework.boot.test.mock.mockito.MockitoTestExecutionListener@791d1f8b, org.springframework.boot.test.autoconfigure.SpringBootDependencyInjectionTestExecutionListener@2415fc55, org.springframework.test.context.support.DirtiesContextTestExecutionListener@14f232c4, org.springframework.boot.test.mock.mockito.ResetMocksTestExecutionListener@13bc8645, org.springframework.boot.test.autoconfigure.restdocs.RestDocsTestExecutionListener@24c22fe, org.springframework.boot.test.autoconfigure.web.client.MockRestServiceServerResetTestExecutionListener@93081b6, org.springframework.boot.test.autoconfigure.web.servlet.MockMvcPrintOnlyOnFailureTestExecutionListener@cd1e646, org.springframework.boot.test.autoconfigure.web.servlet.WebDriverTestExecutionListener@7ba8c737]
[apollo-client][main]2021-11-01 16:19:41,008 INFO  [org.springframework.boot.test.context.SpringBootTestContextBootstrapper] Neither @ContextConfiguration nor @ContextHierarchy found for test class [com.ctrip.framework.apollo.spring.BootstrapConfigTest$TestWithBootstrapEnabledAndDefaultNamespacesAndConditionalOff], using SpringBootContextLoader
[apollo-client][main]2021-11-01 16:19:41,008 INFO  [org.springframework.test.context.support.AbstractContextLoader] Could not detect default resource locations for test class [com.ctrip.framework.apollo.spring.BootstrapConfigTest$TestWithBootstrapEnabledAndDefaultNamespacesAndConditionalOff]: no resource found for suffixes {-context.xml, Context.groovy}.
[apollo-client][main]2021-11-01 16:19:41,013 INFO  [org.springframework.boot.test.context.SpringBootTestContextBootstrapper] Loaded default TestExecutionListener class names from location [META-INF/spring.factories]: [org.springframework.boot.test.mock.mockito.MockitoTestExecutionListener, org.springframework.boot.test.mock.mockito.ResetMocksTestExecutionListener, org.springframework.boot.test.autoconfigure.restdocs.RestDocsTestExecutionListener, org.springframework.boot.test.autoconfigure.web.client.MockRestServiceServerResetTestExecutionListener, org.springframework.boot.test.autoconfigure.web.servlet.MockMvcPrintOnlyOnFailureTestExecutionListener, org.springframework.boot.test.autoconfigure.web.servlet.WebDriverTestExecutionListener, org.springframework.test.context.web.ServletTestExecutionListener, org.springframework.test.context.support.DirtiesContextBeforeModesTestExecutionListener, org.springframework.test.context.support.DependencyInjectionTestExecutionListener, org.springframework.test.context.support.DirtiesContextTestExecutionListener, org.springframework.test.context.transaction.TransactionalTestExecutionListener, org.springframework.test.context.jdbc.SqlScriptsTestExecutionListener]
[apollo-client][main]2021-11-01 16:19:41,015 INFO  [org.springframework.boot.test.context.SpringBootTestContextBootstrapper] Using TestExecutionListeners: [org.springframework.test.context.support.DirtiesContextBeforeModesTestExecutionListener@748741cb, org.springframework.boot.test.mock.mockito.MockitoTestExecutionListener@3e44f2a5, org.springframework.boot.test.autoconfigure.SpringBootDependencyInjectionTestExecutionListener@295cf707, org.springframework.test.context.support.DirtiesContextTestExecutionListener@1130520d, org.springframework.boot.test.mock.mockito.ResetMocksTestExecutionListener@5f77d0f9, org.springframework.boot.test.autoconfigure.restdocs.RestDocsTestExecutionListener@463fd068, org.springframework.boot.test.autoconfigure.web.client.MockRestServiceServerResetTestExecutionListener@895e367, org.springframework.boot.test.autoconfigure.web.servlet.MockMvcPrintOnlyOnFailureTestExecutionListener@1b266842, org.springframework.boot.test.autoconfigure.web.servlet.WebDriverTestExecutionListener@7a3793c7]
[apollo-client][main]2021-11-01 16:19:41,017 INFO  [org.springframework.boot.test.context.SpringBootTestContextBootstrapper] Neither @ContextConfiguration nor @ContextHierarchy found for test class [com.ctrip.framework.apollo.spring.BootstrapConfigTest$TestWithBootstrapEnabledAndDefaultNamespacesAndConditionalOffWithYamlFile], using SpringBootContextLoader
[apollo-client][main]2021-11-01 16:19:41,017 INFO  [org.springframework.test.context.support.AbstractContextLoader] Could not detect default resource locations for test class [com.ctrip.framework.apollo.spring.BootstrapConfigTest$TestWithBootstrapEnabledAndDefaultNamespacesAndConditionalOffWithYamlFile]: no resource found for suffixes {-context.xml, Context.groovy}.
[apollo-client][main]2021-11-01 16:19:41,022 INFO  [org.springframework.boot.test.context.SpringBootTestContextBootstrapper] Loaded default TestExecutionListener class names from location [META-INF/spring.factories]: [org.springframework.boot.test.mock.mockito.MockitoTestExecutionListener, org.springframework.boot.test.mock.mockito.ResetMocksTestExecutionListener, org.springframework.boot.test.autoconfigure.restdocs.RestDocsTestExecutionListener, org.springframework.boot.test.autoconfigure.web.client.MockRestServiceServerResetTestExecutionListener, org.springframework.boot.test.autoconfigure.web.servlet.MockMvcPrintOnlyOnFailureTestExecutionListener, org.springframework.boot.test.autoconfigure.web.servlet.WebDriverTestExecutionListener, org.springframework.test.context.web.ServletTestExecutionListener, org.springframework.test.context.support.DirtiesContextBeforeModesTestExecutionListener, org.springframework.test.context.support.DependencyInjectionTestExecutionListener, org.springframework.test.context.support.DirtiesContextTestExecutionListener, org.springframework.test.context.transaction.TransactionalTestExecutionListener, org.springframework.test.context.jdbc.SqlScriptsTestExecutionListener]
[apollo-client][main]2021-11-01 16:19:41,024 INFO  [org.springframework.boot.test.context.SpringBootTestContextBootstrapper] Using TestExecutionListeners: [org.springframework.test.context.support.DirtiesContextBeforeModesTestExecutionListener@6b58b9e9, org.springframework.boot.test.mock.mockito.MockitoTestExecutionListener@f14a7d4, org.springframework.boot.test.autoconfigure.SpringBootDependencyInjectionTestExecutionListener@52e7a6b2, org.springframework.test.context.support.DirtiesContextTestExecutionListener@29a5f4e7, org.springframework.boot.test.mock.mockito.ResetMocksTestExecutionListener@79c97cb, org.springframework.boot.test.autoconfigure.restdocs.RestDocsTestExecutionListener@2d9caaeb, org.springframework.boot.test.autoconfigure.web.client.MockRestServiceServerResetTestExecutionListener@42a15bdc, org.springframework.boot.test.autoconfigure.web.servlet.MockMvcPrintOnlyOnFailureTestExecutionListener@44a59da3, org.springframework.boot.test.autoconfigure.web.servlet.WebDriverTestExecutionListener@27e47833]
[apollo-client][main]2021-11-01 16:19:41,025 INFO  [org.springframework.boot.test.context.SpringBootTestContextBootstrapper] Neither @ContextConfiguration nor @ContextHierarchy found for test class [com.ctrip.framework.apollo.spring.BootstrapConfigTest$TestWithBootstrapDisabledAndDefaultNamespacesAndConditionalOff], using SpringBootContextLoader
[apollo-client][main]2021-11-01 16:19:41,026 INFO  [org.springframework.test.context.support.AbstractContextLoader] Could not detect default resource locations for test class [com.ctrip.framework.apollo.spring.BootstrapConfigTest$TestWithBootstrapDisabledAndDefaultNamespacesAndConditionalOff]: no resource found for suffixes {-context.xml, Context.groovy}.
[apollo-client][main]2021-11-01 16:19:41,030 INFO  [org.springframework.boot.test.context.SpringBootTestContextBootstrapper] Loaded default TestExecutionListener class names from location [META-INF/spring.factories]: [org.springframework.boot.test.mock.mockito.MockitoTestExecutionListener, org.springframework.boot.test.mock.mockito.ResetMocksTestExecutionListener, org.springframework.boot.test.autoconfigure.restdocs.RestDocsTestExecutionListener, org.springframework.boot.test.autoconfigure.web.client.MockRestServiceServerResetTestExecutionListener, org.springframework.boot.test.autoconfigure.web.servlet.MockMvcPrintOnlyOnFailureTestExecutionListener, org.springframework.boot.test.autoconfigure.web.servlet.WebDriverTestExecutionListener, org.springframework.test.context.web.ServletTestExecutionListener, org.springframework.test.context.support.DirtiesContextBeforeModesTestExecutionListener, org.springframework.test.context.support.DependencyInjectionTestExecutionListener, org.springframework.test.context.support.DirtiesContextTestExecutionListener, org.springframework.test.context.transaction.TransactionalTestExecutionListener, org.springframework.test.context.jdbc.SqlScriptsTestExecutionListener]
[apollo-client][main]2021-11-01 16:19:41,032 INFO  [org.springframework.boot.test.context.SpringBootTestContextBootstrapper] Using TestExecutionListeners: [org.springframework.test.context.support.DirtiesContextBeforeModesTestExecutionListener@5495333e, org.springframework.boot.test.mock.mockito.MockitoTestExecutionListener@2a225dd7, org.springframework.boot.test.autoconfigure.SpringBootDependencyInjectionTestExecutionListener@61eaec38, org.springframework.test.context.support.DirtiesContextTestExecutionListener@125290e5, org.springframework.boot.test.mock.mockito.ResetMocksTestExecutionListener@6fa34d52, org.springframework.boot.test.autoconfigure.restdocs.RestDocsTestExecutionListener@57576994, org.springframework.boot.test.autoconfigure.web.client.MockRestServiceServerResetTestExecutionListener@616ac46a, org.springframework.boot.test.autoconfigure.web.servlet.MockMvcPrintOnlyOnFailureTestExecutionListener@67b9b51a, org.springframework.boot.test.autoconfigure.web.servlet.WebDriverTestExecutionListener@1205bd62]
[apollo-client][main]2021-11-01 16:19:41,325 WARN  [com.ctrip.framework.foundation.internals.provider.DefaultApplicationProvider] app.id is not available from System Property and /META-INF/app.properties. It is set to null
[apollo-client][main]2021-11-01 16:19:41,326 WARN  [com.ctrip.framework.foundation.internals.provider.DefaultApplicationProvider] app.label is not available from System Property and /META-INF/app.properties. It is set to null
[apollo-client][main]2021-11-01 16:19:41,327 INFO  [com.ctrip.framework.foundation.internals.provider.DefaultServerProvider] Environment is set to null. Because it is not available in either (1) JVM system property 'env', (2) OS env variable 'ENV' nor (3) property 'env' from the properties InputStream.
[apollo-client][main]2021-11-01 16:19:41,329 WARN  [com.ctrip.framework.apollo.core.utils.DeprecatedPropertyNotifyUtil] [apollo.configService] is deprecated since 1.9.0 and will be removed in a future version, please use the [apollo.config-service] instead.
[apollo-client][main]2021-11-01 16:19:41,471 WARN  [com.ctrip.framework.apollo.internals.SimpleConfig] Init Apollo Simple Config failed - namespace: someName, reason: 
[apollo-client][main]2021-11-01 16:19:41,471 WARN  [com.ctrip.framework.apollo.internals.SimpleConfig] Could not load config from Apollo, always return default value!

  .   ____          _            __ _ _
 /\\ / ___'_ __ _ _(_)_ __  __ _ \ \ \ \
( ( )\___ | '_ | '_| | '_ \/ _` | \ \ \ \
 \\/  ___)| |_)| | | | | || (_| |  ) ) ) )
  '  |____| .__|_| |_|_| |_\__, | / / / /
 =========|_|==============|___/=/_/_/_/
 :: Spring Boot ::       (v1.5.16.RELEASE)

[apollo-client][main]2021-11-01 16:19:41,809 INFO  [org.springframework.context.annotation.AnnotationConfigApplicationContext] Refreshing org.springframework.context.annotation.AnnotationConfigApplicationContext@4c7a078: startup date [Mon Nov 01 16:19:41 CDT 2021]; root of context hierarchy
[apollo-client][main]2021-11-01 16:19:42,044 WARN  [org.springframework.context.annotation.ConfigurationClassPostProcessor] Cannot enhance @Configuration bean definition 'com.ctrip.framework.apollo.spring.boot.ApolloAutoConfiguration' since its singleton instance has been created too early. The typical cause is a non-static @Bean method with a BeanDefinitionRegistryPostProcessor return type: Consider declaring such methods as 'static'.
[apollo-client][main]2021-11-01 16:19:42,126 INFO  [org.springframework.beans.factory.annotation.AutowiredAnnotationBeanPostProcessor] JSR-330 'javax.inject.Inject' annotation found and supported for autowiring
[apollo-client][main]2021-11-01 16:19:42,307 INFO  [org.springframework.context.annotation.AnnotationConfigApplicationContext] Closing org.springframework.context.annotation.AnnotationConfigApplicationContext@4c7a078: startup date [Mon Nov 01 16:19:41 CDT 2021]; root of context hierarchy
[apollo-client][main]2021-11-01 16:19:42,315 WARN  [com.ctrip.framework.apollo.internals.AbstractConfigFile] Init Apollo Config File failed - namespace: someName, reason: someError.
[apollo-client][main]2021-11-01 16:19:42,315 WARN  [com.ctrip.framework.apollo.internals.AbstractConfigFile] Init Apollo Config File failed - namespace: someName, reason: someError.

  .   ____          _            __ _ _
 /\\ / ___'_ __ _ _(_)_ __  __ _ \ \ \ \
( ( )\___ | '_ | '_| | '_ \/ _` | \ \ \ \
 \\/  ___)| |_)| | | | | || (_| |  ) ) ) )
  '  |____| .__|_| |_|_| |_\__, | / / / /
 =========|_|==============|___/=/_/_/_/
 :: Spring Boot ::       (v1.5.16.RELEASE)

[apollo-client][main]2021-11-01 16:19:42,409 INFO  [org.springframework.context.annotation.AnnotationConfigApplicationContext] Refreshing org.springframework.context.annotation.AnnotationConfigApplicationContext@35fb22a9: startup date [Mon Nov 01 16:19:42 CDT 2021]; root of context hierarchy
[apollo-client][main]2021-11-01 16:19:42,492 WARN  [org.springframework.context.annotation.ConfigurationClassPostProcessor] Cannot enhance @Configuration bean definition 'com.ctrip.framework.apollo.spring.boot.ApolloAutoConfiguration' since its singleton instance has been created too early. The typical cause is a non-static @Bean method with a BeanDefinitionRegistryPostProcessor return type: Consider declaring such methods as 'static'.
[apollo-client][main]2021-11-01 16:19:42,506 INFO  [org.springframework.beans.factory.annotation.AutowiredAnnotationBeanPostProcessor] JSR-330 'javax.inject.Inject' annotation found and supported for autowiring
[apollo-client][main]2021-11-01 16:19:42,562 INFO  [org.springframework.context.annotation.AnnotationConfigApplicationContext] Closing org.springframework.context.annotation.AnnotationConfigApplicationContext@35fb22a9: startup date [Mon Nov 01 16:19:42 CDT 2021]; root of context hierarchy

  .   ____          _            __ _ _
 /\\ / ___'_ __ _ _(_)_ __  __ _ \ \ \ \
( ( )\___ | '_ | '_| | '_ \/ _` | \ \ \ \
 \\/  ___)| |_)| | | | | || (_| |  ) ) ) )
  '  |____| .__|_| |_|_| |_\__, | / / / /
 =========|_|==============|___/=/_/_/_/
 :: Spring Boot ::       (v1.5.16.RELEASE)

[apollo-client][main]2021-11-01 16:19:42,760 INFO  [org.springframework.context.annotation.AnnotationConfigApplicationContext] Refreshing org.springframework.context.annotation.AnnotationConfigApplicationContext@86733: startup date [Mon Nov 01 16:19:42 CDT 2021]; root of context hierarchy
[apollo-client][main]2021-11-01 16:19:42,773 INFO  [org.springframework.beans.factory.annotation.AutowiredAnnotationBeanPostProcessor] JSR-330 'javax.inject.Inject' annotation found and supported for autowiring
[apollo-client][main]2021-11-01 16:19:42,809 INFO  [org.springframework.context.annotation.AnnotationConfigApplicationContext] Closing org.springframework.context.annotation.AnnotationConfigApplicationContext@86733: startup date [Mon Nov 01 16:19:42 CDT 2021]; root of context hierarchy

  .   ____          _            __ _ _
 /\\ / ___'_ __ _ _(_)_ __  __ _ \ \ \ \
( ( )\___ | '_ | '_| | '_ \/ _` | \ \ \ \
 \\/  ___)| |_)| | | | | || (_| |  ) ) ) )
  '  |____| .__|_| |_|_| |_\__, | / / / /
 =========|_|==============|___/=/_/_/_/
 :: Spring Boot ::       (v1.5.16.RELEASE)

[apollo-client][main]2021-11-01 16:19:42,877 INFO  [org.springframework.context.annotation.AnnotationConfigApplicationContext] Refreshing org.springframework.context.annotation.AnnotationConfigApplicationContext@b0e5507: startup date [Mon Nov 01 16:19:42 CDT 2021]; root of context hierarchy
[apollo-client][main]2021-11-01 16:19:42,886 INFO  [org.springframework.beans.factory.annotation.AutowiredAnnotationBeanPostProcessor] JSR-330 'javax.inject.Inject' annotation found and supported for autowiring
[apollo-client][main]2021-11-01 16:19:42,924 INFO  [org.springframework.context.annotation.AnnotationConfigApplicationContext] Closing org.springframework.context.annotation.AnnotationConfigApplicationContext@b0e5507: startup date [Mon Nov 01 16:19:42 CDT 2021]; root of context hierarchy
[apollo-client][main]2021-11-01 16:19:43,131 WARN  [com.ctrip.framework.apollo.internals.DefaultConfig] Init Apollo Local Config failed - namespace: someName, reason: .
[apollo-client][main]2021-11-01 16:19:43,133 WARN  [com.ctrip.framework.apollo.internals.DefaultConfig] Could not load config for namespace someName from Apollo, please check whether the configs are released in Apollo! Return default value now!
[apollo-client][main]2021-11-01 16:19:43,829 INFO  [org.springframework.context.support.ClassPathXmlApplicationContext] Refreshing org.springframework.context.support.ClassPathXmlApplicationContext@608bc8f8: startup date [Mon Nov 01 16:19:43 CDT 2021]; root of context hierarchy
[apollo-client][main]2021-11-01 16:19:43,832 INFO  [org.springframework.beans.factory.xml.XmlBeanDefinitionReader] Loading XML bean definitions from class path resource [spring/XmlConfigAnnotationTest1.xml]
[apollo-client][main]2021-11-01 16:19:43,947 INFO  [org.springframework.context.support.ClassPathXmlApplicationContext] Refreshing org.springframework.context.support.ClassPathXmlApplicationContext@6c6333cd: startup date [Mon Nov 01 16:19:43 CDT 2021]; root of context hierarchy
[apollo-client][main]2021-11-01 16:19:43,948 INFO  [org.springframework.beans.factory.xml.XmlBeanDefinitionReader] Loading XML bean definitions from class path resource [spring/XmlConfigAnnotationTest4.xml]
[apollo-client][main]2021-11-01 16:19:43,986 WARN  [org.springframework.context.support.ClassPathXmlApplicationContext] Exception encountered during context initialization - cancelling refresh attempt: org.springframework.beans.factory.BeanCreationException: Error creating bean with name 'com.ctrip.framework.apollo.spring.XMLConfigAnnotationTest.TestApolloConfigChangeListenerBean2#0' defined in class path resource [spring/XmlConfigAnnotationTest4.xml]: Initialization of bean failed; nested exception is java.lang.IllegalArgumentException: Invalid parameter type: class java.lang.String for method: private void com.ctrip.framework.apollo.spring.XMLConfigAnnotationTest$TestApolloConfigChangeListenerBean2.onChange(java.lang.String), should be ConfigChangeEvent
[apollo-client][main]2021-11-01 16:19:43,991 INFO  [org.springframework.context.support.ClassPathXmlApplicationContext] Refreshing org.springframework.context.support.ClassPathXmlApplicationContext@459b187a: startup date [Mon Nov 01 16:19:43 CDT 2021]; root of context hierarchy
[apollo-client][main]2021-11-01 16:19:43,991 INFO  [org.springframework.beans.factory.xml.XmlBeanDefinitionReader] Loading XML bean definitions from class path resource [spring/XmlConfigAnnotationTest6.xml]
[apollo-client][main]2021-11-01 16:19:44,015 INFO  [org.springframework.context.support.ClassPathXmlApplicationContext] Refreshing org.springframework.context.support.ClassPathXmlApplicationContext@51a6cc2a: startup date [Mon Nov 01 16:19:44 CDT 2021]; root of context hierarchy
[apollo-client][main]2021-11-01 16:19:44,016 INFO  [org.springframework.beans.factory.xml.XmlBeanDefinitionReader] Loading XML bean definitions from class path resource [spring/XmlConfigAnnotationTest3.xml]
[apollo-client][main]2021-11-01 16:19:44,055 INFO  [org.springframework.context.support.ClassPathXmlApplicationContext] Refreshing org.springframework.context.support.ClassPathXmlApplicationContext@9fc9f91: startup date [Mon Nov 01 16:19:44 CDT 2021]; root of context hierarchy
[apollo-client][main]2021-11-01 16:19:44,060 INFO  [org.springframework.beans.factory.xml.XmlBeanDefinitionReader] Loading XML bean definitions from class path resource [spring/XmlConfigAnnotationTest5.xml]
[apollo-client][main]2021-11-01 16:19:44,079 WARN  [org.springframework.context.support.ClassPathXmlApplicationContext] Exception encountered during context initialization - cancelling refresh attempt: org.springframework.beans.factory.BeanCreationException: Error creating bean with name 'com.ctrip.framework.apollo.spring.XMLConfigAnnotationTest.TestApolloConfigChangeListenerBean3#0' defined in class path resource [spring/XmlConfigAnnotationTest5.xml]: Initialization of bean failed; nested exception is java.lang.IllegalArgumentException: Invalid number of parameters: 2 for method: private void com.ctrip.framework.apollo.spring.XMLConfigAnnotationTest$TestApolloConfigChangeListenerBean3.onChange(com.ctrip.framework.apollo.model.ConfigChangeEvent,java.lang.String), should be 1
[apollo-client][main]2021-11-01 16:19:44,087 INFO  [org.springframework.context.support.ClassPathXmlApplicationContext] Refreshing org.springframework.context.support.ClassPathXmlApplicationContext@6f3e19b3: startup date [Mon Nov 01 16:19:44 CDT 2021]; root of context hierarchy
[apollo-client][main]2021-11-01 16:19:44,087 INFO  [org.springframework.beans.factory.xml.XmlBeanDefinitionReader] Loading XML bean definitions from class path resource [spring/XmlConfigAnnotationTest2.xml]
[apollo-client][main]2021-11-01 16:19:44,103 WARN  [org.springframework.context.support.ClassPathXmlApplicationContext] Exception encountered during context initialization - cancelling refresh attempt: org.springframework.beans.factory.BeanCreationException: Error creating bean with name 'com.ctrip.framework.apollo.spring.XMLConfigAnnotationTest.TestApolloConfigBean2#0' defined in class path resource [spring/XmlConfigAnnotationTest2.xml]: Initialization of bean failed; nested exception is java.lang.IllegalArgumentException: Invalid type: class java.lang.String for field: private java.lang.String com.ctrip.framework.apollo.spring.XMLConfigAnnotationTest$TestApolloConfigBean2.config, should be Config

  .   ____          _            __ _ _
 /\\ / ___'_ __ _ _(_)_ __  __ _ \ \ \ \
( ( )\___ | '_ | '_| | '_ \/ _` | \ \ \ \
 \\/  ___)| |_)| | | | | || (_| |  ) ) ) )
  '  |____| .__|_| |_|_| |_\__, | / / / /
 =========|_|==============|___/=/_/_/_/
 :: Spring Boot ::       (v1.5.16.RELEASE)

[apollo-client][main]2021-11-01 16:19:44,165 INFO  [org.springframework.context.annotation.AnnotationConfigApplicationContext] Refreshing org.springframework.context.annotation.AnnotationConfigApplicationContext@61cd1c71: startup date [Mon Nov 01 16:19:44 CDT 2021]; root of context hierarchy
[apollo-client][main]2021-11-01 16:19:44,229 WARN  [org.springframework.context.annotation.ConfigurationClassPostProcessor] Cannot enhance @Configuration bean definition 'com.ctrip.framework.apollo.spring.boot.ApolloAutoConfiguration' since its singleton instance has been created too early. The typical cause is a non-static @Bean method with a BeanDefinitionRegistryPostProcessor return type: Consider declaring such methods as 'static'.
[apollo-client][main]2021-11-01 16:19:44,251 INFO  [org.springframework.beans.factory.annotation.AutowiredAnnotationBeanPostProcessor] JSR-330 'javax.inject.Inject' annotation found and supported for autowiring
[apollo-client][main]2021-11-01 16:19:44,325 INFO  [org.springframework.context.annotation.AnnotationConfigApplicationContext] Closing org.springframework.context.annotation.AnnotationConfigApplicationContext@61cd1c71: startup date [Mon Nov 01 16:19:44 CDT 2021]; root of context hierarchy
[apollo-client][main]2021-11-01 16:19:44,333 WARN  [com.ctrip.framework.apollo.internals.LocalFileConfigRepository] Unable to create local config cache directory /home/ch61/apollo/src/test/resources/config-cache, reason: src/test/resources/config-cache. Will not able to cache config file.
[apollo-client][main]2021-11-01 16:19:44,334 WARN  [com.ctrip.framework.apollo.internals.LocalFileConfigRepository] Persist local cache file /home/ch61/apollo/src/test/resources/config-cache/someApp+someCluster+someName.properties failed, reason: src/test/resources/config-cache/someApp+someCluster+someName.properties (No such file or directory).
[apollo-client][main]2021-11-01 16:19:44,341 WARN  [com.ctrip.framework.apollo.internals.LocalFileConfigRepository] Unable to create local config cache directory /home/ch61/apollo/src/test/resources/config-cache, reason: src/test/resources/config-cache. Will not able to cache config file.
[apollo-client][main]2021-11-01 16:19:44,348 WARN  [com.ctrip.framework.apollo.internals.LocalFileConfigRepository] Unable to create local config cache directory /home/ch61/apollo/src/test/resources/config-cache, reason: src/test/resources/config-cache. Will not able to cache config file.
[apollo-client][main]2021-11-01 16:19:44,349 WARN  [com.ctrip.framework.apollo.internals.LocalFileConfigRepository] Unable to create local config cache directory /home/ch61/apollo/src/test/resources/config-cache, reason: src/test/resources/config-cache. Will not able to cache config file.
java.io.FileNotFoundException: src/test/resources/config-cache/someApp+someCluster+someName.properties (No such file or directory)
	at java.io.FileOutputStream.open0(Native Method)
	at java.io.FileOutputStream.open(FileOutputStream.java:270)
	at java.io.FileOutputStream.<init>(FileOutputStream.java:213)
	at java.io.FileOutputStream.<init>(FileOutputStream.java:162)
	at com.ctrip.framework.apollo.internals.LocalFileConfigRepositoryTest.createLocalCachePropertyFile(LocalFileConfigRepositoryTest.java:228)
	at com.ctrip.framework.apollo.internals.LocalFileConfigRepositoryTest.testLoadConfigWithLocalFile(LocalFileConfigRepositoryTest.java:120)
	at sun.reflect.NativeMethodAccessorImpl.invoke0(Native Method)
	at sun.reflect.NativeMethodAccessorImpl.invoke(NativeMethodAccessorImpl.java:62)
	at sun.reflect.DelegatingMethodAccessorImpl.invoke(DelegatingMethodAccessorImpl.java:43)
	at java.lang.reflect.Method.invoke(Method.java:498)
	at org.junit.runners.model.FrameworkMethod$1.runReflectiveCall(FrameworkMethod.java:50)
	at org.junit.internal.runners.model.ReflectiveCallable.run(ReflectiveCallable.java:12)
	at org.junit.runners.model.FrameworkMethod.invokeExplosively(FrameworkMethod.java:47)
	at org.junit.internal.runners.statements.InvokeMethod.evaluate(InvokeMethod.java:17)
	at org.junit.internal.runners.statements.RunBefores.evaluate(RunBefores.java:26)
	at org.junit.internal.runners.statements.RunAfters.evaluate(RunAfters.java:27)
	at org.junit.runners.ParentRunner.runLeaf(ParentRunner.java:325)
	at org.junit.runners.BlockJUnit4ClassRunner.runChild(BlockJUnit4ClassRunner.java:78)
	at org.junit.runners.BlockJUnit4ClassRunner.runChild(BlockJUnit4ClassRunner.java:57)
	at org.junit.runners.ParentRunner$3.run(ParentRunner.java:290)
	at org.junit.runners.ParentRunner$1.schedule(ParentRunner.java:71)
	at org.junit.runners.ParentRunner.runChildren(ParentRunner.java:288)
	at org.junit.runners.ParentRunner.access$000(ParentRunner.java:58)
	at org.junit.runners.ParentRunner$2.evaluate(ParentRunner.java:268)
	at org.junit.runners.ParentRunner.run(ParentRunner.java:363)
	at org.junit.runners.Suite.runChild(Suite.java:128)
	at org.junit.runners.Suite.runChild(Suite.java:27)
	at org.junit.runners.ParentRunner$3.run(ParentRunner.java:290)
	at org.junit.runners.ParentRunner$1.schedule(ParentRunner.java:71)
	at org.junit.runners.ParentRunner.runChildren(ParentRunner.java:288)
	at org.junit.runners.ParentRunner.access$000(ParentRunner.java:58)
	at org.junit.runners.ParentRunner$2.evaluate(ParentRunner.java:268)
	at org.junit.runners.ParentRunner.run(ParentRunner.java:363)
	at org.junit.runner.JUnitCore.run(JUnitCore.java:137)
	at org.junit.runner.JUnitCore.run(JUnitCore.java:115)
	at edu.illinois.cs.testrunner.execution.JUnitTestExecutor.execute(JUnitTestExecutor.java:259)
	at edu.illinois.cs.testrunner.execution.JUnitTestExecutor.executeWithJUnit4Runner(JUnitTestExecutor.java:327)
	at edu.illinois.cs.testrunner.execution.JUnitTestExecutor.runOrder(JUnitTestExecutor.java:49)
	at edu.illinois.cs.testrunner.execution.Executor$.$anonfun$run$1(Executor.scala:30)
	at scala.runtime.java8.JFunction0$mcV$sp.apply(JFunction0$mcV$sp.java:12)
	at scala.util.Try$.apply(Try.scala:209)
	at edu.illinois.cs.testrunner.execution.Executor$.run(Executor.scala:28)
	at edu.illinois.cs.testrunner.execution.Executor$.main(Executor.scala:18)
	at edu.illinois.cs.testrunner.execution.Executor.main(Executor.scala)
java.io.FileNotFoundException: src/test/resources/config-cache/someApp+someCluster+someName.properties (No such file or directory)
	at java.io.FileOutputStream.open0(Native Method)
	at java.io.FileOutputStream.open(FileOutputStream.java:270)
	at java.io.FileOutputStream.<init>(FileOutputStream.java:213)
	at com.google.common.io.Files$FileByteSink.openStream(Files.java:193)
	at com.google.common.io.Files$FileByteSink.openStream(Files.java:181)
	at com.google.common.io.ByteSink$AsCharSink.openStream(ByteSink.java:149)
	at com.google.common.io.CharSink.write(CharSink.java:94)
	at com.google.common.io.Files.write(Files.java:286)
	at com.ctrip.framework.apollo.internals.LocalFileConfigRepositoryTest.testLoadConfigWithLocalFileAndFallbackRepo(LocalFileConfigRepositoryTest.java:136)
	at sun.reflect.NativeMethodAccessorImpl.invoke0(Native Method)
	at sun.reflect.NativeMethodAccessorImpl.invoke(NativeMethodAccessorImpl.java:62)
	at sun.reflect.DelegatingMethodAccessorImpl.invoke(DelegatingMethodAccessorImpl.java:43)
	at java.lang.reflect.Method.invoke(Method.java:498)
	at org.junit.runners.model.FrameworkMethod$1.runReflectiveCall(FrameworkMethod.java:50)
	at org.junit.internal.runners.model.ReflectiveCallable.run(ReflectiveCallable.java:12)
	at org.junit.runners.model.FrameworkMethod.invokeExplosively(FrameworkMethod.java:47)
	at org.junit.internal.runners.statements.InvokeMethod.evaluate(InvokeMethod.java:17)
	at org.junit.internal.runners.statements.RunBefores.evaluate(RunBefores.java:26)
	at org.junit.internal.runners.statements.RunAfters.evaluate(RunAfters.java:27)
	at org.junit.runners.ParentRunner.runLeaf(ParentRunner.java:325)
	at org.junit.runners.BlockJUnit4ClassRunner.runChild(BlockJUnit4ClassRunner.java:78)
	at org.junit.runners.BlockJUnit4ClassRunner.runChild(BlockJUnit4ClassRunner.java:57)
	at org.junit.runners.ParentRunner$3.run(ParentRunner.java:290)
	at org.junit.runners.ParentRunner$1.schedule(ParentRunner.java:71)
	at org.junit.runners.ParentRunner.runChildren(ParentRunner.java:288)
	at org.junit.runners.ParentRunner.access$000(ParentRunner.java:58)
	at org.junit.runners.ParentRunner$2.evaluate(ParentRunner.java:268)
	at org.junit.runners.ParentRunner.run(ParentRunner.java:363)
	at org.junit.runners.Suite.runChild(Suite.java:128)
	at org.junit.runners.Suite.runChild(Suite.java:27)
	at org.junit.runners.ParentRunner$3.run(ParentRunner.java:290)
	at org.junit.runners.ParentRunner$1.schedule(ParentRunner.java:71)
	at org.junit.runners.ParentRunner.runChildren(ParentRunner.java:288)
	at org.junit.runners.ParentRunner.access$000(ParentRunner.java:58)
	at org.junit.runners.ParentRunner$2.evaluate(ParentRunner.java:268)
	at org.junit.runners.ParentRunner.run(ParentRunner.java:363)
	at org.junit.runner.JUnitCore.run(JUnitCore.java:137)
	at org.junit.runner.JUnitCore.run(JUnitCore.java:115)
	at edu.illinois.cs.testrunner.execution.JUnitTestExecutor.execute(JUnitTestExecutor.java:259)
	at edu.illinois.cs.testrunner.execution.JUnitTestExecutor.executeWithJUnit4Runner(JUnitTestExecutor.java:327)
	at edu.illinois.cs.testrunner.execution.JUnitTestExecutor.runOrder(JUnitTestExecutor.java:49)
	at edu.illinois.cs.testrunner.execution.Executor$.$anonfun$run$1(Executor.scala:30)
	at scala.runtime.java8.JFunction0$mcV$sp.apply(JFunction0$mcV$sp.java:12)
	at scala.util.Try$.apply(Try.scala:209)
	at edu.illinois.cs.testrunner.execution.Executor$.run(Executor.scala:28)
	at edu.illinois.cs.testrunner.execution.Executor$.main(Executor.scala:18)
	at edu.illinois.cs.testrunner.execution.Executor.main(Executor.scala)

  .   ____          _            __ _ _
 /\\ / ___'_ __ _ _(_)_ __  __ _ \ \ \ \
( ( )\___ | '_ | '_| | '_ \/ _` | \ \ \ \
 \\/  ___)| |_)| | | | | || (_| |  ) ) ) )
  '  |____| .__|_| |_|_| |_\__, | / / / /
 =========|_|==============|___/=/_/_/_/
 :: Spring Boot ::       (v1.5.16.RELEASE)

[apollo-client][main]2021-11-01 16:19:44,490 INFO  [org.springframework.context.annotation.AnnotationConfigApplicationContext] Refreshing org.springframework.context.annotation.AnnotationConfigApplicationContext@7a360554: startup date [Mon Nov 01 16:19:44 CDT 2021]; root of context hierarchy
[apollo-client][main]2021-11-01 16:19:44,497 INFO  [org.springframework.beans.factory.annotation.AutowiredAnnotationBeanPostProcessor] JSR-330 'javax.inject.Inject' annotation found and supported for autowiring
[apollo-client][main]2021-11-01 16:19:44,527 INFO  [org.springframework.context.annotation.AnnotationConfigApplicationContext] Closing org.springframework.context.annotation.AnnotationConfigApplicationContext@7a360554: startup date [Mon Nov 01 16:19:44 CDT 2021]; root of context hierarchy

  .   ____          _            __ _ _
 /\\ / ___'_ __ _ _(_)_ __  __ _ \ \ \ \
( ( )\___ | '_ | '_| | '_ \/ _` | \ \ \ \
 \\/  ___)| |_)| | | | | || (_| |  ) ) ) )
  '  |____| .__|_| |_|_| |_\__, | / / / /
 =========|_|==============|___/=/_/_/_/
 :: Spring Boot ::       (v1.5.16.RELEASE)

[apollo-client][main]2021-11-01 16:19:44,577 INFO  [org.springframework.context.annotation.AnnotationConfigApplicationContext] Refreshing org.springframework.context.annotation.AnnotationConfigApplicationContext@78b612c6: startup date [Mon Nov 01 16:19:44 CDT 2021]; root of context hierarchy
[apollo-client][main]2021-11-01 16:19:44,654 WARN  [org.springframework.context.annotation.ConfigurationClassPostProcessor] Cannot enhance @Configuration bean definition 'com.ctrip.framework.apollo.spring.boot.ApolloAutoConfiguration' since its singleton instance has been created too early. The typical cause is a non-static @Bean method with a BeanDefinitionRegistryPostProcessor return type: Consider declaring such methods as 'static'.
[apollo-client][main]2021-11-01 16:19:44,666 INFO  [org.springframework.beans.factory.annotation.AutowiredAnnotationBeanPostProcessor] JSR-330 'javax.inject.Inject' annotation found and supported for autowiring
[apollo-client][main]2021-11-01 16:19:44,721 INFO  [org.springframework.context.annotation.AnnotationConfigApplicationContext] Closing org.springframework.context.annotation.AnnotationConfigApplicationContext@78b612c6: startup date [Mon Nov 01 16:19:44 CDT 2021]; root of context hierarchy
[apollo-client][main]2021-11-01 16:19:44,725 WARN  [com.ctrip.framework.apollo.core.utils.ResourceUtils] No available properties: apollo-env.properties
[apollo-client][main]2021-11-01 16:19:44,850 INFO  [org.eclipse.jetty.util.log] Logging initialized @4935ms to org.eclipse.jetty.util.log.Slf4jLog
[apollo-client][main]2021-11-01 16:19:44,858 WARN  [org.eclipse.jetty.server.handler.ContextHandler] o.e.j.s.h.ContextHandler@1a0c5e9{/,null,UNAVAILABLE} contextPath ends with /*
[apollo-client][main]2021-11-01 16:19:44,894 INFO  [org.eclipse.jetty.server.Server] jetty-9.4.12.v20180830; built: 2018-08-30T13:59:14.071Z; git: 27208684755d94a92186989f695db2d7b21ebc51; jvm 1.8.0_292-8u292-b10-0ubuntu1~18.04-b10
[apollo-client][main]2021-11-01 16:19:44,931 INFO  [org.eclipse.jetty.server.handler.ContextHandler] Started o.e.j.s.h.ContextHandler@1a0c5e9{/configs,null,AVAILABLE}
[apollo-client][main]2021-11-01 16:19:44,938 INFO  [org.eclipse.jetty.server.handler.ContextHandler] Started o.e.j.s.h.ContextHandler@5f14761c{/notifications/v2,null,AVAILABLE}
[apollo-client][main]2021-11-01 16:19:44,938 INFO  [org.eclipse.jetty.server.handler.ContextHandler] Started o.e.j.s.h.ContextHandler@33feb805{/services/config,null,AVAILABLE}
[apollo-client][main]2021-11-01 16:19:44,952 INFO  [org.eclipse.jetty.server.AbstractConnector] Started ServerConnector@3252fbaa{HTTP/1.1,[http/1.1]}{0.0.0.0:40027}
[apollo-client][main]2021-11-01 16:19:44,952 INFO  [org.eclipse.jetty.server.Server] Started @5038ms
[apollo-client][main]2021-11-01 16:19:45,123 INFO  [org.eclipse.jetty.server.AbstractConnector] Stopped ServerConnector@3252fbaa{HTTP/1.1,[http/1.1]}{0.0.0.0:40027}
[apollo-client][main]2021-11-01 16:19:45,124 INFO  [org.eclipse.jetty.server.handler.ContextHandler] Stopped o.e.j.s.h.ContextHandler@33feb805{/services/config,null,UNAVAILABLE}
[apollo-client][main]2021-11-01 16:19:45,124 INFO  [org.eclipse.jetty.server.handler.ContextHandler] Stopped o.e.j.s.h.ContextHandler@5f14761c{/notifications/v2,null,UNAVAILABLE}
[apollo-client][main]2021-11-01 16:19:45,124 INFO  [org.eclipse.jetty.server.handler.ContextHandler] Stopped o.e.j.s.h.ContextHandler@1a0c5e9{/configs,null,UNAVAILABLE}
[apollo-client][main]2021-11-01 16:19:45,125 WARN  [org.eclipse.jetty.server.handler.ContextHandler] o.e.j.s.h.ContextHandler@22f4f8f2{/,null,UNAVAILABLE} contextPath ends with /*
[apollo-client][main]2021-11-01 16:19:45,126 INFO  [org.eclipse.jetty.server.Server] jetty-9.4.12.v20180830; built: 2018-08-30T13:59:14.071Z; git: 27208684755d94a92186989f695db2d7b21ebc51; jvm 1.8.0_292-8u292-b10-0ubuntu1~18.04-b10
[apollo-client][main]2021-11-01 16:19:45,127 INFO  [org.eclipse.jetty.server.handler.ContextHandler] Started o.e.j.s.h.ContextHandler@22f4f8f2{/configs,null,AVAILABLE}
[apollo-client][main]2021-11-01 16:19:45,127 INFO  [org.eclipse.jetty.server.handler.ContextHandler] Started o.e.j.s.h.ContextHandler@59bbb974{/services/config,null,AVAILABLE}
[apollo-client][main]2021-11-01 16:19:45,129 INFO  [org.eclipse.jetty.server.AbstractConnector] Started ServerConnector@7165d530{HTTP/1.1,[http/1.1]}{0.0.0.0:40027}
[apollo-client][main]2021-11-01 16:19:45,129 INFO  [org.eclipse.jetty.server.Server] Started @5215ms
[apollo-client][main]2021-11-01 16:19:47,633 INFO  [org.eclipse.jetty.server.AbstractConnector] Stopped ServerConnector@7165d530{HTTP/1.1,[http/1.1]}{0.0.0.0:40027}
[apollo-client][main]2021-11-01 16:19:47,634 INFO  [org.eclipse.jetty.server.handler.ContextHandler] Stopped o.e.j.s.h.ContextHandler@59bbb974{/services/config,null,UNAVAILABLE}
[apollo-client][main]2021-11-01 16:19:47,634 INFO  [org.eclipse.jetty.server.handler.ContextHandler] Stopped o.e.j.s.h.ContextHandler@22f4f8f2{/configs,null,UNAVAILABLE}
java.util.concurrent.TimeoutException: Waited 2500 milliseconds (plus 104958 nanoseconds delay) for com.google.common.util.concurrent.SettableFuture@12f49ca8[status=PENDING]
	at com.google.common.util.concurrent.AbstractFuture.get(AbstractFuture.java:506)
	at com.google.common.util.concurrent.AbstractFuture$TrustedFuture.get(AbstractFuture.java:109)
[apollo-client][main]2021-11-01 16:19:47,641 WARN  [org.eclipse.jetty.server.handler.ContextHandler] o.e.j.s.h.ContextHandler@625a9c5d{/,null,UNAVAILABLE} contextPath ends with /*
	at com.ctrip.framework.apollo.integration.ConfigIntegrationTest.testRefreshConfig(ConfigIntegrationTest.java:343)
	at sun.reflect.NativeMethodAccessorImpl.invoke0(Native Method)
	at sun.reflect.NativeMethodAccessorImpl.invoke(NativeMethodAccessorImpl.java:62)
	at sun.reflect.DelegatingMethodAccessorImpl.invoke(DelegatingMethodAccessorImpl.java:43)
	at java.lang.reflect.Method.invoke(Method.java:498)
	at org.junit.runners.model.FrameworkMethod$1.runReflectiveCall(FrameworkMethod.java:50)
	at org.junit.internal.runners.model.ReflectiveCallable.run(ReflectiveCallable.java:12)
	at org.junit.runners.model.FrameworkMethod.invokeExplosively(FrameworkMethod.java:47)
	at org.junit.internal.runners.statements.InvokeMethod.evaluate(InvokeMethod.java:17)
	at org.junit.internal.runners.statements.RunBefores.evaluate(RunBefores.java:26)
	at org.junit.internal.runners.statements.RunAfters.evaluate(RunAfters.java:27)
	at org.junit.runners.ParentRunner.runLeaf(ParentRunner.java:325)
	at org.junit.runners.BlockJUnit4ClassRunner.runChild(BlockJUnit4ClassRunner.java:78)
	at org.junit.runners.BlockJUnit4ClassRunner.runChild(BlockJUnit4ClassRunner.java:57)
	at org.junit.runners.ParentRunner$3.run(ParentRunner.java:290)
	at org.junit.runners.ParentRunner$1.schedule(ParentRunner.java:71)
	at org.junit.runners.ParentRunner.runChildren(ParentRunner.java:288)
	at org.junit.runners.ParentRunner.access$000(ParentRunner.java:58)
	at org.junit.runners.ParentRunner$2.evaluate(ParentRunner.java:268)
	at org.junit.internal.runners.statements.RunBefores.evaluate(RunBefores.java:26)
	at org.junit.internal.runners.statements.RunAfters.evaluate(RunAfters.java:27)
	at org.junit.runners.ParentRunner.run(ParentRunner.java:363)
	at org.junit.runners.Suite.runChild(Suite.java:128)
	at org.junit.runners.Suite.runChild(Suite.java:27)
	at org.junit.runners.ParentRunner$3.run(ParentRunner.java:290)
	at org.junit.runners.ParentRunner$1.schedule(ParentRunner.java:71)
	at org.junit.runners.ParentRunner.runChildren(ParentRunner.java:288)
	at org.junit.runners.ParentRunner.access$000(ParentRunner.java:58)
	at org.junit.runners.ParentRunner$2.evaluate(ParentRunner.java:268)
	at org.junit.runners.ParentRunner.run(ParentRunner.java:363)
	at org.junit.runner.JUnitCore.run(JUnitCore.java:137)
	at org.junit.runner.JUnitCore.run(JUnitCore.java:115)
	at edu.illinois.cs.testrunner.execution.JUnitTestExecutor.execute(JUnitTestExecutor.java:259)
	at edu.illinois.cs.testrunner.execution.JUnitTestExecutor.executeWithJUnit4Runner(JUnitTestExecutor.java:327)
	at edu.illinois.cs.testrunner.execution.JUnitTestExecutor.runOrder(JUnitTestExecutor.java:49)
	at edu.illinois.cs.testrunner.execution.Executor$.$anonfun$run$1(Executor.scala:30)
	at scala.runtime.java8.JFunction0$mcV$sp.apply(JFunction0$mcV$sp.java:12)
	at scala.util.Try$.apply(Try.scala:209)
	at edu.illinois.cs.testrunner.execution.Executor$.run(Executor.scala:28)
	at edu.illinois.cs.testrunner.execution.Executor$.main(Executor.scala:18)
	at edu.illinois.cs.testrunner.execution.Executor.main(Executor.scala)
[apollo-client][main]2021-11-01 16:19:47,642 INFO  [org.eclipse.jetty.server.Server] jetty-9.4.12.v20180830; built: 2018-08-30T13:59:14.071Z; git: 27208684755d94a92186989f695db2d7b21ebc51; jvm 1.8.0_292-8u292-b10-0ubuntu1~18.04-b10
[apollo-client][main]2021-11-01 16:19:47,649 INFO  [org.eclipse.jetty.server.handler.ContextHandler] Started o.e.j.s.h.ContextHandler@625a9c5d{/configs,null,AVAILABLE}
[apollo-client][main]2021-11-01 16:19:47,649 INFO  [org.eclipse.jetty.server.handler.ContextHandler] Started o.e.j.s.h.ContextHandler@40f35e52{/services/config,null,AVAILABLE}
[apollo-client][main]2021-11-01 16:19:47,649 INFO  [org.eclipse.jetty.server.AbstractConnector] Started ServerConnector@340d6d89{HTTP/1.1,[http/1.1]}{0.0.0.0:40027}
[apollo-client][main]2021-11-01 16:19:47,650 INFO  [org.eclipse.jetty.server.Server] Started @7736ms
[apollo-client][main]2021-11-01 16:19:47,657 INFO  [org.eclipse.jetty.server.AbstractConnector] Stopped ServerConnector@340d6d89{HTTP/1.1,[http/1.1]}{0.0.0.0:40027}
[apollo-client][main]2021-11-01 16:19:47,658 INFO  [org.eclipse.jetty.server.handler.ContextHandler] Stopped o.e.j.s.h.ContextHandler@40f35e52{/services/config,null,UNAVAILABLE}
[apollo-client][main]2021-11-01 16:19:47,658 INFO  [org.eclipse.jetty.server.handler.ContextHandler] Stopped o.e.j.s.h.ContextHandler@625a9c5d{/configs,null,UNAVAILABLE}
java.lang.AssertionError: expected:<someValue1> but was:<null>
	at org.junit.Assert.fail(Assert.java:88)
	at org.junit.Assert.failNotEquals(Assert.java:834)
	at org.junit.Assert.assertEquals(Assert.java:118)
	at org.junit.Assert.assertEquals(Assert.java:144)
	at com.ctrip.framework.apollo.integration.ConfigIntegrationTest.testOrderGetConfigWithLocalFileAndRemoteConfigError(ConfigIntegrationTest.java:261)
	at sun.reflect.NativeMethodAccessorImpl.invoke0(Native Method)
	at sun.reflect.NativeMethodAccessorImpl.invoke(NativeMethodAccessorImpl.java:62)
	at sun.reflect.DelegatingMethodAccessorImpl.invoke(DelegatingMethodAccessorImpl.java:43)
	at java.lang.reflect.Method.invoke(Method.java:498)
	at org.junit.runners.model.FrameworkMethod$1.runReflectiveCall(FrameworkMethod.java:50)
	at org.junit.internal.runners.model.ReflectiveCallable.run(ReflectiveCallable.java:12)
	at org.junit.runners.model.FrameworkMethod.invokeExplosively(FrameworkMethod.java:47)
	at org.junit.internal.runners.statements.InvokeMethod.evaluate(InvokeMethod.java:17)
	at org.junit.internal.runners.statements.RunBefores.evaluate(RunBefores.java:26)
	at org.junit.internal.runners.statements.RunAfters.evaluate(RunAfters.java:27)
	at org.junit.runners.ParentRunner.runLeaf(ParentRunner.java:325)
	at org.junit.runners.BlockJUnit4ClassRunner.runChild(BlockJUnit4ClassRunner.java:78)
	at org.junit.runners.BlockJUnit4ClassRunner.runChild(BlockJUnit4ClassRunner.java:57)
	at org.junit.runners.ParentRunner$3.run(ParentRunner.java:290)
	at org.junit.runners.ParentRunner$1.schedule(ParentRunner.java:71)
	at org.junit.runners.ParentRunner.runChildren(ParentRunner.java:288)
	at org.junit.runners.ParentRunner.access$000(ParentRunner.java:58)
	at org.junit.runners.ParentRunner$2.evaluate(ParentRunner.java:268)
	at org.junit.internal.runners.statements.RunBefores.evaluate(RunBefores.java:26)
	at org.junit.internal.runners.statements.RunAfters.evaluate(RunAfters.java:27)
	at org.junit.runners.ParentRunner.run(ParentRunner.java:363)
	at org.junit.runners.Suite.runChild(Suite.java:128)
	at org.junit.runners.Suite.runChild(Suite.java:27)
	at org.junit.runners.ParentRunner$3.run(ParentRunner.java:290)
	at org.junit.runners.ParentRunner$1.schedule(ParentRunner.java:71)
	at org.junit.runners.ParentRunner.runChildren(ParentRunner.java:288)
	at org.junit.runners.ParentRunner.access$000(ParentRunner.java:58)
	at org.junit.runners.ParentRunner$2.evaluate(ParentRunner.java:268)
	at org.junit.runners.ParentRunner.run(ParentRunner.java:363)
	at org.junit.runner.JUnitCore.run(JUnitCore.java:137)
	at org.junit.runner.JUnitCore.run(JUnitCore.java:115)
	at edu.illinois.cs.testrunner.execution.JUnitTestExecutor.execute(JUnitTestExecutor.java:259)
	at edu.illinois.cs.testrunner.execution.JUnitTestExecutor.executeWithJUnit4Runner(JUnitTestExecutor.java:327)
	at edu.illinois.cs.testrunner.execution.JUnitTestExecutor.runOrder(JUnitTestExecutor.java:49)
	at edu.illinois.cs.testrunner.execution.Executor$.$anonfun$run$1(Executor.scala:30)
	at scala.runtime.java8.JFunction0$mcV$sp.apply(JFunction0$mcV$sp.java:12)
	at scala.util.Try$.apply(Try.scala:209)
	at edu.illinois.cs.testrunner.execution.Executor$.run(Executor.scala:28)
	at edu.illinois.cs.testrunner.execution.Executor$.main(Executor.scala:18)
	at edu.illinois.cs.testrunner.execution.Executor.main(Executor.scala)
[apollo-client][main]2021-11-01 16:19:47,662 WARN  [org.eclipse.jetty.server.handler.ContextHandler] o.e.j.s.h.ContextHandler@59a79443{/,null,UNAVAILABLE} contextPath ends with /*
[apollo-client][main]2021-11-01 16:19:47,663 INFO  [org.eclipse.jetty.server.Server] jetty-9.4.12.v20180830; built: 2018-08-30T13:59:14.071Z; git: 27208684755d94a92186989f695db2d7b21ebc51; jvm 1.8.0_292-8u292-b10-0ubuntu1~18.04-b10
[apollo-client][main]2021-11-01 16:19:47,669 INFO  [org.eclipse.jetty.server.handler.ContextHandler] Started o.e.j.s.h.ContextHandler@59a79443{/configs,null,AVAILABLE}
[apollo-client][main]2021-11-01 16:19:47,670 INFO  [org.eclipse.jetty.server.handler.ContextHandler] Started o.e.j.s.h.ContextHandler@10a98392{/services/config,null,AVAILABLE}
[apollo-client][main]2021-11-01 16:19:47,670 INFO  [org.eclipse.jetty.server.AbstractConnector] Started ServerConnector@30839e44{HTTP/1.1,[http/1.1]}{0.0.0.0:40027}
[apollo-client][main]2021-11-01 16:19:47,671 INFO  [org.eclipse.jetty.server.Server] Started @7757ms
[apollo-client][main]2021-11-01 16:19:47,674 INFO  [org.eclipse.jetty.server.AbstractConnector] Stopped ServerConnector@30839e44{HTTP/1.1,[http/1.1]}{0.0.0.0:40027}
[apollo-client][main]2021-11-01 16:19:47,674 INFO  [org.eclipse.jetty.server.handler.ContextHandler] Stopped o.e.j.s.h.ContextHandler@10a98392{/services/config,null,UNAVAILABLE}
[apollo-client][main]2021-11-01 16:19:47,674 INFO  [org.eclipse.jetty.server.handler.ContextHandler] Stopped o.e.j.s.h.ContextHandler@59a79443{/configs,null,UNAVAILABLE}
org.junit.ComparisonFailure: expected:<someKey[1]> but was:<someKey[]>
	at org.junit.Assert.assertEquals(Assert.java:115)
	at org.junit.Assert.assertEquals(Assert.java:144)
	at com.ctrip.framework.apollo.integration.ConfigIntegrationTest.testOrderGetConfigWithNoLocalFileButWithRemoteConfig(ConfigIntegrationTest.java:148)
	at sun.reflect.NativeMethodAccessorImpl.invoke0(Native Method)
	at sun.reflect.NativeMethodAccessorImpl.invoke(NativeMethodAccessorImpl.java:62)
	at sun.reflect.DelegatingMethodAccessorImpl.invoke(DelegatingMethodAccessorImpl.java:43)
	at java.lang.reflect.Method.invoke(Method.java:498)
	at org.junit.runners.model.FrameworkMethod$1.runReflectiveCall(FrameworkMethod.java:50)
	at org.junit.internal.runners.model.ReflectiveCallable.run(ReflectiveCallable.java:12)
	at org.junit.runners.model.FrameworkMethod.invokeExplosively(FrameworkMethod.java:47)
	at org.junit.internal.runners.statements.InvokeMethod.evaluate(InvokeMethod.java:17)
	at org.junit.internal.runners.statements.RunBefores.evaluate(RunBefores.java:26)
	at org.junit.internal.runners.statements.RunAfters.evaluate(RunAfters.java:27)
	at org.junit.runners.ParentRunner.runLeaf(ParentRunner.java:325)
	at org.junit.runners.BlockJUnit4ClassRunner.runChild(BlockJUnit4ClassRunner.java:78)
	at org.junit.runners.BlockJUnit4ClassRunner.runChild(BlockJUnit4ClassRunner.java:57)
	at org.junit.runners.ParentRunner$3.run(ParentRunner.java:290)
	at org.junit.runners.ParentRunner$1.schedule(ParentRunner.java:71)
	at org.junit.runners.ParentRunner.runChildren(ParentRunner.java:288)
	at org.junit.runners.ParentRunner.access$000(ParentRunner.java:58)
	at org.junit.runners.ParentRunner$2.evaluate(ParentRunner.java:268)
	at org.junit.internal.runners.statements.RunBefores.evaluate(RunBefores.java:26)
	at org.junit.internal.runners.statements.RunAfters.evaluate(RunAfters.java:27)
	at org.junit.runners.ParentRunner.run(ParentRunner.java:363)
	at org.junit.runners.Suite.runChild(Suite.java:128)
	at org.junit.runners.Suite.runChild(Suite.java:27)
	at org.junit.runners.ParentRunner$3.run(ParentRunner.java:290)
	at org.junit.runners.ParentRunner$1.schedule(ParentRunner.java:71)
	at org.junit.runners.ParentRunner.runChildren(ParentRunner.java:288)
	at org.junit.runners.ParentRunner.access$000(ParentRunner.java:58)
	at org.junit.runners.ParentRunner$2.evaluate(ParentRunner.java:268)
	at org.junit.runners.ParentRunner.run(ParentRunner.java:363)
	at org.junit.runner.JUnitCore.run(JUnitCore.java:137)
	at org.junit.runner.JUnitCore.run(JUnitCore.java:115)
	at edu.illinois.cs.testrunner.execution.JUnitTestExecutor.execute(JUnitTestExecutor.java:259)
	at edu.illinois.cs.testrunner.execution.JUnitTestExecutor.executeWithJUnit4Runner(JUnitTestExecutor.java:327)
	at edu.illinois.cs.testrunner.execution.JUnitTestExecutor.runOrder(JUnitTestExecutor.java:49)
	at edu.illinois.cs.testrunner.execution.Executor$.$anonfun$run$1(Executor.scala:30)
	at scala.runtime.java8.JFunction0$mcV$sp.apply(JFunction0$mcV$sp.java:12)
	at scala.util.Try$.apply(Try.scala:209)
	at edu.illinois.cs.testrunner.execution.Executor$.run(Executor.scala:28)
	at edu.illinois.cs.testrunner.execution.Executor$.main(Executor.scala:18)
	at edu.illinois.cs.testrunner.execution.Executor.main(Executor.scala)
[apollo-client][main]2021-11-01 16:19:47,685 WARN  [org.eclipse.jetty.server.handler.ContextHandler] o.e.j.s.h.ContextHandler@7978e022{/,null,UNAVAILABLE} contextPath ends with /*
[apollo-client][main]2021-11-01 16:19:47,687 INFO  [org.eclipse.jetty.server.Server] jetty-9.4.12.v20180830; built: 2018-08-30T13:59:14.071Z; git: 27208684755d94a92186989f695db2d7b21ebc51; jvm 1.8.0_292-8u292-b10-0ubuntu1~18.04-b10
[apollo-client][main]2021-11-01 16:19:47,688 INFO  [org.eclipse.jetty.server.handler.ContextHandler] Started o.e.j.s.h.ContextHandler@7978e022{/configs,null,AVAILABLE}
[apollo-client][main]2021-11-01 16:19:47,688 INFO  [org.eclipse.jetty.server.handler.ContextHandler] Started o.e.j.s.h.ContextHandler@56382bc9{/services/config,null,AVAILABLE}
[apollo-client][main]2021-11-01 16:19:47,696 INFO  [org.eclipse.jetty.server.AbstractConnector] Started ServerConnector@591a4f8e{HTTP/1.1,[http/1.1]}{0.0.0.0:40027}
[apollo-client][main]2021-11-01 16:19:47,696 INFO  [org.eclipse.jetty.server.Server] Started @7782ms
[apollo-client][main]2021-11-01 16:19:47,702 INFO  [org.eclipse.jetty.server.AbstractConnector] Stopped ServerConnector@591a4f8e{HTTP/1.1,[http/1.1]}{0.0.0.0:40027}
[apollo-client][main]2021-11-01 16:19:47,702 INFO  [org.eclipse.jetty.server.handler.ContextHandler] Stopped o.e.j.s.h.ContextHandler@56382bc9{/services/config,null,UNAVAILABLE}
[apollo-client][main]2021-11-01 16:19:47,702 INFO  [org.eclipse.jetty.server.handler.ContextHandler] Stopped o.e.j.s.h.ContextHandler@7978e022{/configs,null,UNAVAILABLE}
java.util.NoSuchElementException
	at java.util.LinkedHashMap$LinkedHashIterator.nextNode(LinkedHashMap.java:721)
	at java.util.LinkedHashMap$LinkedKeyIterator.next(LinkedHashMap.java:742)
	at com.ctrip.framework.apollo.integration.ConfigIntegrationTest.testOrderGetConfigWithLocalFileAndWithRemoteConfig(ConfigIntegrationTest.java:206)
	at sun.reflect.NativeMethodAccessorImpl.invoke0(Native Method)
	at sun.reflect.NativeMethodAccessorImpl.invoke(NativeMethodAccessorImpl.java:62)
	at sun.reflect.DelegatingMethodAccessorImpl.invoke(DelegatingMethodAccessorImpl.java:43)
	at java.lang.reflect.Method.invoke(Method.java:498)
	at org.junit.runners.model.FrameworkMethod$1.runReflectiveCall(FrameworkMethod.java:50)
	at org.junit.internal.runners.model.ReflectiveCallable.run(ReflectiveCallable.java:12)
	at org.junit.runners.model.FrameworkMethod.invokeExplosively(FrameworkMethod.java:47)
	at org.junit.internal.runners.statements.InvokeMethod.evaluate(InvokeMethod.java:17)
	at org.junit.internal.runners.statements.RunBefores.evaluate(RunBefores.java:26)
	at org.junit.internal.runners.statements.RunAfters.evaluate(RunAfters.java:27)
	at org.junit.runners.ParentRunner.runLeaf(ParentRunner.java:325)
	at org.junit.runners.BlockJUnit4ClassRunner.runChild(BlockJUnit4ClassRunner.java:78)
	at org.junit.runners.BlockJUnit4ClassRunner.runChild(BlockJUnit4ClassRunner.java:57)
	at org.junit.runners.ParentRunner$3.run(ParentRunner.java:290)
	at org.junit.runners.ParentRunner$1.schedule(ParentRunner.java:71)
	at org.junit.runners.ParentRunner.runChildren(ParentRunner.java:288)
	at org.junit.runners.ParentRunner.access$000(ParentRunner.java:58)
	at org.junit.runners.ParentRunner$2.evaluate(ParentRunner.java:268)
	at org.junit.internal.runners.statements.RunBefores.evaluate(RunBefores.java:26)
	at org.junit.internal.runners.statements.RunAfters.evaluate(RunAfters.java:27)
	at org.junit.runners.ParentRunner.run(ParentRunner.java:363)
	at org.junit.runners.Suite.runChild(Suite.java:128)
	at org.junit.runners.Suite.runChild(Suite.java:27)
	at org.junit.runners.ParentRunner$3.run(ParentRunner.java:290)
	at org.junit.runners.ParentRunner$1.schedule(ParentRunner.java:71)
	at org.junit.runners.ParentRunner.runChildren(ParentRunner.java:288)
	at org.junit.runners.ParentRunner.access$000(ParentRunner.java:58)
	at org.junit.runners.ParentRunner$2.evaluate(ParentRunner.java:268)
	at org.junit.runners.ParentRunner.run(ParentRunner.java:363)
	at org.junit.runner.JUnitCore.run(JUnitCore.java:137)
	at org.junit.runner.JUnitCore.run(JUnitCore.java:115)
	at edu.illinois.cs.testrunner.execution.JUnitTestExecutor.execute(JUnitTestExecutor.java:259)
	at edu.illinois.cs.testrunner.execution.JUnitTestExecutor.executeWithJUnit4Runner(JUnitTestExecutor.java:327)
	at edu.illinois.cs.testrunner.execution.JUnitTestExecutor.runOrder(JUnitTestExecutor.java:49)
	at edu.illinois.cs.testrunner.execution.Executor$.$anonfun$run$1(Executor.scala:30)
	at scala.runtime.java8.JFunction0$mcV$sp.apply(JFunction0$mcV$sp.java:12)
	at scala.util.Try$.apply(Try.scala:209)
	at edu.illinois.cs.testrunner.execution.Executor$.run(Executor.scala:28)
	at edu.illinois.cs.testrunner.execution.Executor$.main(Executor.scala:18)
	at edu.illinois.cs.testrunner.execution.Executor.main(Executor.scala)
[apollo-client][main]2021-11-01 16:19:47,705 WARN  [org.eclipse.jetty.server.handler.ContextHandler] o.e.j.s.h.ContextHandler@57c00115{/,null,UNAVAILABLE} contextPath ends with /*
[apollo-client][main]2021-11-01 16:19:47,705 INFO  [org.eclipse.jetty.server.Server] jetty-9.4.12.v20180830; built: 2018-08-30T13:59:14.071Z; git: 27208684755d94a92186989f695db2d7b21ebc51; jvm 1.8.0_292-8u292-b10-0ubuntu1~18.04-b10
[apollo-client][main]2021-11-01 16:19:47,710 INFO  [org.eclipse.jetty.server.handler.ContextHandler] Started o.e.j.s.h.ContextHandler@57c00115{/configs,null,AVAILABLE}
[apollo-client][main]2021-11-01 16:19:47,711 INFO  [org.eclipse.jetty.server.handler.ContextHandler] Started o.e.j.s.h.ContextHandler@5807efad{/services/config,null,AVAILABLE}
[apollo-client][main]2021-11-01 16:19:47,712 INFO  [org.eclipse.jetty.server.AbstractConnector] Started ServerConnector@53a84ff4{HTTP/1.1,[http/1.1]}{0.0.0.0:40027}
[apollo-client][main]2021-11-01 16:19:47,712 INFO  [org.eclipse.jetty.server.Server] Started @7798ms
[apollo-client][main]2021-11-01 16:19:47,714 INFO  [org.eclipse.jetty.server.AbstractConnector] Stopped ServerConnector@53a84ff4{HTTP/1.1,[http/1.1]}{0.0.0.0:40027}
[apollo-client][main]2021-11-01 16:19:47,715 INFO  [org.eclipse.jetty.server.handler.ContextHandler] Stopped o.e.j.s.h.ContextHandler@5807efad{/services/config,null,UNAVAILABLE}
[apollo-client][main]2021-11-01 16:19:47,715 INFO  [org.eclipse.jetty.server.handler.ContextHandler] Stopped o.e.j.s.h.ContextHandler@57c00115{/configs,null,UNAVAILABLE}
org.junit.ComparisonFailure: expected:<[defaultValue0.9625781577393893]> but was:<[anotherValue]>
	at org.junit.Assert.assertEquals(Assert.java:115)
	at org.junit.Assert.assertEquals(Assert.java:144)
	at com.ctrip.framework.apollo.integration.ConfigIntegrationTest.testGetConfigWithNoLocalFileAndRemoteConfigError(ConfigIntegrationTest.java:223)
	at sun.reflect.NativeMethodAccessorImpl.invoke0(Native Method)
	at sun.reflect.NativeMethodAccessorImpl.invoke(NativeMethodAccessorImpl.java:62)
	at sun.reflect.DelegatingMethodAccessorImpl.invoke(DelegatingMethodAccessorImpl.java:43)
	at java.lang.reflect.Method.invoke(Method.java:498)
	at org.junit.runners.model.FrameworkMethod$1.runReflectiveCall(FrameworkMethod.java:50)
	at org.junit.internal.runners.model.ReflectiveCallable.run(ReflectiveCallable.java:12)
	at org.junit.runners.model.FrameworkMethod.invokeExplosively(FrameworkMethod.java:47)
	at org.junit.internal.runners.statements.InvokeMethod.evaluate(InvokeMethod.java:17)
	at org.junit.internal.runners.statements.RunBefores.evaluate(RunBefores.java:26)
	at org.junit.internal.runners.statements.RunAfters.evaluate(RunAfters.java:27)
	at org.junit.runners.ParentRunner.runLeaf(ParentRunner.java:325)
	at org.junit.runners.BlockJUnit4ClassRunner.runChild(BlockJUnit4ClassRunner.java:78)
	at org.junit.runners.BlockJUnit4ClassRunner.runChild(BlockJUnit4ClassRunner.java:57)
	at org.junit.runners.ParentRunner$3.run(ParentRunner.java:290)
	at org.junit.runners.ParentRunner$1.schedule(ParentRunner.java:71)
	at org.junit.runners.ParentRunner.runChildren(ParentRunner.java:288)
	at org.junit.runners.ParentRunner.access$000(ParentRunner.java:58)
	at org.junit.runners.ParentRunner$2.evaluate(ParentRunner.java:268)
	at org.junit.internal.runners.statements.RunBefores.evaluate(RunBefores.java:26)
	at org.junit.internal.runners.statements.RunAfters.evaluate(RunAfters.java:27)
	at org.junit.runners.ParentRunner.run(ParentRunner.java:363)
	at org.junit.runners.Suite.runChild(Suite.java:128)
	at org.junit.runners.Suite.runChild(Suite.java:27)
	at org.junit.runners.ParentRunner$3.run(ParentRunner.java:290)
	at org.junit.runners.ParentRunner$1.schedule(ParentRunner.java:71)
	at org.junit.runners.ParentRunner.runChildren(ParentRunner.java:288)
	at org.junit.runners.ParentRunner.access$000(ParentRunner.java:58)
	at org.junit.runners.ParentRunner$2.evaluate(ParentRunner.java:268)
	at org.junit.runners.ParentRunner.run(ParentRunner.java:363)
	at org.junit.runner.JUnitCore.run(JUnitCore.java:137)
	at org.junit.runner.JUnitCore.run(JUnitCore.java:115)
	at edu.illinois.cs.testrunner.execution.JUnitTestExecutor.execute(JUnitTestExecutor.java:259)
	at edu.illinois.cs.testrunner.execution.JUnitTestExecutor.executeWithJUnit4Runner(JUnitTestExecutor.java:327)
[apollo-client][main]2021-11-01 16:19:47,724 WARN  [org.eclipse.jetty.server.handler.ContextHandler] o.e.j.s.h.ContextHandler@717d7587{/,null,UNAVAILABLE} contextPath ends with /*
[apollo-client][main]2021-11-01 16:19:47,724 INFO  [org.eclipse.jetty.server.Server] jetty-9.4.12.v20180830; built: 2018-08-30T13:59:14.071Z; git: 27208684755d94a92186989f695db2d7b21ebc51; jvm 1.8.0_292-8u292-b10-0ubuntu1~18.04-b10
	at edu.illinois.cs.testrunner.execution.JUnitTestExecutor.runOrder(JUnitTestExecutor.java:49)
	at edu.illinois.cs.testrunner.execution.Executor$.$anonfun$run$1(Executor.scala:30)
	at scala.runtime.java8.JFunction0$mcV$sp.apply(JFunction0$mcV$sp.java:12)
	at scala.util.Try$.apply(Try.scala:209)
	at edu.illinois.cs.testrunner.execution.Executor$.run(Executor.scala:28)
	at edu.illinois.cs.testrunner.execution.Executor$.main(Executor.scala:18)
	at edu.illinois.cs.testrunner.execution.Executor.main(Executor.scala)
[apollo-client][main]2021-11-01 16:19:47,729 INFO  [org.eclipse.jetty.server.handler.ContextHandler] Started o.e.j.s.h.ContextHandler@5731d3a{/services/config,null,AVAILABLE}
[apollo-client][main]2021-11-01 16:19:47,730 INFO  [org.eclipse.jetty.server.handler.ContextHandler] Started o.e.j.s.h.ContextHandler@717d7587{/configs,null,AVAILABLE}
[apollo-client][main]2021-11-01 16:19:47,730 INFO  [org.eclipse.jetty.server.handler.ContextHandler] Started o.e.j.s.h.ContextHandler@6a0f2853{/services/config,null,AVAILABLE}
[apollo-client][main]2021-11-01 16:19:47,732 INFO  [org.eclipse.jetty.server.AbstractConnector] Started ServerConnector@1eff3cfb{HTTP/1.1,[http/1.1]}{0.0.0.0:40027}
[apollo-client][main]2021-11-01 16:19:47,732 INFO  [org.eclipse.jetty.server.Server] Started @7818ms
[apollo-client][main]2021-11-01 16:19:47,735 INFO  [org.eclipse.jetty.server.AbstractConnector] Stopped ServerConnector@1eff3cfb{HTTP/1.1,[http/1.1]}{0.0.0.0:40027}
[apollo-client][main]2021-11-01 16:19:47,735 INFO  [org.eclipse.jetty.server.handler.ContextHandler] Stopped o.e.j.s.h.ContextHandler@6a0f2853{/services/config,null,UNAVAILABLE}
[apollo-client][main]2021-11-01 16:19:47,735 INFO  [org.eclipse.jetty.server.handler.ContextHandler] Stopped o.e.j.s.h.ContextHandler@717d7587{/configs,null,UNAVAILABLE}
[apollo-client][main]2021-11-01 16:19:47,735 INFO  [org.eclipse.jetty.server.handler.ContextHandler] Stopped o.e.j.s.h.ContextHandler@5731d3a{/services/config,null,UNAVAILABLE}
org.junit.ComparisonFailure: expected:<[some]Value> but was:<[another]Value>
	at org.junit.Assert.assertEquals(Assert.java:115)
	at org.junit.Assert.assertEquals(Assert.java:144)
	at com.ctrip.framework.apollo.integration.ConfigIntegrationTest.testGetConfigWithNoLocalFileAndRemoteMetaServiceRetry(ConfigIntegrationTest.java:282)
	at sun.reflect.NativeMethodAccessorImpl.invoke0(Native Method)
	at sun.reflect.NativeMethodAccessorImpl.invoke(NativeMethodAccessorImpl.java:62)
	at sun.reflect.DelegatingMethodAccessorImpl.invoke(DelegatingMethodAccessorImpl.java:43)
	at java.lang.reflect.Method.invoke(Method.java:498)
	at org.junit.runners.model.FrameworkMethod$1.runReflectiveCall(FrameworkMethod.java:50)
	at org.junit.internal.runners.model.ReflectiveCallable.run(ReflectiveCallable.java:12)
	at org.junit.runners.model.FrameworkMethod.invokeExplosively(FrameworkMethod.java:47)
	at org.junit.internal.runners.statements.InvokeMethod.evaluate(InvokeMethod.java:17)
	at org.junit.internal.runners.statements.RunBefores.evaluate(RunBefores.java:26)
	at org.junit.internal.runners.statements.RunAfters.evaluate(RunAfters.java:27)
	at org.junit.runners.ParentRunner.runLeaf(ParentRunner.java:325)
	at org.junit.runners.BlockJUnit4ClassRunner.runChild(BlockJUnit4ClassRunner.java:78)
	at org.junit.runners.BlockJUnit4ClassRunner.runChild(BlockJUnit4ClassRunner.java:57)
	at org.junit.runners.ParentRunner$3.run(ParentRunner.java:290)
	at org.junit.runners.ParentRunner$1.schedule(ParentRunner.java:71)
	at org.junit.runners.ParentRunner.runChildren(ParentRunner.java:288)
	at org.junit.runners.ParentRunner.access$000(ParentRunner.java:58)
	at org.junit.runners.ParentRunner$2.evaluate(ParentRunner.java:268)
	at org.junit.internal.runners.statements.RunBefores.evaluate(RunBefores.java:26)
	at org.junit.internal.runners.statements.RunAfters.evaluate(RunAfters.java:27)
	at org.junit.runners.ParentRunner.run(ParentRunner.java:363)
	at org.junit.runners.Suite.runChild(Suite.java:128)
	at org.junit.runners.Suite.runChild(Suite.java:27)
	at org.junit.runners.ParentRunner$3.run(ParentRunner.java:290)
	at org.junit.runners.ParentRunner$1.schedule(ParentRunner.java:71)
	at org.junit.runners.ParentRunner.runChildren(ParentRunner.java:288)
	at org.junit.runners.ParentRunner.access$000(ParentRunner.java:58)
	at org.junit.runners.ParentRunner$2.evaluate(ParentRunner.java:268)
	at org.junit.runners.ParentRunner.run(ParentRunner.java:363)
	at org.junit.runner.JUnitCore.run(JUnitCore.java:137)
	at org.junit.runner.JUnitCore.run(JUnitCore.java:115)
	at edu.illinois.cs.testrunner.execution.JUnitTestExecutor.execute(JUnitTestExecutor.java:259)
	at edu.illinois.cs.testrunner.execution.JUnitTestExecutor.executeWithJUnit4Runner(JUnitTestExecutor.java:327)
	at edu.illinois.cs.testrunner.execution.JUnitTestExecutor.runOrder(JUnitTestExecutor.java:49)
	at edu.illinois.cs.testrunner.execution.Executor$.$anonfun$run$1(Executor.scala:30)
	at scala.runtime.java8.JFunction0$mcV$sp.apply(JFunction0$mcV$sp.java:12)
	at scala.util.Try$.apply(Try.scala:209)
	at edu.illinois.cs.testrunner.execution.Executor$.run(Executor.scala:28)
	at edu.illinois.cs.testrunner.execution.Executor$.main(Executor.scala:18)
	at edu.illinois.cs.testrunner.execution.Executor.main(Executor.scala)
[apollo-client][main]2021-11-01 16:19:47,740 WARN  [org.eclipse.jetty.server.handler.ContextHandler] o.e.j.s.h.ContextHandler@3976ebfa{/,null,UNAVAILABLE} contextPath ends with /*
[apollo-client][main]2021-11-01 16:19:47,741 INFO  [org.eclipse.jetty.server.Server] jetty-9.4.12.v20180830; built: 2018-08-30T13:59:14.071Z; git: 27208684755d94a92186989f695db2d7b21ebc51; jvm 1.8.0_292-8u292-b10-0ubuntu1~18.04-b10
[apollo-client][main]2021-11-01 16:19:47,743 INFO  [org.eclipse.jetty.server.handler.ContextHandler] Started o.e.j.s.h.ContextHandler@3976ebfa{/configs,null,AVAILABLE}
[apollo-client][main]2021-11-01 16:19:47,743 INFO  [org.eclipse.jetty.server.handler.ContextHandler] Started o.e.j.s.h.ContextHandler@338766de{/notifications/v2,null,AVAILABLE}
[apollo-client][main]2021-11-01 16:19:47,743 INFO  [org.eclipse.jetty.server.handler.ContextHandler] Started o.e.j.s.h.ContextHandler@3b7eac14{/services/config,null,AVAILABLE}
[apollo-client][main]2021-11-01 16:19:47,744 INFO  [org.eclipse.jetty.server.AbstractConnector] Started ServerConnector@4976085{HTTP/1.1,[http/1.1]}{0.0.0.0:40027}
[apollo-client][main]2021-11-01 16:19:47,744 INFO  [org.eclipse.jetty.server.Server] Started @7831ms
[apollo-client][main]2021-11-01 16:19:47,753 INFO  [org.eclipse.jetty.server.AbstractConnector] Stopped ServerConnector@4976085{HTTP/1.1,[http/1.1]}{0.0.0.0:40027}
[apollo-client][main]2021-11-01 16:19:47,753 INFO  [org.eclipse.jetty.server.handler.ContextHandler] Stopped o.e.j.s.h.ContextHandler@3b7eac14{/services/config,null,UNAVAILABLE}
[apollo-client][main]2021-11-01 16:19:47,753 INFO  [org.eclipse.jetty.server.handler.ContextHandler] Stopped o.e.j.s.h.ContextHandler@338766de{/notifications/v2,null,UNAVAILABLE}
[apollo-client][main]2021-11-01 16:19:47,753 INFO  [org.eclipse.jetty.server.handler.ContextHandler] Stopped o.e.j.s.h.ContextHandler@3976ebfa{/configs,null,UNAVAILABLE}
org.junit.ComparisonFailure: expected:<[some]Value> but was:<[another]Value>
	at org.junit.Assert.assertEquals(Assert.java:115)
	at org.junit.Assert.assertEquals(Assert.java:144)
	at com.ctrip.framework.apollo.integration.ConfigIntegrationTest.testLongPollRefreshWithMultipleNamespacesAndOnlyOneNamespaceNotified(ConfigIntegrationTest.java:413)
	at sun.reflect.NativeMethodAccessorImpl.invoke0(Native Method)
	at sun.reflect.NativeMethodAccessorImpl.invoke(NativeMethodAccessorImpl.java:62)
	at sun.reflect.DelegatingMethodAccessorImpl.invoke(DelegatingMethodAccessorImpl.java:43)
	at java.lang.reflect.Method.invoke(Method.java:498)
	at org.junit.runners.model.FrameworkMethod$1.runReflectiveCall(FrameworkMethod.java:50)
	at org.junit.internal.runners.model.ReflectiveCallable.run(ReflectiveCallable.java:12)
	at org.junit.runners.model.FrameworkMethod.invokeExplosively(FrameworkMethod.java:47)
	at org.junit.internal.runners.statements.InvokeMethod.evaluate(InvokeMethod.java:17)
	at org.junit.internal.runners.statements.RunBefores.evaluate(RunBefores.java:26)
	at org.junit.internal.runners.statements.RunAfters.evaluate(RunAfters.java:27)
	at org.junit.runners.ParentRunner.runLeaf(ParentRunner.java:325)
	at org.junit.runners.BlockJUnit4ClassRunner.runChild(BlockJUnit4ClassRunner.java:78)
	at org.junit.runners.BlockJUnit4ClassRunner.runChild(BlockJUnit4ClassRunner.java:57)
	at org.junit.runners.ParentRunner$3.run(ParentRunner.java:290)
	at org.junit.runners.ParentRunner$1.schedule(ParentRunner.java:71)
	at org.junit.runners.ParentRunner.runChildren(ParentRunner.java:288)
	at org.junit.runners.ParentRunner.access$000(ParentRunner.java:58)
	at org.junit.runners.ParentRunner$2.evaluate(ParentRunner.java:268)
	at org.junit.internal.runners.statements.RunBefores.evaluate(RunBefores.java:26)
	at org.junit.internal.runners.statements.RunAfters.evaluate(RunAfters.java:27)
	at org.junit.runners.ParentRunner.run(ParentRunner.java:363)
	at org.junit.runners.Suite.runChild(Suite.java:128)
	at org.junit.runners.Suite.runChild(Suite.java:27)
	at org.junit.runners.ParentRunner$3.run(ParentRunner.java:290)
	at org.junit.runners.ParentRunner$1.schedule(ParentRunner.java:71)
	at org.junit.runners.ParentRunner.runChildren(ParentRunner.java:288)
	at org.junit.runners.ParentRunner.access$000(ParentRunner.java:58)
	at org.junit.runners.ParentRunner$2.evaluate(ParentRunner.java:268)
	at org.junit.runners.ParentRunner.run(ParentRunner.java:363)
	at org.junit.runner.JUnitCore.run(JUnitCore.java:137)
	at org.junit.runner.JUnitCore.run(JUnitCore.java:115)
	at edu.illinois.cs.testrunner.execution.JUnitTestExecutor.execute(JUnitTestExecutor.java:259)
	at edu.illinois.cs.testrunner.execution.JUnitTestExecutor.executeWithJUnit4Runner(JUnitTestExecutor.java:327)
	at edu.illinois.cs.testrunner.execution.JUnitTestExecutor.runOrder(JUnitTestExecutor.java:49)
	at edu.illinois.cs.testrunner.execution.Executor$.$anonfun$run$1(Executor.scala:30)
	at scala.runtime.java8.JFunction0$mcV$sp.apply(JFunction0$mcV$sp.java:12)
	at scala.util.Try$.apply(Try.scala:209)
	at edu.illinois.cs.testrunner.execution.Executor$.run(Executor.scala:28)
	at edu.illinois.cs.testrunner.execution.Executor$.main(Executor.scala:18)
	at edu.illinois.cs.testrunner.execution.Executor.main(Executor.scala)
[apollo-client][main]2021-11-01 16:19:47,758 WARN  [org.eclipse.jetty.server.handler.ContextHandler] o.e.j.s.h.ContextHandler@1697f2b3{/,null,UNAVAILABLE} contextPath ends with /*
[apollo-client][main]2021-11-01 16:19:47,758 INFO  [org.eclipse.jetty.server.Server] jetty-9.4.12.v20180830; built: 2018-08-30T13:59:14.071Z; git: 27208684755d94a92186989f695db2d7b21ebc51; jvm 1.8.0_292-8u292-b10-0ubuntu1~18.04-b10
[apollo-client][main]2021-11-01 16:19:47,761 INFO  [org.eclipse.jetty.server.handler.ContextHandler] Started o.e.j.s.h.ContextHandler@1697f2b3{/configs,null,AVAILABLE}
[apollo-client][main]2021-11-01 16:19:47,761 INFO  [org.eclipse.jetty.server.handler.ContextHandler] Started o.e.j.s.h.ContextHandler@58c1da09{/services/config,null,AVAILABLE}
[apollo-client][main]2021-11-01 16:19:47,762 INFO  [org.eclipse.jetty.server.AbstractConnector] Started ServerConnector@2b2954e1{HTTP/1.1,[http/1.1]}{0.0.0.0:40027}
[apollo-client][main]2021-11-01 16:19:47,762 INFO  [org.eclipse.jetty.server.Server] Started @7849ms
[apollo-client][main]2021-11-01 16:19:47,769 INFO  [org.eclipse.jetty.server.AbstractConnector] Stopped ServerConnector@2b2954e1{HTTP/1.1,[http/1.1]}{0.0.0.0:40027}
[apollo-client][main]2021-11-01 16:19:47,769 INFO  [org.eclipse.jetty.server.handler.ContextHandler] Stopped o.e.j.s.h.ContextHandler@58c1da09{/services/config,null,UNAVAILABLE}
[apollo-client][main]2021-11-01 16:19:47,769 INFO  [org.eclipse.jetty.server.handler.ContextHandler] Stopped o.e.j.s.h.ContextHandler@1697f2b3{/configs,null,UNAVAILABLE}
org.junit.ComparisonFailure: expected:<[some]Value> but was:<[another]Value>
	at org.junit.Assert.assertEquals(Assert.java:115)
	at org.junit.Assert.assertEquals(Assert.java:144)
	at com.ctrip.framework.apollo.integration.ConfigIntegrationTest.testGetConfigWithLocalFileAndRemoteConfigError(ConfigIntegrationTest.java:239)
	at sun.reflect.NativeMethodAccessorImpl.invoke0(Native Method)
	at sun.reflect.NativeMethodAccessorImpl.invoke(NativeMethodAccessorImpl.java:62)
	at sun.reflect.DelegatingMethodAccessorImpl.invoke(DelegatingMethodAccessorImpl.java:43)
	at java.lang.reflect.Method.invoke(Method.java:498)
	at org.junit.runners.model.FrameworkMethod$1.runReflectiveCall(FrameworkMethod.java:50)
	at org.junit.internal.runners.model.ReflectiveCallable.run(ReflectiveCallable.java:12)
	at org.junit.runners.model.FrameworkMethod.invokeExplosively(FrameworkMethod.java:47)
	at org.junit.internal.runners.statements.InvokeMethod.evaluate(InvokeMethod.java:17)
	at org.junit.internal.runners.statements.RunBefores.evaluate(RunBefores.java:26)
	at org.junit.internal.runners.statements.RunAfters.evaluate(RunAfters.java:27)
	at org.junit.runners.ParentRunner.runLeaf(ParentRunner.java:325)
	at org.junit.runners.BlockJUnit4ClassRunner.runChild(BlockJUnit4ClassRunner.java:78)
	at org.junit.runners.BlockJUnit4ClassRunner.runChild(BlockJUnit4ClassRunner.java:57)
	at org.junit.runners.ParentRunner$3.run(ParentRunner.java:290)
	at org.junit.runners.ParentRunner$1.schedule(ParentRunner.java:71)
	at org.junit.runners.ParentRunner.runChildren(ParentRunner.java:288)
	at org.junit.runners.ParentRunner.access$000(ParentRunner.java:58)
	at org.junit.runners.ParentRunner$2.evaluate(ParentRunner.java:268)
	at org.junit.internal.runners.statements.RunBefores.evaluate(RunBefores.java:26)
	at org.junit.internal.runners.statements.RunAfters.evaluate(RunAfters.java:27)
	at org.junit.runners.ParentRunner.run(ParentRunner.java:363)
	at org.junit.runners.Suite.runChild(Suite.java:128)
	at org.junit.runners.Suite.runChild(Suite.java:27)
	at org.junit.runners.ParentRunner$3.run(ParentRunner.java:290)
	at org.junit.runners.ParentRunner$1.schedule(ParentRunner.java:71)
	at org.junit.runners.ParentRunner.runChildren(ParentRunner.java:288)
	at org.junit.runners.ParentRunner.access$000(ParentRunner.java:58)
	at org.junit.runners.ParentRunner$2.evaluate(ParentRunner.java:268)
	at org.junit.runners.ParentRunner.run(ParentRunner.java:363)
	at org.junit.runner.JUnitCore.run(JUnitCore.java:137)
	at org.junit.runner.JUnitCore.run(JUnitCore.java:115)
	at edu.illinois.cs.testrunner.execution.JUnitTestExecutor.execute(JUnitTestExecutor.java:259)
	at edu.illinois.cs.testrunner.execution.JUnitTestExecutor.executeWithJUnit4Runner(JUnitTestExecutor.java:327)
	at edu.illinois.cs.testrunner.execution.JUnitTestExecutor.runOrder(JUnitTestExecutor.java:49)
	at edu.illinois.cs.testrunner.execution.Executor$.$anonfun$run$1(Executor.scala:30)
	at scala.runtime.java8.JFunction0$mcV$sp.apply(JFunction0$mcV$sp.java:12)
	at scala.util.Try$.apply(Try.scala:209)
	at edu.illinois.cs.testrunner.execution.Executor$.run(Executor.scala:28)
	at edu.illinois.cs.testrunner.execution.Executor$.main(Executor.scala:18)
	at edu.illinois.cs.testrunner.execution.Executor.main(Executor.scala)
[apollo-client][main]2021-11-01 16:19:47,771 WARN  [org.eclipse.jetty.server.handler.ContextHandler] o.e.j.s.h.ContextHandler@47e51549{/,null,UNAVAILABLE} contextPath ends with /*
[apollo-client][main]2021-11-01 16:19:47,771 INFO  [org.eclipse.jetty.server.Server] jetty-9.4.12.v20180830; built: 2018-08-30T13:59:14.071Z; git: 27208684755d94a92186989f695db2d7b21ebc51; jvm 1.8.0_292-8u292-b10-0ubuntu1~18.04-b10
[apollo-client][main]2021-11-01 16:19:47,772 INFO  [org.eclipse.jetty.server.handler.ContextHandler] Started o.e.j.s.h.ContextHandler@47e51549{/configs,null,AVAILABLE}
[apollo-client][main]2021-11-01 16:19:47,773 INFO  [org.eclipse.jetty.server.handler.ContextHandler] Started o.e.j.s.h.ContextHandler@234cff57{/services/config,null,AVAILABLE}
[apollo-client][main]2021-11-01 16:19:47,773 INFO  [org.eclipse.jetty.server.AbstractConnector] Started ServerConnector@5e8507f1{HTTP/1.1,[http/1.1]}{0.0.0.0:40027}
[apollo-client][main]2021-11-01 16:19:47,774 INFO  [org.eclipse.jetty.server.Server] Started @7859ms
[apollo-client][main]2021-11-01 16:19:47,783 INFO  [org.eclipse.jetty.server.AbstractConnector] Stopped ServerConnector@5e8507f1{HTTP/1.1,[http/1.1]}{0.0.0.0:40027}
[apollo-client][main]2021-11-01 16:19:47,783 INFO  [org.eclipse.jetty.server.handler.ContextHandler] Stopped o.e.j.s.h.ContextHandler@234cff57{/services/config,null,UNAVAILABLE}
[apollo-client][main]2021-11-01 16:19:47,783 INFO  [org.eclipse.jetty.server.handler.ContextHandler] Stopped o.e.j.s.h.ContextHandler@47e51549{/configs,null,UNAVAILABLE}
[apollo-client][main]2021-11-01 16:19:47,784 WARN  [org.eclipse.jetty.server.handler.ContextHandler] o.e.j.s.h.ContextHandler@6bc24e72{/,null,UNAVAILABLE} contextPath ends with /*
[apollo-client][main]2021-11-01 16:19:47,784 INFO  [org.eclipse.jetty.server.Server] jetty-9.4.12.v20180830; built: 2018-08-30T13:59:14.071Z; git: 27208684755d94a92186989f695db2d7b21ebc51; jvm 1.8.0_292-8u292-b10-0ubuntu1~18.04-b10
[apollo-client][main]2021-11-01 16:19:47,786 INFO  [org.eclipse.jetty.server.handler.ContextHandler] Started o.e.j.s.h.ContextHandler@6bc24e72{/configs,null,AVAILABLE}
[apollo-client][main]2021-11-01 16:19:47,786 INFO  [org.eclipse.jetty.server.handler.ContextHandler] Started o.e.j.s.h.ContextHandler@24eeac69{/services/config,null,AVAILABLE}
[apollo-client][main]2021-11-01 16:19:47,788 INFO  [org.eclipse.jetty.server.AbstractConnector] Started ServerConnector@18539cb1{HTTP/1.1,[http/1.1]}{0.0.0.0:40027}
[apollo-client][main]2021-11-01 16:19:47,788 INFO  [org.eclipse.jetty.server.Server] Started @7875ms
[apollo-client][main]2021-11-01 16:19:47,792 INFO  [org.eclipse.jetty.server.AbstractConnector] Stopped ServerConnector@18539cb1{HTTP/1.1,[http/1.1]}{0.0.0.0:40027}
[apollo-client][main]2021-11-01 16:19:47,792 INFO  [org.eclipse.jetty.server.handler.ContextHandler] Stopped o.e.j.s.h.ContextHandler@24eeac69{/services/config,null,UNAVAILABLE}
[apollo-client][main]2021-11-01 16:19:47,792 INFO  [org.eclipse.jetty.server.handler.ContextHandler] Stopped o.e.j.s.h.ContextHandler@6bc24e72{/configs,null,UNAVAILABLE}
org.junit.ComparisonFailure: expected:<[some]Value> but was:<[another]Value>
	at org.junit.Assert.assertEquals(Assert.java:115)
	at org.junit.Assert.assertEquals(Assert.java:144)
	at com.ctrip.framework.apollo.integration.ConfigIntegrationTest.testGetConfigWithNoLocalFileButWithRemoteConfig(ConfigIntegrationTest.java:125)
	at sun.reflect.NativeMethodAccessorImpl.invoke0(Native Method)
	at sun.reflect.NativeMethodAccessorImpl.invoke(NativeMethodAccessorImpl.java:62)
	at sun.reflect.DelegatingMethodAccessorImpl.invoke(DelegatingMethodAccessorImpl.java:43)
	at java.lang.reflect.Method.invoke(Method.java:498)
	at org.junit.runners.model.FrameworkMethod$1.runReflectiveCall(FrameworkMethod.java:50)
	at org.junit.internal.runners.model.ReflectiveCallable.run(ReflectiveCallable.java:12)
	at org.junit.runners.model.FrameworkMethod.invokeExplosively(FrameworkMethod.java:47)
	at org.junit.internal.runners.statements.InvokeMethod.evaluate(InvokeMethod.java:17)
	at org.junit.internal.runners.statements.RunBefores.evaluate(RunBefores.java:26)
	at org.junit.internal.runners.statements.RunAfters.evaluate(RunAfters.java:27)
	at org.junit.runners.ParentRunner.runLeaf(ParentRunner.java:325)
	at org.junit.runners.BlockJUnit4ClassRunner.runChild(BlockJUnit4ClassRunner.java:78)
	at org.junit.runners.BlockJUnit4ClassRunner.runChild(BlockJUnit4ClassRunner.java:57)
	at org.junit.runners.ParentRunner$3.run(ParentRunner.java:290)
	at org.junit.runners.ParentRunner$1.schedule(ParentRunner.java:71)
	at org.junit.runners.ParentRunner.runChildren(ParentRunner.java:288)
	at org.junit.runners.ParentRunner.access$000(ParentRunner.java:58)
	at org.junit.runners.ParentRunner$2.evaluate(ParentRunner.java:268)
	at org.junit.internal.runners.statements.RunBefores.evaluate(RunBefores.java:26)
	at org.junit.internal.runners.statements.RunAfters.evaluate(RunAfters.java:27)
	at org.junit.runners.ParentRunner.run(ParentRunner.java:363)
	at org.junit.runners.Suite.runChild(Suite.java:128)
	at org.junit.runners.Suite.runChild(Suite.java:27)
	at org.junit.runners.ParentRunner$3.run(ParentRunner.java:290)
	at org.junit.runners.ParentRunner$1.schedule(ParentRunner.java:71)
	at org.junit.runners.ParentRunner.runChildren(ParentRunner.java:288)
	at org.junit.runners.ParentRunner.access$000(ParentRunner.java:58)
	at org.junit.runners.ParentRunner$2.evaluate(ParentRunner.java:268)
	at org.junit.runners.ParentRunner.run(ParentRunner.java:363)
	at org.junit.runner.JUnitCore.run(JUnitCore.java:137)
	at org.junit.runner.JUnitCore.run(JUnitCore.java:115)
	at edu.illinois.cs.testrunner.execution.JUnitTestExecutor.execute(JUnitTestExecutor.java:259)
	at edu.illinois.cs.testrunner.execution.JUnitTestExecutor.executeWithJUnit4Runner(JUnitTestExecutor.java:327)
	at edu.illinois.cs.testrunner.execution.JUnitTestExecutor.runOrder(JUnitTestExecutor.java:49)
	at edu.illinois.cs.testrunner.execution.Executor$.$anonfun$run$1(Executor.scala:30)
	at scala.runtime.java8.JFunction0$mcV$sp.apply(JFunction0$mcV$sp.java:12)
	at scala.util.Try$.apply(Try.scala:209)
	at edu.illinois.cs.testrunner.execution.Executor$.run(Executor.scala:28)
	at edu.illinois.cs.testrunner.execution.Executor$.main(Executor.scala:18)
	at edu.illinois.cs.testrunner.execution.Executor.main(Executor.scala)
[apollo-client][main]2021-11-01 16:19:47,794 WARN  [org.eclipse.jetty.server.handler.ContextHandler] o.e.j.s.h.ContextHandler@1084f78c{/,null,UNAVAILABLE} contextPath ends with /*
[apollo-client][main]2021-11-01 16:19:47,794 INFO  [org.eclipse.jetty.server.Server] jetty-9.4.12.v20180830; built: 2018-08-30T13:59:14.071Z; git: 27208684755d94a92186989f695db2d7b21ebc51; jvm 1.8.0_292-8u292-b10-0ubuntu1~18.04-b10
[apollo-client][main]2021-11-01 16:19:47,797 INFO  [org.eclipse.jetty.server.handler.ContextHandler] Started o.e.j.s.h.ContextHandler@1084f78c{/configs,null,AVAILABLE}
[apollo-client][main]2021-11-01 16:19:47,797 INFO  [org.eclipse.jetty.server.handler.ContextHandler] Started o.e.j.s.h.ContextHandler@1e95b653{/notifications/v2,null,AVAILABLE}
[apollo-client][main]2021-11-01 16:19:47,797 INFO  [org.eclipse.jetty.server.handler.ContextHandler] Started o.e.j.s.h.ContextHandler@6f6c6077{/services/config,null,AVAILABLE}
[apollo-client][main]2021-11-01 16:19:47,800 INFO  [org.eclipse.jetty.server.AbstractConnector] Started ServerConnector@4fc5563d{HTTP/1.1,[http/1.1]}{0.0.0.0:40027}
[apollo-client][main]2021-11-01 16:19:47,800 INFO  [org.eclipse.jetty.server.Server] Started @7886ms
[apollo-client][main]2021-11-01 16:19:47,803 INFO  [org.eclipse.jetty.server.AbstractConnector] Stopped ServerConnector@4fc5563d{HTTP/1.1,[http/1.1]}{0.0.0.0:40027}
[apollo-client][main]2021-11-01 16:19:47,803 INFO  [org.eclipse.jetty.server.handler.ContextHandler] Stopped o.e.j.s.h.ContextHandler@6f6c6077{/services/config,null,UNAVAILABLE}
[apollo-client][main]2021-11-01 16:19:47,803 INFO  [org.eclipse.jetty.server.handler.ContextHandler] Stopped o.e.j.s.h.ContextHandler@1e95b653{/notifications/v2,null,UNAVAILABLE}
[apollo-client][main]2021-11-01 16:19:47,804 INFO  [org.eclipse.jetty.server.handler.ContextHandler] Stopped o.e.j.s.h.ContextHandler@1084f78c{/configs,null,UNAVAILABLE}
org.junit.ComparisonFailure: expected:<[some]Value> but was:<[another]Value>
	at org.junit.Assert.assertEquals(Assert.java:115)
	at org.junit.Assert.assertEquals(Assert.java:144)
	at com.ctrip.framework.apollo.integration.ConfigIntegrationTest.testLongPollRefreshWithMultipleNamespacesAndMultipleNamespaceNotified(ConfigIntegrationTest.java:459)
	at sun.reflect.NativeMethodAccessorImpl.invoke0(Native Method)
	at sun.reflect.NativeMethodAccessorImpl.invoke(NativeMethodAccessorImpl.java:62)
	at sun.reflect.DelegatingMethodAccessorImpl.invoke(DelegatingMethodAccessorImpl.java:43)
	at java.lang.reflect.Method.invoke(Method.java:498)
	at org.junit.runners.model.FrameworkMethod$1.runReflectiveCall(FrameworkMethod.java:50)
	at org.junit.internal.runners.model.ReflectiveCallable.run(ReflectiveCallable.java:12)
	at org.junit.runners.model.FrameworkMethod.invokeExplosively(FrameworkMethod.java:47)
	at org.junit.internal.runners.statements.InvokeMethod.evaluate(InvokeMethod.java:17)
	at org.junit.internal.runners.statements.RunBefores.evaluate(RunBefores.java:26)
	at org.junit.internal.runners.statements.RunAfters.evaluate(RunAfters.java:27)
	at org.junit.runners.ParentRunner.runLeaf(ParentRunner.java:325)
	at org.junit.runners.BlockJUnit4ClassRunner.runChild(BlockJUnit4ClassRunner.java:78)
	at org.junit.runners.BlockJUnit4ClassRunner.runChild(BlockJUnit4ClassRunner.java:57)
	at org.junit.runners.ParentRunner$3.run(ParentRunner.java:290)
	at org.junit.runners.ParentRunner$1.schedule(ParentRunner.java:71)
	at org.junit.runners.ParentRunner.runChildren(ParentRunner.java:288)
	at org.junit.runners.ParentRunner.access$000(ParentRunner.java:58)
	at org.junit.runners.ParentRunner$2.evaluate(ParentRunner.java:268)
	at org.junit.internal.runners.statements.RunBefores.evaluate(RunBefores.java:26)
	at org.junit.internal.runners.statements.RunAfters.evaluate(RunAfters.java:27)
	at org.junit.runners.ParentRunner.run(ParentRunner.java:363)
	at org.junit.runners.Suite.runChild(Suite.java:128)
	at org.junit.runners.Suite.runChild(Suite.java:27)
	at org.junit.runners.ParentRunner$3.run(ParentRunner.java:290)
	at org.junit.runners.ParentRunner$1.schedule(ParentRunner.java:71)
	at org.junit.runners.ParentRunner.runChildren(ParentRunner.java:288)
	at org.junit.runners.ParentRunner.access$000(ParentRunner.java:58)
	at org.junit.runners.ParentRunner$2.evaluate(ParentRunner.java:268)
	at org.junit.runners.ParentRunner.run(ParentRunner.java:363)
	at org.junit.runner.JUnitCore.run(JUnitCore.java:137)
	at org.junit.runner.JUnitCore.run(JUnitCore.java:115)
	at edu.illinois.cs.testrunner.execution.JUnitTestExecutor.execute(JUnitTestExecutor.java:259)
	at edu.illinois.cs.testrunner.execution.JUnitTestExecutor.executeWithJUnit4Runner(JUnitTestExecutor.java:327)
	at edu.illinois.cs.testrunner.execution.JUnitTestExecutor.runOrder(JUnitTestExecutor.java:49)
	at edu.illinois.cs.testrunner.execution.Executor$.$anonfun$run$1(Executor.scala:30)
	at scala.runtime.java8.JFunction0$mcV$sp.apply(JFunction0$mcV$sp.java:12)
	at scala.util.Try$.apply(Try.scala:209)
	at edu.illinois.cs.testrunner.execution.Executor$.run(Executor.scala:28)
	at edu.illinois.cs.testrunner.execution.Executor$.main(Executor.scala:18)
	at edu.illinois.cs.testrunner.execution.Executor.main(Executor.scala)
[apollo-client][main]2021-11-01 16:19:47,806 WARN  [org.eclipse.jetty.server.handler.ContextHandler] o.e.j.s.h.ContextHandler@7be2f29a{/,null,UNAVAILABLE} contextPath ends with /*
[apollo-client][main]2021-11-01 16:19:47,806 INFO  [org.eclipse.jetty.server.Server] jetty-9.4.12.v20180830; built: 2018-08-30T13:59:14.071Z; git: 27208684755d94a92186989f695db2d7b21ebc51; jvm 1.8.0_292-8u292-b10-0ubuntu1~18.04-b10
[apollo-client][main]2021-11-01 16:19:47,807 INFO  [org.eclipse.jetty.server.handler.ContextHandler] Started o.e.j.s.h.ContextHandler@7be2f29a{/configs,null,AVAILABLE}
[apollo-client][main]2021-11-01 16:19:47,808 INFO  [org.eclipse.jetty.server.handler.ContextHandler] Started o.e.j.s.h.ContextHandler@3c380bd8{/services/config,null,AVAILABLE}
[apollo-client][main]2021-11-01 16:19:47,808 INFO  [org.eclipse.jetty.server.AbstractConnector] Started ServerConnector@34b87182{HTTP/1.1,[http/1.1]}{0.0.0.0:40027}
[apollo-client][main]2021-11-01 16:19:47,808 INFO  [org.eclipse.jetty.server.Server] Started @7894ms
[apollo-client][main]2021-11-01 16:19:47,811 INFO  [org.eclipse.jetty.server.AbstractConnector] Stopped ServerConnector@34b87182{HTTP/1.1,[http/1.1]}{0.0.0.0:40027}
[apollo-client][main]2021-11-01 16:19:47,812 INFO  [org.eclipse.jetty.server.handler.ContextHandler] Stopped o.e.j.s.h.ContextHandler@3c380bd8{/services/config,null,UNAVAILABLE}
[apollo-client][main]2021-11-01 16:19:47,812 INFO  [org.eclipse.jetty.server.handler.ContextHandler] Stopped o.e.j.s.h.ContextHandler@7be2f29a{/configs,null,UNAVAILABLE}
org.junit.ComparisonFailure: expected:<[some]Value> but was:<[another]Value>
	at org.junit.Assert.assertEquals(Assert.java:115)
	at org.junit.Assert.assertEquals(Assert.java:144)
	at com.ctrip.framework.apollo.integration.ConfigIntegrationTest.testGetConfigWithNoLocalFileAndRemoteConfigServiceRetry(ConfigIntegrationTest.java:297)
	at sun.reflect.NativeMethodAccessorImpl.invoke0(Native Method)
	at sun.reflect.NativeMethodAccessorImpl.invoke(NativeMethodAccessorImpl.java:62)
	at sun.reflect.DelegatingMethodAccessorImpl.invoke(DelegatingMethodAccessorImpl.java:43)
	at java.lang.reflect.Method.invoke(Method.java:498)
	at org.junit.runners.model.FrameworkMethod$1.runReflectiveCall(FrameworkMethod.java:50)
	at org.junit.internal.runners.model.ReflectiveCallable.run(ReflectiveCallable.java:12)
	at org.junit.runners.model.FrameworkMethod.invokeExplosively(FrameworkMethod.java:47)
	at org.junit.internal.runners.statements.InvokeMethod.evaluate(InvokeMethod.java:17)
	at org.junit.internal.runners.statements.RunBefores.evaluate(RunBefores.java:26)
	at org.junit.internal.runners.statements.RunAfters.evaluate(RunAfters.java:27)
	at org.junit.runners.ParentRunner.runLeaf(ParentRunner.java:325)
	at org.junit.runners.BlockJUnit4ClassRunner.runChild(BlockJUnit4ClassRunner.java:78)
	at org.junit.runners.BlockJUnit4ClassRunner.runChild(BlockJUnit4ClassRunner.java:57)
	at org.junit.runners.ParentRunner$3.run(ParentRunner.java:290)
	at org.junit.runners.ParentRunner$1.schedule(ParentRunner.java:71)
	at org.junit.runners.ParentRunner.runChildren(ParentRunner.java:288)
	at org.junit.runners.ParentRunner.access$000(ParentRunner.java:58)
	at org.junit.runners.ParentRunner$2.evaluate(ParentRunner.java:268)
	at org.junit.internal.runners.statements.RunBefores.evaluate(RunBefores.java:26)
	at org.junit.internal.runners.statements.RunAfters.evaluate(RunAfters.java:27)
	at org.junit.runners.ParentRunner.run(ParentRunner.java:363)
	at org.junit.runners.Suite.runChild(Suite.java:128)
	at org.junit.runners.Suite.runChild(Suite.java:27)
	at org.junit.runners.ParentRunner$3.run(ParentRunner.java:290)
	at org.junit.runners.ParentRunner$1.schedule(ParentRunner.java:71)
	at org.junit.runners.ParentRunner.runChildren(ParentRunner.java:288)
	at org.junit.runners.ParentRunner.access$000(ParentRunner.java:58)
	at org.junit.runners.ParentRunner$2.evaluate(ParentRunner.java:268)
	at org.junit.runners.ParentRunner.run(ParentRunner.java:363)
	at org.junit.runner.JUnitCore.run(JUnitCore.java:137)
	at org.junit.runner.JUnitCore.run(JUnitCore.java:115)
	at edu.illinois.cs.testrunner.execution.JUnitTestExecutor.execute(JUnitTestExecutor.java:259)
	at edu.illinois.cs.testrunner.execution.JUnitTestExecutor.executeWithJUnit4Runner(JUnitTestExecutor.java:327)
	at edu.illinois.cs.testrunner.execution.JUnitTestExecutor.runOrder(JUnitTestExecutor.java:49)
	at edu.illinois.cs.testrunner.execution.Executor$.$anonfun$run$1(Executor.scala:30)
	at scala.runtime.java8.JFunction0$mcV$sp.apply(JFunction0$mcV$sp.java:12)
	at scala.util.Try$.apply(Try.scala:209)
	at edu.illinois.cs.testrunner.execution.Executor$.run(Executor.scala:28)
	at edu.illinois.cs.testrunner.execution.Executor$.main(Executor.scala:18)
	at edu.illinois.cs.testrunner.execution.Executor.main(Executor.scala)
[apollo-client][main]2021-11-01 16:19:47,819 WARN  [com.ctrip.framework.apollo.internals.AbstractConfigRepository] Sync config failed, will retry. Repository class com.ctrip.framework.apollo.internals.RemoteConfigRepository, reason: Load Apollo Config failed - appId: someAppId, cluster: someCluster, namespace: someName, url: http://someServer/configs/someAppId/someCluster/someName?ip=172.22.150.101 [Cause: [status code: 404] Could not find config for namespace - appId: someAppId, cluster: someCluster, namespace: someName, please check whether the configs are released in Apollo!]
[apollo-client][main]2021-11-01 16:19:47,824 WARN  [com.ctrip.framework.apollo.internals.RemoteConfigRepository] Load config failed, will retry in 10 MILLISECONDS. appId: someAppId, cluster: someCluster, namespaces: someName
[apollo-client][main]2021-11-01 16:19:47,835 WARN  [com.ctrip.framework.apollo.internals.AbstractConfigRepository] Sync config failed, will retry. Repository class com.ctrip.framework.apollo.internals.RemoteConfigRepository, reason: Load Apollo Config failed - appId: someAppId, cluster: someCluster, namespace: someName, url: http://someServer/configs/someAppId/someCluster/someName?ip=172.22.150.101 [Cause: [status code: 0] Http request failed due to status code: 0]
[apollo-client][main]2021-11-01 16:19:47,843 WARN  [com.ctrip.framework.apollo.internals.RemoteConfigRepository] Load config failed, will retry in 10 MILLISECONDS. appId: someAppId, cluster: someCluster, namespaces: someName
[apollo-client][main]2021-11-01 16:19:47,854 WARN  [com.ctrip.framework.apollo.internals.AbstractConfigRepository] Sync config failed, will retry. Repository class com.ctrip.framework.apollo.internals.RemoteConfigRepository, reason: Load Apollo Config failed - appId: someAppId, cluster: someCluster, namespace: someName, url: http://someServer/configs/someAppId/someCluster/someName?ip=172.22.150.101 [Cause: [status code: 500] Http request failed due to status code: 500]
[apollo-client][main]2021-11-01 16:19:47,855 WARN  [com.ctrip.framework.apollo.internals.RemoteConfigRepository] Load config failed, will retry in 10 MILLISECONDS. appId: someAppId, cluster: someCluster, namespaces: someName
[apollo-client][main]2021-11-01 16:19:47,956 INFO  [org.springframework.context.annotation.AnnotationConfigApplicationContext] Refreshing org.springframework.context.annotation.AnnotationConfigApplicationContext@939ff41: startup date [Mon Nov 01 16:19:47 CDT 2021]; root of context hierarchy
[apollo-client][main]2021-11-01 16:19:47,972 INFO  [org.springframework.beans.factory.annotation.AutowiredAnnotationBeanPostProcessor] JSR-330 'javax.inject.Inject' annotation found and supported for autowiring
[apollo-client][main]2021-11-01 16:19:48,011 INFO  [org.springframework.context.annotation.AnnotationConfigApplicationContext] Refreshing org.springframework.context.annotation.AnnotationConfigApplicationContext@7ed3df3b: startup date [Mon Nov 01 16:19:48 CDT 2021]; root of context hierarchy
[apollo-client][main]2021-11-01 16:19:48,026 INFO  [org.springframework.beans.factory.annotation.AutowiredAnnotationBeanPostProcessor] JSR-330 'javax.inject.Inject' annotation found and supported for autowiring
[apollo-client][main]2021-11-01 16:19:48,085 INFO  [org.springframework.context.annotation.AnnotationConfigApplicationContext] Refreshing org.springframework.context.annotation.AnnotationConfigApplicationContext@42383cb0: startup date [Mon Nov 01 16:19:48 CDT 2021]; root of context hierarchy
[apollo-client][main]2021-11-01 16:19:48,100 INFO  [org.springframework.beans.factory.annotation.AutowiredAnnotationBeanPostProcessor] JSR-330 'javax.inject.Inject' annotation found and supported for autowiring
[apollo-client][main]2021-11-01 16:19:48,120 WARN  [org.springframework.context.annotation.AnnotationConfigApplicationContext] Exception encountered during context initialization - cancelling refresh attempt: org.springframework.beans.factory.BeanCreationException: Error creating bean with name 'bean' defined in com.ctrip.framework.apollo.spring.JavaConfigAnnotationTest$AppConfig2: Initialization of bean failed; nested exception is java.lang.IllegalArgumentException: Invalid type: class java.lang.String for field: private java.lang.String com.ctrip.framework.apollo.spring.JavaConfigAnnotationTest$TestApolloConfigBean2.config, should be Config
[apollo-client][main]2021-11-01 16:19:48,131 INFO  [org.springframework.context.annotation.AnnotationConfigApplicationContext] Refreshing org.springframework.context.annotation.AnnotationConfigApplicationContext@5b20706: startup date [Mon Nov 01 16:19:48 CDT 2021]; root of context hierarchy
[apollo-client][main]2021-11-01 16:19:48,143 INFO  [org.springframework.beans.factory.annotation.AutowiredAnnotationBeanPostProcessor] JSR-330 'javax.inject.Inject' annotation found and supported for autowiring
[apollo-client][main]2021-11-01 16:19:48,174 INFO  [org.springframework.context.annotation.AnnotationConfigApplicationContext] Refreshing org.springframework.context.annotation.AnnotationConfigApplicationContext@273a5a8a: startup date [Mon Nov 01 16:19:48 CDT 2021]; root of context hierarchy
[apollo-client][main]2021-11-01 16:19:48,185 INFO  [org.springframework.beans.factory.annotation.AutowiredAnnotationBeanPostProcessor] JSR-330 'javax.inject.Inject' annotation found and supported for autowiring
[apollo-client][main]2021-11-01 16:19:48,213 INFO  [org.springframework.context.annotation.AnnotationConfigApplicationContext] Refreshing org.springframework.context.annotation.AnnotationConfigApplicationContext@3bb5ceb: startup date [Mon Nov 01 16:19:48 CDT 2021]; root of context hierarchy
[apollo-client][main]2021-11-01 16:19:48,232 INFO  [org.springframework.beans.factory.annotation.AutowiredAnnotationBeanPostProcessor] JSR-330 'javax.inject.Inject' annotation found and supported for autowiring
[apollo-client][main]2021-11-01 16:19:48,275 INFO  [org.springframework.context.annotation.AnnotationConfigApplicationContext] Refreshing org.springframework.context.annotation.AnnotationConfigApplicationContext@3252747e: startup date [Mon Nov 01 16:19:48 CDT 2021]; root of context hierarchy
[apollo-client][main]2021-11-01 16:19:48,284 INFO  [org.springframework.context.annotation.AnnotationConfigApplicationContext] Refreshing org.springframework.context.annotation.AnnotationConfigApplicationContext@68d6d775: startup date [Mon Nov 01 16:19:48 CDT 2021]; root of context hierarchy
[apollo-client][main]2021-11-01 16:19:48,298 INFO  [org.springframework.beans.factory.annotation.AutowiredAnnotationBeanPostProcessor] JSR-330 'javax.inject.Inject' annotation found and supported for autowiring
[apollo-client][main]2021-11-01 16:19:48,328 INFO  [org.springframework.context.annotation.AnnotationConfigApplicationContext] Refreshing org.springframework.context.annotation.AnnotationConfigApplicationContext@6807a356: startup date [Mon Nov 01 16:19:48 CDT 2021]; root of context hierarchy
[apollo-client][main]2021-11-01 16:19:48,346 INFO  [org.springframework.beans.factory.annotation.AutowiredAnnotationBeanPostProcessor] JSR-330 'javax.inject.Inject' annotation found and supported for autowiring
[apollo-client][main]2021-11-01 16:19:48,377 INFO  [org.springframework.context.annotation.AnnotationConfigApplicationContext] Refreshing org.springframework.context.annotation.AnnotationConfigApplicationContext@6fff46bf: startup date [Mon Nov 01 16:19:48 CDT 2021]; root of context hierarchy
[apollo-client][main]2021-11-01 16:19:48,390 INFO  [org.springframework.beans.factory.annotation.AutowiredAnnotationBeanPostProcessor] JSR-330 'javax.inject.Inject' annotation found and supported for autowiring
[apollo-client][main]2021-11-01 16:19:48,412 INFO  [org.springframework.context.annotation.AnnotationConfigApplicationContext] Refreshing org.springframework.context.annotation.AnnotationConfigApplicationContext@5c9934da: startup date [Mon Nov 01 16:19:48 CDT 2021]; root of context hierarchy
[apollo-client][main]2021-11-01 16:19:48,426 INFO  [org.springframework.beans.factory.annotation.AutowiredAnnotationBeanPostProcessor] JSR-330 'javax.inject.Inject' annotation found and supported for autowiring
[apollo-client][main]2021-11-01 16:19:48,454 INFO  [org.springframework.context.annotation.AnnotationConfigApplicationContext] Refreshing org.springframework.context.annotation.AnnotationConfigApplicationContext@430b2699: startup date [Mon Nov 01 16:19:48 CDT 2021]; root of context hierarchy
[apollo-client][main]2021-11-01 16:19:48,464 INFO  [org.springframework.beans.factory.annotation.AutowiredAnnotationBeanPostProcessor] JSR-330 'javax.inject.Inject' annotation found and supported for autowiring
[apollo-client][main]2021-11-01 16:19:48,483 INFO  [org.springframework.context.annotation.AnnotationConfigApplicationContext] Refreshing org.springframework.context.annotation.AnnotationConfigApplicationContext@7efa3f63: startup date [Mon Nov 01 16:19:48 CDT 2021]; root of context hierarchy
[apollo-client][main]2021-11-01 16:19:48,499 INFO  [org.springframework.beans.factory.annotation.AutowiredAnnotationBeanPostProcessor] JSR-330 'javax.inject.Inject' annotation found and supported for autowiring
[apollo-client][main]2021-11-01 16:19:48,515 WARN  [org.springframework.context.annotation.AnnotationConfigApplicationContext] Exception encountered during context initialization - cancelling refresh attempt: org.springframework.beans.factory.BeanCreationException: Error creating bean with name 'bean' defined in com.ctrip.framework.apollo.spring.JavaConfigAnnotationTest$AppConfig4: Initialization of bean failed; nested exception is java.lang.IllegalArgumentException: Invalid parameter type: class java.lang.String for method: private void com.ctrip.framework.apollo.spring.JavaConfigAnnotationTest$TestApolloConfigChangeListenerBean2.onChange(java.lang.String), should be ConfigChangeEvent
[apollo-client][main]2021-11-01 16:19:48,521 INFO  [org.springframework.context.annotation.AnnotationConfigApplicationContext] Refreshing org.springframework.context.annotation.AnnotationConfigApplicationContext@64e1377c: startup date [Mon Nov 01 16:19:48 CDT 2021]; root of context hierarchy
[apollo-client][main]2021-11-01 16:19:48,531 INFO  [org.springframework.beans.factory.annotation.AutowiredAnnotationBeanPostProcessor] JSR-330 'javax.inject.Inject' annotation found and supported for autowiring
[apollo-client][main]2021-11-01 16:19:48,556 INFO  [org.springframework.context.annotation.AnnotationConfigApplicationContext] Refreshing org.springframework.context.annotation.AnnotationConfigApplicationContext@e784320: startup date [Mon Nov 01 16:19:48 CDT 2021]; root of context hierarchy
[apollo-client][main]2021-11-01 16:19:48,567 INFO  [org.springframework.beans.factory.annotation.AutowiredAnnotationBeanPostProcessor] JSR-330 'javax.inject.Inject' annotation found and supported for autowiring
[apollo-client][main]2021-11-01 16:19:48,579 WARN  [org.springframework.context.annotation.AnnotationConfigApplicationContext] Exception encountered during context initialization - cancelling refresh attempt: org.springframework.beans.factory.BeanCreationException: Error creating bean with name 'javaConfigAnnotationTest.TestApolloConfigChangeListenerUnresolvedPlaceholderConfiguration': Initialization of bean failed; nested exception is java.lang.IllegalArgumentException: Could not resolve placeholder 'i.can.not.be.resolved' in value "${i.can.not.be.resolved}"
[apollo-client][main]2021-11-01 16:19:48,589 INFO  [org.springframework.context.annotation.AnnotationConfigApplicationContext] Refreshing org.springframework.context.annotation.AnnotationConfigApplicationContext@39f5b723: startup date [Mon Nov 01 16:19:48 CDT 2021]; root of context hierarchy
[apollo-client][main]2021-11-01 16:19:48,600 INFO  [org.springframework.beans.factory.annotation.AutowiredAnnotationBeanPostProcessor] JSR-330 'javax.inject.Inject' annotation found and supported for autowiring
[apollo-client][main]2021-11-01 16:19:48,620 INFO  [org.springframework.context.annotation.AnnotationConfigApplicationContext] Refreshing org.springframework.context.annotation.AnnotationConfigApplicationContext@1b410308: startup date [Mon Nov 01 16:19:48 CDT 2021]; root of context hierarchy
[apollo-client][main]2021-11-01 16:19:48,628 INFO  [org.springframework.beans.factory.annotation.AutowiredAnnotationBeanPostProcessor] JSR-330 'javax.inject.Inject' annotation found and supported for autowiring
[apollo-client][main]2021-11-01 16:19:48,639 WARN  [org.springframework.context.annotation.AnnotationConfigApplicationContext] Exception encountered during context initialization - cancelling refresh attempt: org.springframework.beans.factory.BeanCreationException: Error creating bean with name 'javaConfigAnnotationTest.TestApolloConfigUnresolvedExpressionConfiguration': Initialization of bean failed; nested exception is java.lang.IllegalArgumentException: Could not resolve placeholder 'so.complex.to.resolve' in value "${so.complex.to.resolve}"
[apollo-client][main]2021-11-01 16:19:48,644 INFO  [org.springframework.context.annotation.AnnotationConfigApplicationContext] Refreshing org.springframework.context.annotation.AnnotationConfigApplicationContext@6a5e167a: startup date [Mon Nov 01 16:19:48 CDT 2021]; root of context hierarchy
[apollo-client][main]2021-11-01 16:19:48,654 INFO  [org.springframework.beans.factory.annotation.AutowiredAnnotationBeanPostProcessor] JSR-330 'javax.inject.Inject' annotation found and supported for autowiring
[apollo-client][main]2021-11-01 16:19:48,681 INFO  [org.springframework.context.annotation.AnnotationConfigApplicationContext] Refreshing org.springframework.context.annotation.AnnotationConfigApplicationContext@7f7b6639: startup date [Mon Nov 01 16:19:48 CDT 2021]; root of context hierarchy
[apollo-client][main]2021-11-01 16:19:48,695 INFO  [org.springframework.beans.factory.annotation.AutowiredAnnotationBeanPostProcessor] JSR-330 'javax.inject.Inject' annotation found and supported for autowiring
[apollo-client][main]2021-11-01 16:19:48,736 INFO  [org.springframework.context.annotation.AnnotationConfigApplicationContext] Refreshing org.springframework.context.annotation.AnnotationConfigApplicationContext@682abca7: startup date [Mon Nov 01 16:19:48 CDT 2021]; root of context hierarchy
[apollo-client][main]2021-11-01 16:19:48,747 INFO  [org.springframework.beans.factory.annotation.AutowiredAnnotationBeanPostProcessor] JSR-330 'javax.inject.Inject' annotation found and supported for autowiring
[apollo-client][main]2021-11-01 16:19:48,783 INFO  [org.springframework.context.annotation.AnnotationConfigApplicationContext] Refreshing org.springframework.context.annotation.AnnotationConfigApplicationContext@32ec9c90: startup date [Mon Nov 01 16:19:48 CDT 2021]; root of context hierarchy
[apollo-client][main]2021-11-01 16:19:48,791 INFO  [org.springframework.beans.factory.annotation.AutowiredAnnotationBeanPostProcessor] JSR-330 'javax.inject.Inject' annotation found and supported for autowiring
[apollo-client][main]2021-11-01 16:19:48,812 INFO  [org.springframework.context.annotation.AnnotationConfigApplicationContext] Refreshing org.springframework.context.annotation.AnnotationConfigApplicationContext@34d713a2: startup date [Mon Nov 01 16:19:48 CDT 2021]; root of context hierarchy
[apollo-client][main]2021-11-01 16:19:48,827 INFO  [org.springframework.beans.factory.annotation.AutowiredAnnotationBeanPostProcessor] JSR-330 'javax.inject.Inject' annotation found and supported for autowiring
org.mockito.exceptions.verification.TooLittleActualInvocations: 
config.addChangeListener(<any>);
Wanted 3 times:
-> at com.ctrip.framework.apollo.spring.JavaConfigAnnotationTest.testApolloConfigChangeListenerResolveExpressionSimple(JavaConfigAnnotationTest.java:471)
But was 2 times:
-> at com.ctrip.framework.apollo.spring.annotation.ApolloAnnotationProcessor.processApolloConfigChangeListener(ApolloAnnotationProcessor.java:141)

	at com.ctrip.framework.apollo.spring.JavaConfigAnnotationTest.testApolloConfigChangeListenerResolveExpressionSimple(JavaConfigAnnotationTest.java:471)
	at sun.reflect.NativeMethodAccessorImpl.invoke0(Native Method)
	at sun.reflect.NativeMethodAccessorImpl.invoke(NativeMethodAccessorImpl.java:62)
	at sun.reflect.DelegatingMethodAccessorImpl.invoke(DelegatingMethodAccessorImpl.java:43)
	at java.lang.reflect.Method.invoke(Method.java:498)
	at org.junit.runners.model.FrameworkMethod$1.runReflectiveCall(FrameworkMethod.java:50)
	at org.junit.internal.runners.model.ReflectiveCallable.run(ReflectiveCallable.java:12)
	at org.junit.runners.model.FrameworkMethod.invokeExplosively(FrameworkMethod.java:47)
	at org.junit.internal.runners.statements.InvokeMethod.evaluate(InvokeMethod.java:17)
	at org.junit.internal.runners.statements.RunBefores.evaluate(RunBefores.java:26)
	at org.junit.internal.runners.statements.RunAfters.evaluate(RunAfters.java:27)
	at org.junit.runners.ParentRunner.runLeaf(ParentRunner.java:325)
	at org.junit.runners.BlockJUnit4ClassRunner.runChild(BlockJUnit4ClassRunner.java:78)
	at org.junit.runners.BlockJUnit4ClassRunner.runChild(BlockJUnit4ClassRunner.java:57)
	at org.junit.runners.ParentRunner$3.run(ParentRunner.java:290)
	at org.junit.runners.ParentRunner$1.schedule(ParentRunner.java:71)
	at org.junit.runners.ParentRunner.runChildren(ParentRunner.java:288)
	at org.junit.runners.ParentRunner.access$000(ParentRunner.java:58)
	at org.junit.runners.ParentRunner$2.evaluate(ParentRunner.java:268)
	at org.junit.runners.ParentRunner.run(ParentRunner.java:363)
	at org.junit.runners.Suite.runChild(Suite.java:128)
	at org.junit.runners.Suite.runChild(Suite.java:27)
	at org.junit.runners.ParentRunner$3.run(ParentRunner.java:290)
	at org.junit.runners.ParentRunner$1.schedule(ParentRunner.java:71)
	at org.junit.runners.ParentRunner.runChildren(ParentRunner.java:288)
	at org.junit.runners.ParentRunner.access$000(ParentRunner.java:58)
	at org.junit.runners.ParentRunner$2.evaluate(ParentRunner.java:268)
	at org.junit.runners.ParentRunner.run(ParentRunner.java:363)
	at org.junit.runner.JUnitCore.run(JUnitCore.java:137)
	at org.junit.runner.JUnitCore.run(JUnitCore.java:115)
	at edu.illinois.cs.testrunner.execution.JUnitTestExecutor.execute(JUnitTestExecutor.java:259)
	at edu.illinois.cs.testrunner.execution.JUnitTestExecutor.executeWithJUnit4Runner(JUnitTestExecutor.java:327)
	at edu.illinois.cs.testrunner.execution.JUnitTestExecutor.runOrder(JUnitTestExecutor.java:49)
	at edu.illinois.cs.testrunner.execution.Executor$.$anonfun$run$1(Executor.scala:30)
	at scala.runtime.java8.JFunction0$mcV$sp.apply(JFunction0$mcV$sp.java:12)
	at scala.util.Try$.apply(Try.scala:209)
	at edu.illinois.cs.testrunner.execution.Executor$.run(Executor.scala:28)
	at edu.illinois.cs.testrunner.execution.Executor$.main(Executor.scala:18)
	at edu.illinois.cs.testrunner.execution.Executor.main(Executor.scala)
[apollo-client][main]2021-11-01 16:19:48,863 INFO  [org.springframework.context.annotation.AnnotationConfigApplicationContext] Refreshing org.springframework.context.annotation.AnnotationConfigApplicationContext@448b808a: startup date [Mon Nov 01 16:19:48 CDT 2021]; root of context hierarchy
[apollo-client][main]2021-11-01 16:19:48,871 INFO  [org.springframework.beans.factory.annotation.AutowiredAnnotationBeanPostProcessor] JSR-330 'javax.inject.Inject' annotation found and supported for autowiring
[apollo-client][main]2021-11-01 16:19:48,884 WARN  [org.springframework.context.annotation.AnnotationConfigApplicationContext] Exception encountered during context initialization - cancelling refresh attempt: org.springframework.beans.factory.BeanCreationException: Error creating bean with name 'javaConfigAnnotationTest.TestEnableApolloConfigResolveExpressionWithDefaultValueConfiguration': Injection of autowired dependencies failed; nested exception is java.lang.IllegalArgumentException: Could not resolve placeholder 'someKey-2020-11-14-1750' in value "${someKey-2020-11-14-1750}"
[apollo-client][main]2021-11-01 16:19:48,891 INFO  [org.springframework.context.annotation.AnnotationConfigApplicationContext] Refreshing org.springframework.context.annotation.AnnotationConfigApplicationContext@75023c53: startup date [Mon Nov 01 16:19:48 CDT 2021]; root of context hierarchy
[apollo-client][main]2021-11-01 16:19:48,901 INFO  [org.springframework.beans.factory.annotation.AutowiredAnnotationBeanPostProcessor] JSR-330 'javax.inject.Inject' annotation found and supported for autowiring
[apollo-client][main]2021-11-01 16:19:48,915 WARN  [org.springframework.context.annotation.AnnotationConfigApplicationContext] Exception encountered during context initialization - cancelling refresh attempt: org.springframework.beans.factory.BeanCreationException: Error creating bean with name 'bean' defined in com.ctrip.framework.apollo.spring.JavaConfigAnnotationTest$AppConfig5: Initialization of bean failed; nested exception is java.lang.IllegalArgumentException: Invalid number of parameters: 2 for method: private void com.ctrip.framework.apollo.spring.JavaConfigAnnotationTest$TestApolloConfigChangeListenerBean3.onChange(com.ctrip.framework.apollo.model.ConfigChangeEvent,java.lang.String), should be 1
[apollo-client][main]2021-11-01 16:19:48,925 WARN  [com.ctrip.framework.apollo.internals.AbstractConfigFile] Init Apollo Config File failed - namespace: someName, reason: someError.
[apollo-client][main]2021-11-01 16:19:48,930 WARN  [com.ctrip.framework.apollo.internals.AbstractConfigFile] Init Apollo Config File failed - namespace: someName, reason: someError.

  .   ____          _            __ _ _
 /\\ / ___'_ __ _ _(_)_ __  __ _ \ \ \ \
( ( )\___ | '_ | '_| | '_ \/ _` | \ \ \ \
 \\/  ___)| |_)| | | | | || (_| |  ) ) ) )
  '  |____| .__|_| |_|_| |_\__, | / / / /
 =========|_|==============|___/=/_/_/_/
 :: Spring Boot ::       (v1.5.16.RELEASE)

[apollo-client][main]2021-11-01 16:19:48,987 INFO  [org.springframework.context.annotation.AnnotationConfigApplicationContext] Refreshing org.springframework.context.annotation.AnnotationConfigApplicationContext@6c8f60f3: startup date [Mon Nov 01 16:19:48 CDT 2021]; root of context hierarchy
[apollo-client][main]2021-11-01 16:19:49,044 WARN  [org.springframework.context.annotation.ConfigurationClassPostProcessor] Cannot enhance @Configuration bean definition 'com.ctrip.framework.apollo.spring.boot.ApolloAutoConfiguration' since its singleton instance has been created too early. The typical cause is a non-static @Bean method with a BeanDefinitionRegistryPostProcessor return type: Consider declaring such methods as 'static'.
[apollo-client][main]2021-11-01 16:19:49,056 INFO  [org.springframework.beans.factory.annotation.AutowiredAnnotationBeanPostProcessor] JSR-330 'javax.inject.Inject' annotation found and supported for autowiring
[apollo-client][main]2021-11-01 16:19:49,100 INFO  [org.springframework.context.annotation.AnnotationConfigApplicationContext] Closing org.springframework.context.annotation.AnnotationConfigApplicationContext@6c8f60f3: startup date [Mon Nov 01 16:19:48 CDT 2021]; root of context hierarchy
[apollo-client][main]2021-11-01 16:19:49,113 WARN  [com.ctrip.framework.apollo.internals.AbstractConfigFile] Init Apollo Config File failed - namespace: someName, reason: someError.
[apollo-client][main]2021-11-01 16:19:49,116 WARN  [com.ctrip.framework.apollo.internals.AbstractConfigFile] Init Apollo Config File failed - namespace: someName, reason: someError.
[apollo-client][main]2021-11-01 16:19:49,120 WARN  [com.ctrip.framework.apollo.internals.AbstractConfigRepository] Sync config failed, will retry. Repository class com.ctrip.framework.apollo.internals.PropertiesCompatibleFileConfigRepository, reason: PropertiesCompatibleConfigFile.asProperties should never return null
[apollo-client][main]2021-11-01 16:19:49,121 WARN  [com.ctrip.framework.apollo.internals.AbstractConfigRepository] Sync config failed, will retry. Repository class com.ctrip.framework.apollo.internals.PropertiesCompatibleFileConfigRepository, reason: some exception

  .   ____          _            __ _ _
 /\\ / ___'_ __ _ _(_)_ __  __ _ \ \ \ \
( ( )\___ | '_ | '_| | '_ \/ _` | \ \ \ \
 \\/  ___)| |_)| | | | | || (_| |  ) ) ) )
  '  |____| .__|_| |_|_| |_\__, | / / / /
 =========|_|==============|___/=/_/_/_/
 :: Spring Boot ::       (v1.5.16.RELEASE)

[apollo-client][main]2021-11-01 16:19:49,169 INFO  [org.springframework.context.annotation.AnnotationConfigApplicationContext] Refreshing org.springframework.context.annotation.AnnotationConfigApplicationContext@4bc59b27: startup date [Mon Nov 01 16:19:49 CDT 2021]; root of context hierarchy
[apollo-client][main]2021-11-01 16:19:49,224 INFO  [org.springframework.beans.factory.annotation.AutowiredAnnotationBeanPostProcessor] JSR-330 'javax.inject.Inject' annotation found and supported for autowiring
[apollo-client][main]2021-11-01 16:19:49,260 INFO  [org.springframework.context.annotation.AnnotationConfigApplicationContext] Closing org.springframework.context.annotation.AnnotationConfigApplicationContext@4bc59b27: startup date [Mon Nov 01 16:19:49 CDT 2021]; root of context hierarchy
org.junit.ComparisonFailure: expected:<a[pplication:someKey]> but was:<a[notherValue]>
	at org.junit.Assert.assertEquals(Assert.java:115)
	at org.junit.Assert.assertEquals(Assert.java:144)
	at com.ctrip.framework.apollo.ConfigServiceTest.testHackConfigFactory(ConfigServiceTest.java:74)
	at sun.reflect.NativeMethodAccessorImpl.invoke0(Native Method)
	at sun.reflect.NativeMethodAccessorImpl.invoke(NativeMethodAccessorImpl.java:62)
	at sun.reflect.DelegatingMethodAccessorImpl.invoke(DelegatingMethodAccessorImpl.java:43)
	at java.lang.reflect.Method.invoke(Method.java:498)
	at org.junit.runners.model.FrameworkMethod$1.runReflectiveCall(FrameworkMethod.java:50)
	at org.junit.internal.runners.model.ReflectiveCallable.run(ReflectiveCallable.java:12)
	at org.junit.runners.model.FrameworkMethod.invokeExplosively(FrameworkMethod.java:47)
	at org.junit.internal.runners.statements.InvokeMethod.evaluate(InvokeMethod.java:17)
	at org.junit.internal.runners.statements.RunBefores.evaluate(RunBefores.java:26)
	at org.junit.internal.runners.statements.RunAfters.evaluate(RunAfters.java:27)
	at org.junit.runners.ParentRunner.runLeaf(ParentRunner.java:325)
	at org.junit.runners.BlockJUnit4ClassRunner.runChild(BlockJUnit4ClassRunner.java:78)
	at org.junit.runners.BlockJUnit4ClassRunner.runChild(BlockJUnit4ClassRunner.java:57)
	at org.junit.runners.ParentRunner$3.run(ParentRunner.java:290)
	at org.junit.runners.ParentRunner$1.schedule(ParentRunner.java:71)
	at org.junit.runners.ParentRunner.runChildren(ParentRunner.java:288)
	at org.junit.runners.ParentRunner.access$000(ParentRunner.java:58)
	at org.junit.runners.ParentRunner$2.evaluate(ParentRunner.java:268)
	at org.junit.runners.ParentRunner.run(ParentRunner.java:363)
	at org.junit.runners.Suite.runChild(Suite.java:128)
	at org.junit.runners.Suite.runChild(Suite.java:27)
	at org.junit.runners.ParentRunner$3.run(ParentRunner.java:290)
	at org.junit.runners.ParentRunner$1.schedule(ParentRunner.java:71)
	at org.junit.runners.ParentRunner.runChildren(ParentRunner.java:288)
	at org.junit.runners.ParentRunner.access$000(ParentRunner.java:58)
	at org.junit.runners.ParentRunner$2.evaluate(ParentRunner.java:268)
	at org.junit.runners.ParentRunner.run(ParentRunner.java:363)
	at org.junit.runner.JUnitCore.run(JUnitCore.java:137)
	at org.junit.runner.JUnitCore.run(JUnitCore.java:115)
	at edu.illinois.cs.testrunner.execution.JUnitTestExecutor.execute(JUnitTestExecutor.java:259)
	at edu.illinois.cs.testrunner.execution.JUnitTestExecutor.executeWithJUnit4Runner(JUnitTestExecutor.java:327)
	at edu.illinois.cs.testrunner.execution.JUnitTestExecutor.runOrder(JUnitTestExecutor.java:49)
	at edu.illinois.cs.testrunner.execution.Executor$.$anonfun$run$1(Executor.scala:30)
	at scala.runtime.java8.JFunction0$mcV$sp.apply(JFunction0$mcV$sp.java:12)
	at scala.util.Try$.apply(Try.scala:209)
	at edu.illinois.cs.testrunner.execution.Executor$.run(Executor.scala:28)
	at edu.illinois.cs.testrunner.execution.Executor$.main(Executor.scala:18)
	at edu.illinois.cs.testrunner.execution.Executor.main(Executor.scala)
