[apollo-client][main]2021-11-01 16:17:23,938 INFO  [org.springframework.boot.test.context.SpringBootTestContextBootstrapper] Neither @ContextConfiguration nor @ContextHierarchy found for test class [com.ctrip.framework.apollo.spring.BootstrapConfigTest$TestWithBootstrapEnabledAndDefaultNamespacesAndConditionalOnFailed], using SpringBootContextLoader
[apollo-client][main]2021-11-01 16:17:23,943 INFO  [org.springframework.test.context.support.AbstractContextLoader] Could not detect default resource locations for test class [com.ctrip.framework.apollo.spring.BootstrapConfigTest$TestWithBootstrapEnabledAndDefaultNamespacesAndConditionalOnFailed]: no resource found for suffixes {-context.xml, Context.groovy}.
[apollo-client][main]2021-11-01 16:17:23,984 INFO  [org.springframework.boot.test.context.SpringBootTestContextBootstrapper] Loaded default TestExecutionListener class names from location [META-INF/spring.factories]: [org.springframework.boot.test.mock.mockito.MockitoTestExecutionListener, org.springframework.boot.test.mock.mockito.ResetMocksTestExecutionListener, org.springframework.boot.test.autoconfigure.restdocs.RestDocsTestExecutionListener, org.springframework.boot.test.autoconfigure.web.client.MockRestServiceServerResetTestExecutionListener, org.springframework.boot.test.autoconfigure.web.servlet.MockMvcPrintOnlyOnFailureTestExecutionListener, org.springframework.boot.test.autoconfigure.web.servlet.WebDriverTestExecutionListener, org.springframework.test.context.web.ServletTestExecutionListener, org.springframework.test.context.support.DirtiesContextBeforeModesTestExecutionListener, org.springframework.test.context.support.DependencyInjectionTestExecutionListener, org.springframework.test.context.support.DirtiesContextTestExecutionListener, org.springframework.test.context.transaction.TransactionalTestExecutionListener, org.springframework.test.context.jdbc.SqlScriptsTestExecutionListener]
[apollo-client][main]2021-11-01 16:17:23,993 INFO  [org.springframework.boot.test.context.SpringBootTestContextBootstrapper] Using TestExecutionListeners: [org.springframework.test.context.support.DirtiesContextBeforeModesTestExecutionListener@25be7b63, org.springframework.boot.test.mock.mockito.MockitoTestExecutionListener@28dcca0c, org.springframework.boot.test.autoconfigure.SpringBootDependencyInjectionTestExecutionListener@45d84a20, org.springframework.test.context.support.DirtiesContextTestExecutionListener@52f27fbd, org.springframework.boot.test.mock.mockito.ResetMocksTestExecutionListener@4c163e3, org.springframework.boot.test.autoconfigure.restdocs.RestDocsTestExecutionListener@4a8355dd, org.springframework.boot.test.autoconfigure.web.client.MockRestServiceServerResetTestExecutionListener@4d0d9fe7, org.springframework.boot.test.autoconfigure.web.servlet.MockMvcPrintOnlyOnFailureTestExecutionListener@c430e6c, org.springframework.boot.test.autoconfigure.web.servlet.WebDriverTestExecutionListener@312aa7c]
[apollo-client][main]2021-11-01 16:17:23,994 INFO  [org.springframework.boot.test.context.SpringBootTestContextBootstrapper] Neither @ContextConfiguration nor @ContextHierarchy found for test class [com.ctrip.framework.apollo.spring.BootstrapConfigTest$TestWithBootstrapEnabledAndDefaultNamespacesAndConditionalOff], using SpringBootContextLoader
[apollo-client][main]2021-11-01 16:17:23,994 INFO  [org.springframework.test.context.support.AbstractContextLoader] Could not detect default resource locations for test class [com.ctrip.framework.apollo.spring.BootstrapConfigTest$TestWithBootstrapEnabledAndDefaultNamespacesAndConditionalOff]: no resource found for suffixes {-context.xml, Context.groovy}.
[apollo-client][main]2021-11-01 16:17:24,001 INFO  [org.springframework.boot.test.context.SpringBootTestContextBootstrapper] Loaded default TestExecutionListener class names from location [META-INF/spring.factories]: [org.springframework.boot.test.mock.mockito.MockitoTestExecutionListener, org.springframework.boot.test.mock.mockito.ResetMocksTestExecutionListener, org.springframework.boot.test.autoconfigure.restdocs.RestDocsTestExecutionListener, org.springframework.boot.test.autoconfigure.web.client.MockRestServiceServerResetTestExecutionListener, org.springframework.boot.test.autoconfigure.web.servlet.MockMvcPrintOnlyOnFailureTestExecutionListener, org.springframework.boot.test.autoconfigure.web.servlet.WebDriverTestExecutionListener, org.springframework.test.context.web.ServletTestExecutionListener, org.springframework.test.context.support.DirtiesContextBeforeModesTestExecutionListener, org.springframework.test.context.support.DependencyInjectionTestExecutionListener, org.springframework.test.context.support.DirtiesContextTestExecutionListener, org.springframework.test.context.transaction.TransactionalTestExecutionListener, org.springframework.test.context.jdbc.SqlScriptsTestExecutionListener]
[apollo-client][main]2021-11-01 16:17:24,004 INFO  [org.springframework.boot.test.context.SpringBootTestContextBootstrapper] Using TestExecutionListeners: [org.springframework.test.context.support.DirtiesContextBeforeModesTestExecutionListener@5fb759d6, org.springframework.boot.test.mock.mockito.MockitoTestExecutionListener@4b8d604b, org.springframework.boot.test.autoconfigure.SpringBootDependencyInjectionTestExecutionListener@5e7cd6cc, org.springframework.test.context.support.DirtiesContextTestExecutionListener@68c9d179, org.springframework.boot.test.mock.mockito.ResetMocksTestExecutionListener@d554c5f, org.springframework.boot.test.autoconfigure.restdocs.RestDocsTestExecutionListener@2dfaea86, org.springframework.boot.test.autoconfigure.web.client.MockRestServiceServerResetTestExecutionListener@15888343, org.springframework.boot.test.autoconfigure.web.servlet.MockMvcPrintOnlyOnFailureTestExecutionListener@33ecda92, org.springframework.boot.test.autoconfigure.web.servlet.WebDriverTestExecutionListener@14fc5f04]
[apollo-client][main]2021-11-01 16:17:24,007 INFO  [org.springframework.boot.test.context.SpringBootTestContextBootstrapper] Neither @ContextConfiguration nor @ContextHierarchy found for test class [com.ctrip.framework.apollo.spring.BootstrapConfigTest$TestWithBootstrapDisabledAndDefaultNamespacesAndConditionalOff], using SpringBootContextLoader
[apollo-client][main]2021-11-01 16:17:24,008 INFO  [org.springframework.test.context.support.AbstractContextLoader] Could not detect default resource locations for test class [com.ctrip.framework.apollo.spring.BootstrapConfigTest$TestWithBootstrapDisabledAndDefaultNamespacesAndConditionalOff]: no resource found for suffixes {-context.xml, Context.groovy}.
[apollo-client][main]2021-11-01 16:17:24,013 INFO  [org.springframework.boot.test.context.SpringBootTestContextBootstrapper] Loaded default TestExecutionListener class names from location [META-INF/spring.factories]: [org.springframework.boot.test.mock.mockito.MockitoTestExecutionListener, org.springframework.boot.test.mock.mockito.ResetMocksTestExecutionListener, org.springframework.boot.test.autoconfigure.restdocs.RestDocsTestExecutionListener, org.springframework.boot.test.autoconfigure.web.client.MockRestServiceServerResetTestExecutionListener, org.springframework.boot.test.autoconfigure.web.servlet.MockMvcPrintOnlyOnFailureTestExecutionListener, org.springframework.boot.test.autoconfigure.web.servlet.WebDriverTestExecutionListener, org.springframework.test.context.web.ServletTestExecutionListener, org.springframework.test.context.support.DirtiesContextBeforeModesTestExecutionListener, org.springframework.test.context.support.DependencyInjectionTestExecutionListener, org.springframework.test.context.support.DirtiesContextTestExecutionListener, org.springframework.test.context.transaction.TransactionalTestExecutionListener, org.springframework.test.context.jdbc.SqlScriptsTestExecutionListener]
[apollo-client][main]2021-11-01 16:17:24,016 INFO  [org.springframework.boot.test.context.SpringBootTestContextBootstrapper] Using TestExecutionListeners: [org.springframework.test.context.support.DirtiesContextBeforeModesTestExecutionListener@1f9e9475, org.springframework.boot.test.mock.mockito.MockitoTestExecutionListener@3aa078fd, org.springframework.boot.test.autoconfigure.SpringBootDependencyInjectionTestExecutionListener@d23e042, org.springframework.test.context.support.DirtiesContextTestExecutionListener@46d59067, org.springframework.boot.test.mock.mockito.ResetMocksTestExecutionListener@2d0399f4, org.springframework.boot.test.autoconfigure.restdocs.RestDocsTestExecutionListener@14dd7b39, org.springframework.boot.test.autoconfigure.web.client.MockRestServiceServerResetTestExecutionListener@66ea810, org.springframework.boot.test.autoconfigure.web.servlet.MockMvcPrintOnlyOnFailureTestExecutionListener@6cd24612, org.springframework.boot.test.autoconfigure.web.servlet.WebDriverTestExecutionListener@5dafbe45]

  .   ____          _            __ _ _
 /\\ / ___'_ __ _ _(_)_ __  __ _ \ \ \ \
( ( )\___ | '_ | '_| | '_ \/ _` | \ \ \ \
 \\/  ___)| |_)| | | | | || (_| |  ) ) ) )
  '  |____| .__|_| |_|_| |_\__, | / / / /
 =========|_|==============|___/=/_/_/_/
 :: Spring Boot ::       (v1.5.16.RELEASE)

[apollo-client][main]2021-11-01 16:17:24,620 WARN  [com.ctrip.framework.foundation.internals.provider.DefaultApplicationProvider] app.id is not available from System Property and /META-INF/app.properties. It is set to null
[apollo-client][main]2021-11-01 16:17:24,625 WARN  [com.ctrip.framework.foundation.internals.provider.DefaultApplicationProvider] app.label is not available from System Property and /META-INF/app.properties. It is set to null
[apollo-client][main]2021-11-01 16:17:24,627 INFO  [com.ctrip.framework.foundation.internals.provider.DefaultServerProvider] Environment is set to null. Because it is not available in either (1) JVM system property 'env', (2) OS env variable 'ENV' nor (3) property 'env' from the properties InputStream.
[apollo-client][main]2021-11-01 16:17:24,662 INFO  [org.springframework.context.annotation.AnnotationConfigApplicationContext] Refreshing org.springframework.context.annotation.AnnotationConfigApplicationContext@27cf3151: startup date [Mon Nov 01 16:17:24 CDT 2021]; root of context hierarchy
[apollo-client][main]2021-11-01 16:17:24,721 INFO  [org.springframework.beans.factory.annotation.AutowiredAnnotationBeanPostProcessor] JSR-330 'javax.inject.Inject' annotation found and supported for autowiring
[apollo-client][main]2021-11-01 16:17:24,830 INFO  [org.springframework.context.annotation.AnnotationConfigApplicationContext] Closing org.springframework.context.annotation.AnnotationConfigApplicationContext@27cf3151: startup date [Mon Nov 01 16:17:24 CDT 2021]; root of context hierarchy

  .   ____          _            __ _ _
 /\\ / ___'_ __ _ _(_)_ __  __ _ \ \ \ \
( ( )\___ | '_ | '_| | '_ \/ _` | \ \ \ \
 \\/  ___)| |_)| | | | | || (_| |  ) ) ) )
  '  |____| .__|_| |_|_| |_\__, | / / / /
 =========|_|==============|___/=/_/_/_/
 :: Spring Boot ::       (v1.5.16.RELEASE)

[apollo-client][main]2021-11-01 16:17:24,927 INFO  [org.springframework.context.annotation.AnnotationConfigApplicationContext] Refreshing org.springframework.context.annotation.AnnotationConfigApplicationContext@497570fb: startup date [Mon Nov 01 16:17:24 CDT 2021]; root of context hierarchy
[apollo-client][main]2021-11-01 16:17:25,062 WARN  [org.springframework.context.annotation.ConfigurationClassPostProcessor] Cannot enhance @Configuration bean definition 'com.ctrip.framework.apollo.spring.boot.ApolloAutoConfiguration' since its singleton instance has been created too early. The typical cause is a non-static @Bean method with a BeanDefinitionRegistryPostProcessor return type: Consider declaring such methods as 'static'.
[apollo-client][main]2021-11-01 16:17:25,188 INFO  [org.springframework.beans.factory.annotation.AutowiredAnnotationBeanPostProcessor] JSR-330 'javax.inject.Inject' annotation found and supported for autowiring
[apollo-client][main]2021-11-01 16:17:25,332 INFO  [org.springframework.context.annotation.AnnotationConfigApplicationContext] Closing org.springframework.context.annotation.AnnotationConfigApplicationContext@497570fb: startup date [Mon Nov 01 16:17:24 CDT 2021]; root of context hierarchy
[apollo-client][main]2021-11-01 16:17:25,344 INFO  [org.springframework.context.annotation.AnnotationConfigApplicationContext] Refreshing org.springframework.context.annotation.AnnotationConfigApplicationContext@6c298dc: startup date [Mon Nov 01 16:17:25 CDT 2021]; root of context hierarchy
[apollo-client][main]2021-11-01 16:17:25,361 INFO  [org.springframework.beans.factory.annotation.AutowiredAnnotationBeanPostProcessor] JSR-330 'javax.inject.Inject' annotation found and supported for autowiring
[apollo-client][main]2021-11-01 16:17:25,406 INFO  [org.springframework.context.annotation.AnnotationConfigApplicationContext] Refreshing org.springframework.context.annotation.AnnotationConfigApplicationContext@7207cb51: startup date [Mon Nov 01 16:17:25 CDT 2021]; root of context hierarchy
[apollo-client][main]2021-11-01 16:17:25,432 INFO  [org.springframework.beans.factory.annotation.AutowiredAnnotationBeanPostProcessor] JSR-330 'javax.inject.Inject' annotation found and supported for autowiring
[apollo-client][main]2021-11-01 16:17:25,475 INFO  [org.springframework.context.annotation.AnnotationConfigApplicationContext] Refreshing org.springframework.context.annotation.AnnotationConfigApplicationContext@287f7811: startup date [Mon Nov 01 16:17:25 CDT 2021]; root of context hierarchy
[apollo-client][main]2021-11-01 16:17:25,493 INFO  [org.springframework.beans.factory.annotation.AutowiredAnnotationBeanPostProcessor] JSR-330 'javax.inject.Inject' annotation found and supported for autowiring
[apollo-client][main]2021-11-01 16:17:25,515 WARN  [org.springframework.context.annotation.AnnotationConfigApplicationContext] Exception encountered during context initialization - cancelling refresh attempt: org.springframework.beans.factory.BeanCreationException: Error creating bean with name 'bean' defined in com.ctrip.framework.apollo.spring.JavaConfigAnnotationTest$AppConfig2: Initialization of bean failed; nested exception is java.lang.IllegalArgumentException: Invalid type: class java.lang.String for field: private java.lang.String com.ctrip.framework.apollo.spring.JavaConfigAnnotationTest$TestApolloConfigBean2.config, should be Config
[apollo-client][main]2021-11-01 16:17:25,531 INFO  [org.springframework.context.annotation.AnnotationConfigApplicationContext] Refreshing org.springframework.context.annotation.AnnotationConfigApplicationContext@f72203: startup date [Mon Nov 01 16:17:25 CDT 2021]; root of context hierarchy
[apollo-client][main]2021-11-01 16:17:25,552 INFO  [org.springframework.beans.factory.annotation.AutowiredAnnotationBeanPostProcessor] JSR-330 'javax.inject.Inject' annotation found and supported for autowiring
[apollo-client][main]2021-11-01 16:17:25,569 WARN  [org.springframework.context.annotation.AnnotationConfigApplicationContext] Exception encountered during context initialization - cancelling refresh attempt: org.springframework.beans.factory.BeanCreationException: Error creating bean with name 'javaConfigAnnotationTest.TestApolloConfigChangeListenerUnresolvedPlaceholderConfiguration': Initialization of bean failed; nested exception is java.lang.IllegalArgumentException: Could not resolve placeholder 'i.can.not.be.resolved' in value "${i.can.not.be.resolved}"
[apollo-client][main]2021-11-01 16:17:25,594 INFO  [org.springframework.context.annotation.AnnotationConfigApplicationContext] Refreshing org.springframework.context.annotation.AnnotationConfigApplicationContext@333cb916: startup date [Mon Nov 01 16:17:25 CDT 2021]; root of context hierarchy
[apollo-client][main]2021-11-01 16:17:25,609 INFO  [org.springframework.beans.factory.annotation.AutowiredAnnotationBeanPostProcessor] JSR-330 'javax.inject.Inject' annotation found and supported for autowiring
[apollo-client][main]2021-11-01 16:17:25,647 INFO  [org.springframework.context.annotation.AnnotationConfigApplicationContext] Refreshing org.springframework.context.annotation.AnnotationConfigApplicationContext@4a5905d9: startup date [Mon Nov 01 16:17:25 CDT 2021]; root of context hierarchy
[apollo-client][main]2021-11-01 16:17:25,673 INFO  [org.springframework.beans.factory.annotation.AutowiredAnnotationBeanPostProcessor] JSR-330 'javax.inject.Inject' annotation found and supported for autowiring
[apollo-client][main]2021-11-01 16:17:25,709 WARN  [org.springframework.context.annotation.AnnotationConfigApplicationContext] Exception encountered during context initialization - cancelling refresh attempt: org.springframework.beans.factory.BeanCreationException: Error creating bean with name 'bean' defined in com.ctrip.framework.apollo.spring.JavaConfigAnnotationTest$AppConfig4: Initialization of bean failed; nested exception is java.lang.IllegalArgumentException: Invalid parameter type: class java.lang.String for method: private void com.ctrip.framework.apollo.spring.JavaConfigAnnotationTest$TestApolloConfigChangeListenerBean2.onChange(java.lang.String), should be ConfigChangeEvent
[apollo-client][main]2021-11-01 16:17:25,721 INFO  [org.springframework.context.annotation.AnnotationConfigApplicationContext] Refreshing org.springframework.context.annotation.AnnotationConfigApplicationContext@4d48bd85: startup date [Mon Nov 01 16:17:25 CDT 2021]; root of context hierarchy
[apollo-client][main]2021-11-01 16:17:25,733 INFO  [org.springframework.beans.factory.annotation.AutowiredAnnotationBeanPostProcessor] JSR-330 'javax.inject.Inject' annotation found and supported for autowiring
[apollo-client][main]2021-11-01 16:17:25,804 INFO  [org.springframework.context.annotation.AnnotationConfigApplicationContext] Refreshing org.springframework.context.annotation.AnnotationConfigApplicationContext@67c119b7: startup date [Mon Nov 01 16:17:25 CDT 2021]; root of context hierarchy
[apollo-client][main]2021-11-01 16:17:25,827 INFO  [org.springframework.beans.factory.annotation.AutowiredAnnotationBeanPostProcessor] JSR-330 'javax.inject.Inject' annotation found and supported for autowiring
[apollo-client][main]2021-11-01 16:17:25,858 INFO  [org.springframework.context.annotation.AnnotationConfigApplicationContext] Refreshing org.springframework.context.annotation.AnnotationConfigApplicationContext@7c2312fa: startup date [Mon Nov 01 16:17:25 CDT 2021]; root of context hierarchy
[apollo-client][main]2021-11-01 16:17:25,867 INFO  [org.springframework.beans.factory.annotation.AutowiredAnnotationBeanPostProcessor] JSR-330 'javax.inject.Inject' annotation found and supported for autowiring
[apollo-client][main]2021-11-01 16:17:25,891 INFO  [org.springframework.context.annotation.AnnotationConfigApplicationContext] Refreshing org.springframework.context.annotation.AnnotationConfigApplicationContext@2e1af49b: startup date [Mon Nov 01 16:17:25 CDT 2021]; root of context hierarchy
[apollo-client][main]2021-11-01 16:17:25,899 INFO  [org.springframework.beans.factory.annotation.AutowiredAnnotationBeanPostProcessor] JSR-330 'javax.inject.Inject' annotation found and supported for autowiring
[apollo-client][main]2021-11-01 16:17:25,914 WARN  [org.springframework.context.annotation.AnnotationConfigApplicationContext] Exception encountered during context initialization - cancelling refresh attempt: org.springframework.beans.factory.BeanCreationException: Error creating bean with name 'javaConfigAnnotationTest.TestEnableApolloConfigResolveExpressionWithDefaultValueConfiguration': Injection of autowired dependencies failed; nested exception is java.lang.IllegalArgumentException: Could not resolve placeholder 'someKey-2020-11-14-1750' in value "${someKey-2020-11-14-1750}"
[apollo-client][main]2021-11-01 16:17:25,920 INFO  [org.springframework.context.annotation.AnnotationConfigApplicationContext] Refreshing org.springframework.context.annotation.AnnotationConfigApplicationContext@309028af: startup date [Mon Nov 01 16:17:25 CDT 2021]; root of context hierarchy
[apollo-client][main]2021-11-01 16:17:25,929 INFO  [org.springframework.beans.factory.annotation.AutowiredAnnotationBeanPostProcessor] JSR-330 'javax.inject.Inject' annotation found and supported for autowiring
[apollo-client][main]2021-11-01 16:17:25,953 INFO  [org.springframework.context.annotation.AnnotationConfigApplicationContext] Refreshing org.springframework.context.annotation.AnnotationConfigApplicationContext@58f07f02: startup date [Mon Nov 01 16:17:25 CDT 2021]; root of context hierarchy
[apollo-client][main]2021-11-01 16:17:25,962 INFO  [org.springframework.beans.factory.annotation.AutowiredAnnotationBeanPostProcessor] JSR-330 'javax.inject.Inject' annotation found and supported for autowiring
org.mockito.exceptions.verification.TooLittleActualInvocations: 
config.addChangeListener(<any>);
Wanted 3 times:
-> at com.ctrip.framework.apollo.spring.JavaConfigAnnotationTest.testApolloConfigChangeListenerResolveExpressionSimple(JavaConfigAnnotationTest.java:471)
But was 2 times:
-> at com.ctrip.framework.apollo.spring.annotation.ApolloAnnotationProcessor.processApolloConfigChangeListener(ApolloAnnotationProcessor.java:141)

	at com.ctrip.framework.apollo.spring.JavaConfigAnnotationTest.testApolloConfigChangeListenerResolveExpressionSimple(JavaConfigAnnotationTest.java:471)
	at sun.reflect.NativeMethodAccessorImpl.invoke0(Native Method)
	at sun.reflect.NativeMethodAccessorImpl.invoke(NativeMethodAccessorImpl.java:62)
	at sun.reflect.DelegatingMethodAccessorImpl.invoke(DelegatingMethodAccessorImpl.java:43)
	at java.lang.reflect.Method.invoke(Method.java:498)
	at org.junit.runners.model.FrameworkMethod$1.runReflectiveCall(FrameworkMethod.java:50)
	at org.junit.internal.runners.model.ReflectiveCallable.run(ReflectiveCallable.java:12)
	at org.junit.runners.model.FrameworkMethod.invokeExplosively(FrameworkMethod.java:47)
	at org.junit.internal.runners.statements.InvokeMethod.evaluate(InvokeMethod.java:17)
	at org.junit.internal.runners.statements.RunBefores.evaluate(RunBefores.java:26)
	at org.junit.internal.runners.statements.RunAfters.evaluate(RunAfters.java:27)
	at org.junit.runners.ParentRunner.runLeaf(ParentRunner.java:325)
	at org.junit.runners.BlockJUnit4ClassRunner.runChild(BlockJUnit4ClassRunner.java:78)
[apollo-client][main]2021-11-01 16:17:25,988 INFO  [org.springframework.context.annotation.AnnotationConfigApplicationContext] Refreshing org.springframework.context.annotation.AnnotationConfigApplicationContext@116a2108: startup date [Mon Nov 01 16:17:25 CDT 2021]; root of context hierarchy
	at org.junit.runners.BlockJUnit4ClassRunner.runChild(BlockJUnit4ClassRunner.java:57)
	at org.junit.runners.ParentRunner$3.run(ParentRunner.java:290)
	at org.junit.runners.ParentRunner$1.schedule(ParentRunner.java:71)
	at org.junit.runners.ParentRunner.runChildren(ParentRunner.java:288)
	at org.junit.runners.ParentRunner.access$000(ParentRunner.java:58)
	at org.junit.runners.ParentRunner$2.evaluate(ParentRunner.java:268)
	at org.junit.runners.ParentRunner.run(ParentRunner.java:363)
	at org.junit.runners.Suite.runChild(Suite.java:128)
	at org.junit.runners.Suite.runChild(Suite.java:27)
	at org.junit.runners.ParentRunner$3.run(ParentRunner.java:290)
	at org.junit.runners.ParentRunner$1.schedule(ParentRunner.java:71)
	at org.junit.runners.ParentRunner.runChildren(ParentRunner.java:288)
	at org.junit.runners.ParentRunner.access$000(ParentRunner.java:58)
	at org.junit.runners.ParentRunner$2.evaluate(ParentRunner.java:268)
	at org.junit.runners.ParentRunner.run(ParentRunner.java:363)
	at org.junit.runner.JUnitCore.run(JUnitCore.java:137)
	at org.junit.runner.JUnitCore.run(JUnitCore.java:115)
	at edu.illinois.cs.testrunner.execution.JUnitTestExecutor.execute(JUnitTestExecutor.java:259)
	at edu.illinois.cs.testrunner.execution.JUnitTestExecutor.executeWithJUnit4Runner(JUnitTestExecutor.java:327)
	at edu.illinois.cs.testrunner.execution.JUnitTestExecutor.runOrder(JUnitTestExecutor.java:49)
	at edu.illinois.cs.testrunner.execution.Executor$.$anonfun$run$1(Executor.scala:30)
	at scala.runtime.java8.JFunction0$mcV$sp.apply(JFunction0$mcV$sp.java:12)
	at scala.util.Try$.apply(Try.scala:209)
	at edu.illinois.cs.testrunner.execution.Executor$.run(Executor.scala:28)
	at edu.illinois.cs.testrunner.execution.Executor$.main(Executor.scala:18)
	at edu.illinois.cs.testrunner.execution.Executor.main(Executor.scala)
[apollo-client][main]2021-11-01 16:17:25,997 INFO  [org.springframework.beans.factory.annotation.AutowiredAnnotationBeanPostProcessor] JSR-330 'javax.inject.Inject' annotation found and supported for autowiring
[apollo-client][main]2021-11-01 16:17:26,030 INFO  [org.springframework.context.annotation.AnnotationConfigApplicationContext] Refreshing org.springframework.context.annotation.AnnotationConfigApplicationContext@138caeca: startup date [Mon Nov 01 16:17:26 CDT 2021]; root of context hierarchy
[apollo-client][main]2021-11-01 16:17:26,039 INFO  [org.springframework.beans.factory.annotation.AutowiredAnnotationBeanPostProcessor] JSR-330 'javax.inject.Inject' annotation found and supported for autowiring
[apollo-client][main]2021-11-01 16:17:26,074 INFO  [org.springframework.context.annotation.AnnotationConfigApplicationContext] Refreshing org.springframework.context.annotation.AnnotationConfigApplicationContext@134c370e: startup date [Mon Nov 01 16:17:26 CDT 2021]; root of context hierarchy
[apollo-client][main]2021-11-01 16:17:26,081 INFO  [org.springframework.beans.factory.annotation.AutowiredAnnotationBeanPostProcessor] JSR-330 'javax.inject.Inject' annotation found and supported for autowiring
[apollo-client][main]2021-11-01 16:17:26,101 INFO  [org.springframework.context.annotation.AnnotationConfigApplicationContext] Refreshing org.springframework.context.annotation.AnnotationConfigApplicationContext@2b98b3bb: startup date [Mon Nov 01 16:17:26 CDT 2021]; root of context hierarchy
[apollo-client][main]2021-11-01 16:17:26,111 INFO  [org.springframework.beans.factory.annotation.AutowiredAnnotationBeanPostProcessor] JSR-330 'javax.inject.Inject' annotation found and supported for autowiring
[apollo-client][main]2021-11-01 16:17:26,126 WARN  [org.springframework.context.annotation.AnnotationConfigApplicationContext] Exception encountered during context initialization - cancelling refresh attempt: org.springframework.beans.factory.BeanCreationException: Error creating bean with name 'bean' defined in com.ctrip.framework.apollo.spring.JavaConfigAnnotationTest$AppConfig5: Initialization of bean failed; nested exception is java.lang.IllegalArgumentException: Invalid number of parameters: 2 for method: private void com.ctrip.framework.apollo.spring.JavaConfigAnnotationTest$TestApolloConfigChangeListenerBean3.onChange(com.ctrip.framework.apollo.model.ConfigChangeEvent,java.lang.String), should be 1
[apollo-client][main]2021-11-01 16:17:26,135 INFO  [org.springframework.context.annotation.AnnotationConfigApplicationContext] Refreshing org.springframework.context.annotation.AnnotationConfigApplicationContext@65eabaab: startup date [Mon Nov 01 16:17:26 CDT 2021]; root of context hierarchy
[apollo-client][main]2021-11-01 16:17:26,143 INFO  [org.springframework.beans.factory.annotation.AutowiredAnnotationBeanPostProcessor] JSR-330 'javax.inject.Inject' annotation found and supported for autowiring
[apollo-client][main]2021-11-01 16:17:26,167 INFO  [org.springframework.context.annotation.AnnotationConfigApplicationContext] Refreshing org.springframework.context.annotation.AnnotationConfigApplicationContext@280d9edc: startup date [Mon Nov 01 16:17:26 CDT 2021]; root of context hierarchy
[apollo-client][main]2021-11-01 16:17:26,176 INFO  [org.springframework.beans.factory.annotation.AutowiredAnnotationBeanPostProcessor] JSR-330 'javax.inject.Inject' annotation found and supported for autowiring
[apollo-client][main]2021-11-01 16:17:26,219 INFO  [org.springframework.context.annotation.AnnotationConfigApplicationContext] Refreshing org.springframework.context.annotation.AnnotationConfigApplicationContext@18ac53e8: startup date [Mon Nov 01 16:17:26 CDT 2021]; root of context hierarchy
[apollo-client][main]2021-11-01 16:17:26,234 INFO  [org.springframework.context.annotation.AnnotationConfigApplicationContext] Refreshing org.springframework.context.annotation.AnnotationConfigApplicationContext@5f780a86: startup date [Mon Nov 01 16:17:26 CDT 2021]; root of context hierarchy
[apollo-client][main]2021-11-01 16:17:26,246 INFO  [org.springframework.beans.factory.annotation.AutowiredAnnotationBeanPostProcessor] JSR-330 'javax.inject.Inject' annotation found and supported for autowiring
[apollo-client][main]2021-11-01 16:17:26,281 INFO  [org.springframework.context.annotation.AnnotationConfigApplicationContext] Refreshing org.springframework.context.annotation.AnnotationConfigApplicationContext@36b310aa: startup date [Mon Nov 01 16:17:26 CDT 2021]; root of context hierarchy
[apollo-client][main]2021-11-01 16:17:26,291 INFO  [org.springframework.beans.factory.annotation.AutowiredAnnotationBeanPostProcessor] JSR-330 'javax.inject.Inject' annotation found and supported for autowiring
[apollo-client][main]2021-11-01 16:17:26,316 INFO  [org.springframework.context.annotation.AnnotationConfigApplicationContext] Refreshing org.springframework.context.annotation.AnnotationConfigApplicationContext@173f73e7: startup date [Mon Nov 01 16:17:26 CDT 2021]; root of context hierarchy
[apollo-client][main]2021-11-01 16:17:26,327 INFO  [org.springframework.beans.factory.annotation.AutowiredAnnotationBeanPostProcessor] JSR-330 'javax.inject.Inject' annotation found and supported for autowiring
[apollo-client][main]2021-11-01 16:17:26,351 WARN  [org.springframework.context.annotation.AnnotationConfigApplicationContext] Exception encountered during context initialization - cancelling refresh attempt: org.springframework.beans.factory.BeanCreationException: Error creating bean with name 'javaConfigAnnotationTest.TestApolloConfigUnresolvedExpressionConfiguration': Initialization of bean failed; nested exception is java.lang.IllegalArgumentException: Could not resolve placeholder 'so.complex.to.resolve' in value "${so.complex.to.resolve}"
[apollo-client][main]2021-11-01 16:17:26,358 INFO  [org.springframework.context.annotation.AnnotationConfigApplicationContext] Refreshing org.springframework.context.annotation.AnnotationConfigApplicationContext@d74bac4: startup date [Mon Nov 01 16:17:26 CDT 2021]; root of context hierarchy
[apollo-client][main]2021-11-01 16:17:26,367 INFO  [org.springframework.beans.factory.annotation.AutowiredAnnotationBeanPostProcessor] JSR-330 'javax.inject.Inject' annotation found and supported for autowiring
[apollo-client][main]2021-11-01 16:17:26,394 INFO  [org.springframework.context.annotation.AnnotationConfigApplicationContext] Refreshing org.springframework.context.annotation.AnnotationConfigApplicationContext@7bc6d27a: startup date [Mon Nov 01 16:17:26 CDT 2021]; root of context hierarchy
[apollo-client][main]2021-11-01 16:17:26,406 INFO  [org.springframework.beans.factory.annotation.AutowiredAnnotationBeanPostProcessor] JSR-330 'javax.inject.Inject' annotation found and supported for autowiring
[apollo-client][main]2021-11-01 16:17:26,461 WARN  [com.ctrip.framework.apollo.internals.AbstractConfigRepository] Sync config failed, will retry. Repository class com.ctrip.framework.apollo.internals.PropertiesCompatibleFileConfigRepository, reason: PropertiesCompatibleConfigFile.asProperties should never return null
[apollo-client][main]2021-11-01 16:17:26,462 WARN  [com.ctrip.framework.apollo.internals.AbstractConfigRepository] Sync config failed, will retry. Repository class com.ctrip.framework.apollo.internals.PropertiesCompatibleFileConfigRepository, reason: some exception

  .   ____          _            __ _ _
 /\\ / ___'_ __ _ _(_)_ __  __ _ \ \ \ \
( ( )\___ | '_ | '_| | '_ \/ _` | \ \ \ \
 \\/  ___)| |_)| | | | | || (_| |  ) ) ) )
  '  |____| .__|_| |_|_| |_\__, | / / / /
 =========|_|==============|___/=/_/_/_/
 :: Spring Boot ::       (v1.5.16.RELEASE)

[apollo-client][main]2021-11-01 16:17:26,505 INFO  [org.springframework.context.annotation.AnnotationConfigApplicationContext] Refreshing org.springframework.context.annotation.AnnotationConfigApplicationContext@444cc791: startup date [Mon Nov 01 16:17:26 CDT 2021]; root of context hierarchy
[apollo-client][main]2021-11-01 16:17:26,589 INFO  [org.springframework.beans.factory.annotation.AutowiredAnnotationBeanPostProcessor] JSR-330 'javax.inject.Inject' annotation found and supported for autowiring
[apollo-client][main]2021-11-01 16:17:26,651 INFO  [org.springframework.context.annotation.AnnotationConfigApplicationContext] Closing org.springframework.context.annotation.AnnotationConfigApplicationContext@444cc791: startup date [Mon Nov 01 16:17:26 CDT 2021]; root of context hierarchy
[apollo-client][main]2021-11-01 16:17:26,669 WARN  [com.ctrip.framework.apollo.internals.AbstractConfigFile] Init Apollo Config File failed - namespace: someName, reason: someError.
[apollo-client][main]2021-11-01 16:17:26,674 WARN  [com.ctrip.framework.apollo.internals.AbstractConfigFile] Init Apollo Config File failed - namespace: someName, reason: someError.
[apollo-client][main]2021-11-01 16:17:26,694 INFO  [org.springframework.context.support.ClassPathXmlApplicationContext] Refreshing org.springframework.context.support.ClassPathXmlApplicationContext@2f61d591: startup date [Mon Nov 01 16:17:26 CDT 2021]; root of context hierarchy
[apollo-client][main]2021-11-01 16:17:26,697 INFO  [org.springframework.beans.factory.xml.XmlBeanDefinitionReader] Loading XML bean definitions from class path resource [spring/XmlConfigAnnotationTest4.xml]
[apollo-client][main]2021-11-01 16:17:26,801 WARN  [org.springframework.context.support.ClassPathXmlApplicationContext] Exception encountered during context initialization - cancelling refresh attempt: org.springframework.beans.factory.BeanCreationException: Error creating bean with name 'com.ctrip.framework.apollo.spring.XMLConfigAnnotationTest.TestApolloConfigChangeListenerBean2#0' defined in class path resource [spring/XmlConfigAnnotationTest4.xml]: Initialization of bean failed; nested exception is java.lang.IllegalArgumentException: Invalid parameter type: class java.lang.String for method: private void com.ctrip.framework.apollo.spring.XMLConfigAnnotationTest$TestApolloConfigChangeListenerBean2.onChange(java.lang.String), should be ConfigChangeEvent
[apollo-client][main]2021-11-01 16:17:26,807 INFO  [org.springframework.context.support.ClassPathXmlApplicationContext] Refreshing org.springframework.context.support.ClassPathXmlApplicationContext@6f139fc9: startup date [Mon Nov 01 16:17:26 CDT 2021]; root of context hierarchy
[apollo-client][main]2021-11-01 16:17:26,807 INFO  [org.springframework.beans.factory.xml.XmlBeanDefinitionReader] Loading XML bean definitions from class path resource [spring/XmlConfigAnnotationTest6.xml]
[apollo-client][main]2021-11-01 16:17:26,853 INFO  [org.springframework.context.support.ClassPathXmlApplicationContext] Refreshing org.springframework.context.support.ClassPathXmlApplicationContext@5c8e67b9: startup date [Mon Nov 01 16:17:26 CDT 2021]; root of context hierarchy
[apollo-client][main]2021-11-01 16:17:26,854 INFO  [org.springframework.beans.factory.xml.XmlBeanDefinitionReader] Loading XML bean definitions from class path resource [spring/XmlConfigAnnotationTest2.xml]
[apollo-client][main]2021-11-01 16:17:26,894 WARN  [org.springframework.context.support.ClassPathXmlApplicationContext] Exception encountered during context initialization - cancelling refresh attempt: org.springframework.beans.factory.BeanCreationException: Error creating bean with name 'com.ctrip.framework.apollo.spring.XMLConfigAnnotationTest.TestApolloConfigBean2#0' defined in class path resource [spring/XmlConfigAnnotationTest2.xml]: Initialization of bean failed; nested exception is java.lang.IllegalArgumentException: Invalid type: class java.lang.String for field: private java.lang.String com.ctrip.framework.apollo.spring.XMLConfigAnnotationTest$TestApolloConfigBean2.config, should be Config
[apollo-client][main]2021-11-01 16:17:26,899 INFO  [org.springframework.context.support.ClassPathXmlApplicationContext] Refreshing org.springframework.context.support.ClassPathXmlApplicationContext@760245e1: startup date [Mon Nov 01 16:17:26 CDT 2021]; root of context hierarchy
[apollo-client][main]2021-11-01 16:17:26,900 INFO  [org.springframework.beans.factory.xml.XmlBeanDefinitionReader] Loading XML bean definitions from class path resource [spring/XmlConfigAnnotationTest5.xml]
[apollo-client][main]2021-11-01 16:17:26,936 WARN  [org.springframework.context.support.ClassPathXmlApplicationContext] Exception encountered during context initialization - cancelling refresh attempt: org.springframework.beans.factory.BeanCreationException: Error creating bean with name 'com.ctrip.framework.apollo.spring.XMLConfigAnnotationTest.TestApolloConfigChangeListenerBean3#0' defined in class path resource [spring/XmlConfigAnnotationTest5.xml]: Initialization of bean failed; nested exception is java.lang.IllegalArgumentException: Invalid number of parameters: 2 for method: private void com.ctrip.framework.apollo.spring.XMLConfigAnnotationTest$TestApolloConfigChangeListenerBean3.onChange(com.ctrip.framework.apollo.model.ConfigChangeEvent,java.lang.String), should be 1
[apollo-client][main]2021-11-01 16:17:26,942 INFO  [org.springframework.context.support.ClassPathXmlApplicationContext] Refreshing org.springframework.context.support.ClassPathXmlApplicationContext@1bc776b7: startup date [Mon Nov 01 16:17:26 CDT 2021]; root of context hierarchy
[apollo-client][main]2021-11-01 16:17:26,943 INFO  [org.springframework.beans.factory.xml.XmlBeanDefinitionReader] Loading XML bean definitions from class path resource [spring/XmlConfigAnnotationTest3.xml]
[apollo-client][main]2021-11-01 16:17:26,978 INFO  [org.springframework.context.support.ClassPathXmlApplicationContext] Refreshing org.springframework.context.support.ClassPathXmlApplicationContext@a0db585: startup date [Mon Nov 01 16:17:26 CDT 2021]; root of context hierarchy
[apollo-client][main]2021-11-01 16:17:26,978 INFO  [org.springframework.beans.factory.xml.XmlBeanDefinitionReader] Loading XML bean definitions from class path resource [spring/XmlConfigAnnotationTest1.xml]
[apollo-client][main]2021-11-01 16:17:27,051 WARN  [com.ctrip.framework.apollo.internals.AbstractConfigRepository] Sync config failed, will retry. Repository class com.ctrip.framework.apollo.internals.RemoteConfigRepository, reason: Load Apollo Config failed - appId: someAppId, cluster: someCluster, namespace: someName, url: http://someServer/configs/someAppId/someCluster/someName?ip=172.22.150.101 [Cause: [status code: 404] Could not find config for namespace - appId: someAppId, cluster: someCluster, namespace: someName, please check whether the configs are released in Apollo!]
[apollo-client][main]2021-11-01 16:17:27,063 WARN  [com.ctrip.framework.apollo.internals.RemoteConfigRepository] Load config failed, will retry in 10 MILLISECONDS. appId: someAppId, cluster: someCluster, namespaces: someName
[apollo-client][main]2021-11-01 16:17:27,074 WARN  [com.ctrip.framework.apollo.internals.AbstractConfigRepository] Sync config failed, will retry. Repository class com.ctrip.framework.apollo.internals.RemoteConfigRepository, reason: Load Apollo Config failed - appId: someAppId, cluster: someCluster, namespace: someName, url: http://someServer/configs/someAppId/someCluster/someName?ip=172.22.150.101 [Cause: [status code: 0] Http request failed due to status code: 0]
[apollo-client][main]2021-11-01 16:17:27,093 WARN  [com.ctrip.framework.apollo.internals.RemoteConfigRepository] Load config failed, will retry in 10 MILLISECONDS. appId: someAppId, cluster: someCluster, namespaces: someName
[apollo-client][main]2021-11-01 16:17:27,104 WARN  [com.ctrip.framework.apollo.internals.AbstractConfigRepository] Sync config failed, will retry. Repository class com.ctrip.framework.apollo.internals.RemoteConfigRepository, reason: Load Apollo Config failed - appId: someAppId, cluster: someCluster, namespace: someName, url: http://someServer/configs/someAppId/someCluster/someName?ip=172.22.150.101 [Cause: [status code: 500] Http request failed due to status code: 500]
[apollo-client][main]2021-11-01 16:17:27,105 WARN  [com.ctrip.framework.apollo.internals.RemoteConfigRepository] Load config failed, will retry in 10 MILLISECONDS. appId: someAppId, cluster: someCluster, namespaces: someName
[apollo-client][main]2021-11-01 16:17:27,253 WARN  [com.ctrip.framework.apollo.core.utils.ResourceUtils] No available properties: apollo-env.properties
[apollo-client][main]2021-11-01 16:17:27,289 INFO  [org.eclipse.jetty.util.log] Logging initialized @4274ms to org.eclipse.jetty.util.log.Slf4jLog
[apollo-client][main]2021-11-01 16:17:27,304 WARN  [org.eclipse.jetty.server.handler.ContextHandler] o.e.j.s.h.ContextHandler@277bf091{/,null,UNAVAILABLE} contextPath ends with /*
[apollo-client][main]2021-11-01 16:17:27,439 INFO  [org.eclipse.jetty.server.Server] jetty-9.4.12.v20180830; built: 2018-08-30T13:59:14.071Z; git: 27208684755d94a92186989f695db2d7b21ebc51; jvm 1.8.0_292-8u292-b10-0ubuntu1~18.04-b10
[apollo-client][main]2021-11-01 16:17:27,472 INFO  [org.eclipse.jetty.server.handler.ContextHandler] Started o.e.j.s.h.ContextHandler@277bf091{/configs,null,AVAILABLE}
[apollo-client][main]2021-11-01 16:17:27,475 INFO  [org.eclipse.jetty.server.handler.ContextHandler] Started o.e.j.s.h.ContextHandler@70887727{/notifications/v2,null,AVAILABLE}
[apollo-client][main]2021-11-01 16:17:27,475 INFO  [org.eclipse.jetty.server.handler.ContextHandler] Started o.e.j.s.h.ContextHandler@56da7487{/services/config,null,AVAILABLE}
[apollo-client][main]2021-11-01 16:17:27,488 INFO  [org.eclipse.jetty.server.AbstractConnector] Started ServerConnector@20a1fd8f{HTTP/1.1,[http/1.1]}{0.0.0.0:43805}
[apollo-client][main]2021-11-01 16:17:27,489 INFO  [org.eclipse.jetty.server.Server] Started @4475ms
[apollo-client][Apollo-RemoteConfigLongPollService-1]2021-11-01 16:17:27,666 WARN  [com.ctrip.framework.apollo.internals.RemoteConfigLongPollService] Long polling failed, will retry in 1 seconds. appId: 1003171, cluster: someClusterName, namespaces: application, long polling url: http://localhost:43805/notifications/v2?cluster=someClusterName&dataCenter=someDC&appId=1003171&ip=172.22.150.101&notifications=%5B%7B%22namespaceName%22%3A%22application%22%2C%22notificationId%22%3A1%7D%5D, reason: Could not complete get operation [Cause: Connection refused (Connection refused)]
[apollo-client][main]2021-11-01 16:17:27,666 INFO  [org.eclipse.jetty.server.AbstractConnector] Stopped ServerConnector@20a1fd8f{HTTP/1.1,[http/1.1]}{0.0.0.0:43805}
[apollo-client][main]2021-11-01 16:17:27,667 INFO  [org.eclipse.jetty.server.handler.ContextHandler] Stopped o.e.j.s.h.ContextHandler@56da7487{/services/config,null,UNAVAILABLE}
[apollo-client][main]2021-11-01 16:17:27,667 INFO  [org.eclipse.jetty.server.handler.ContextHandler] Stopped o.e.j.s.h.ContextHandler@70887727{/notifications/v2,null,UNAVAILABLE}
[apollo-client][main]2021-11-01 16:17:27,668 INFO  [org.eclipse.jetty.server.handler.ContextHandler] Stopped o.e.j.s.h.ContextHandler@277bf091{/configs,null,UNAVAILABLE}
[apollo-client][main]2021-11-01 16:17:27,712 WARN  [org.eclipse.jetty.server.handler.ContextHandler] o.e.j.s.h.ContextHandler@7b948f3e{/,null,UNAVAILABLE} contextPath ends with /*
[apollo-client][main]2021-11-01 16:17:27,712 INFO  [org.eclipse.jetty.server.Server] jetty-9.4.12.v20180830; built: 2018-08-30T13:59:14.071Z; git: 27208684755d94a92186989f695db2d7b21ebc51; jvm 1.8.0_292-8u292-b10-0ubuntu1~18.04-b10
[apollo-client][main]2021-11-01 16:17:27,713 INFO  [org.eclipse.jetty.server.handler.ContextHandler] Started o.e.j.s.h.ContextHandler@7b948f3e{/configs,null,AVAILABLE}
[apollo-client][main]2021-11-01 16:17:27,714 INFO  [org.eclipse.jetty.server.handler.ContextHandler] Started o.e.j.s.h.ContextHandler@1457fde{/services/config,null,AVAILABLE}
[apollo-client][main]2021-11-01 16:17:27,718 INFO  [org.eclipse.jetty.server.AbstractConnector] Started ServerConnector@6f94fb9d{HTTP/1.1,[http/1.1]}{0.0.0.0:43805}
[apollo-client][main]2021-11-01 16:17:27,718 INFO  [org.eclipse.jetty.server.Server] Started @4704ms
[apollo-client][main]2021-11-01 16:17:27,729 INFO  [org.eclipse.jetty.server.AbstractConnector] Stopped ServerConnector@6f94fb9d{HTTP/1.1,[http/1.1]}{0.0.0.0:43805}
[apollo-client][main]2021-11-01 16:17:27,729 INFO  [org.eclipse.jetty.server.handler.ContextHandler] Stopped o.e.j.s.h.ContextHandler@1457fde{/services/config,null,UNAVAILABLE}
[apollo-client][main]2021-11-01 16:17:27,730 INFO  [org.eclipse.jetty.server.handler.ContextHandler] Stopped o.e.j.s.h.ContextHandler@7b948f3e{/configs,null,UNAVAILABLE}
[apollo-client][main]2021-11-01 16:17:27,731 WARN  [org.eclipse.jetty.server.handler.ContextHandler] o.e.j.s.h.ContextHandler@25aeb5ac{/,null,UNAVAILABLE} contextPath ends with /*
[apollo-client][main]2021-11-01 16:17:27,731 INFO  [org.eclipse.jetty.server.Server] jetty-9.4.12.v20180830; built: 2018-08-30T13:59:14.071Z; git: 27208684755d94a92186989f695db2d7b21ebc51; jvm 1.8.0_292-8u292-b10-0ubuntu1~18.04-b10
[apollo-client][main]2021-11-01 16:17:27,740 INFO  [org.eclipse.jetty.server.handler.ContextHandler] Started o.e.j.s.h.ContextHandler@a5272be{/services/config,null,AVAILABLE}
[apollo-client][main]2021-11-01 16:17:27,740 INFO  [org.eclipse.jetty.server.handler.ContextHandler] Started o.e.j.s.h.ContextHandler@25aeb5ac{/configs,null,AVAILABLE}
[apollo-client][main]2021-11-01 16:17:27,740 INFO  [org.eclipse.jetty.server.handler.ContextHandler] Started o.e.j.s.h.ContextHandler@58ba5b30{/services/config,null,AVAILABLE}
[apollo-client][main]2021-11-01 16:17:27,744 INFO  [org.eclipse.jetty.server.AbstractConnector] Started ServerConnector@4dba773d{HTTP/1.1,[http/1.1]}{0.0.0.0:43805}
[apollo-client][main]2021-11-01 16:17:27,744 INFO  [org.eclipse.jetty.server.Server] Started @4730ms
[apollo-client][main]2021-11-01 16:17:27,748 INFO  [org.eclipse.jetty.server.AbstractConnector] Stopped ServerConnector@4dba773d{HTTP/1.1,[http/1.1]}{0.0.0.0:43805}
[apollo-client][main]2021-11-01 16:17:27,748 INFO  [org.eclipse.jetty.server.handler.ContextHandler] Stopped o.e.j.s.h.ContextHandler@58ba5b30{/services/config,null,UNAVAILABLE}
[apollo-client][main]2021-11-01 16:17:27,748 INFO  [org.eclipse.jetty.server.handler.ContextHandler] Stopped o.e.j.s.h.ContextHandler@25aeb5ac{/configs,null,UNAVAILABLE}
[apollo-client][main]2021-11-01 16:17:27,748 INFO  [org.eclipse.jetty.server.handler.ContextHandler] Stopped o.e.j.s.h.ContextHandler@a5272be{/services/config,null,UNAVAILABLE}
org.junit.ComparisonFailure: expected:<[some]Value> but was:<[another]Value>
	at org.junit.Assert.assertEquals(Assert.java:115)
	at org.junit.Assert.assertEquals(Assert.java:144)
	at com.ctrip.framework.apollo.integration.ConfigIntegrationTest.testGetConfigWithNoLocalFileAndRemoteMetaServiceRetry(ConfigIntegrationTest.java:282)
	at sun.reflect.NativeMethodAccessorImpl.invoke0(Native Method)
	at sun.reflect.NativeMethodAccessorImpl.invoke(NativeMethodAccessorImpl.java:62)
	at sun.reflect.DelegatingMethodAccessorImpl.invoke(DelegatingMethodAccessorImpl.java:43)
	at java.lang.reflect.Method.invoke(Method.java:498)
	at org.junit.runners.model.FrameworkMethod$1.runReflectiveCall(FrameworkMethod.java:50)
	at org.junit.internal.runners.model.ReflectiveCallable.run(ReflectiveCallable.java:12)
	at org.junit.runners.model.FrameworkMethod.invokeExplosively(FrameworkMethod.java:47)
	at org.junit.internal.runners.statements.InvokeMethod.evaluate(InvokeMethod.java:17)
	at org.junit.internal.runners.statements.RunBefores.evaluate(RunBefores.java:26)
	at org.junit.internal.runners.statements.RunAfters.evaluate(RunAfters.java:27)
	at org.junit.runners.ParentRunner.runLeaf(ParentRunner.java:325)
	at org.junit.runners.BlockJUnit4ClassRunner.runChild(BlockJUnit4ClassRunner.java:78)
	at org.junit.runners.BlockJUnit4ClassRunner.runChild(BlockJUnit4ClassRunner.java:57)
	at org.junit.runners.ParentRunner$3.run(ParentRunner.java:290)
	at org.junit.runners.ParentRunner$1.schedule(ParentRunner.java:71)
	at org.junit.runners.ParentRunner.runChildren(ParentRunner.java:288)
	at org.junit.runners.ParentRunner.access$000(ParentRunner.java:58)
	at org.junit.runners.ParentRunner$2.evaluate(ParentRunner.java:268)
	at org.junit.internal.runners.statements.RunBefores.evaluate(RunBefores.java:26)
	at org.junit.internal.runners.statements.RunAfters.evaluate(RunAfters.java:27)
	at org.junit.runners.ParentRunner.run(ParentRunner.java:363)
	at org.junit.runners.Suite.runChild(Suite.java:128)
	at org.junit.runners.Suite.runChild(Suite.java:27)
	at org.junit.runners.ParentRunner$3.run(ParentRunner.java:290)
	at org.junit.runners.ParentRunner$1.schedule(ParentRunner.java:71)
	at org.junit.runners.ParentRunner.runChildren(ParentRunner.java:288)
	at org.junit.runners.ParentRunner.access$000(ParentRunner.java:58)
	at org.junit.runners.ParentRunner$2.evaluate(ParentRunner.java:268)
	at org.junit.runners.ParentRunner.run(ParentRunner.java:363)
	at org.junit.runner.JUnitCore.run(JUnitCore.java:137)
	at org.junit.runner.JUnitCore.run(JUnitCore.java:115)
	at edu.illinois.cs.testrunner.execution.JUnitTestExecutor.execute(JUnitTestExecutor.java:259)
	at edu.illinois.cs.testrunner.execution.JUnitTestExecutor.executeWithJUnit4Runner(JUnitTestExecutor.java:327)
	at edu.illinois.cs.testrunner.execution.JUnitTestExecutor.runOrder(JUnitTestExecutor.java:49)
	at edu.illinois.cs.testrunner.execution.Executor$.$anonfun$run$1(Executor.scala:30)
	at scala.runtime.java8.JFunction0$mcV$sp.apply(JFunction0$mcV$sp.java:12)
	at scala.util.Try$.apply(Try.scala:209)
	at edu.illinois.cs.testrunner.execution.Executor$.run(Executor.scala:28)
	at edu.illinois.cs.testrunner.execution.Executor$.main(Executor.scala:18)
	at edu.illinois.cs.testrunner.execution.Executor.main(Executor.scala)
[apollo-client][main]2021-11-01 16:17:27,752 WARN  [org.eclipse.jetty.server.handler.ContextHandler] o.e.j.s.h.ContextHandler@5a1c3cb4{/,null,UNAVAILABLE} contextPath ends with /*
[apollo-client][main]2021-11-01 16:17:27,752 INFO  [org.eclipse.jetty.server.Server] jetty-9.4.12.v20180830; built: 2018-08-30T13:59:14.071Z; git: 27208684755d94a92186989f695db2d7b21ebc51; jvm 1.8.0_292-8u292-b10-0ubuntu1~18.04-b10
[apollo-client][main]2021-11-01 16:17:27,753 INFO  [org.eclipse.jetty.server.handler.ContextHandler] Started o.e.j.s.h.ContextHandler@5a1c3cb4{/configs,null,AVAILABLE}
[apollo-client][main]2021-11-01 16:17:27,753 INFO  [org.eclipse.jetty.server.handler.ContextHandler] Started o.e.j.s.h.ContextHandler@48b4a043{/services/config,null,AVAILABLE}
[apollo-client][main]2021-11-01 16:17:27,754 INFO  [org.eclipse.jetty.server.AbstractConnector] Started ServerConnector@2f5b8250{HTTP/1.1,[http/1.1]}{0.0.0.0:43805}
[apollo-client][main]2021-11-01 16:17:27,754 INFO  [org.eclipse.jetty.server.Server] Started @4740ms
[apollo-client][main]2021-11-01 16:17:27,756 INFO  [org.eclipse.jetty.server.AbstractConnector] Stopped ServerConnector@2f5b8250{HTTP/1.1,[http/1.1]}{0.0.0.0:43805}
[apollo-client][main]2021-11-01 16:17:27,757 INFO  [org.eclipse.jetty.server.handler.ContextHandler] Stopped o.e.j.s.h.ContextHandler@48b4a043{/services/config,null,UNAVAILABLE}
[apollo-client][main]2021-11-01 16:17:27,757 INFO  [org.eclipse.jetty.server.handler.ContextHandler] Stopped o.e.j.s.h.ContextHandler@5a1c3cb4{/configs,null,UNAVAILABLE}
org.junit.ComparisonFailure: expected:<[some]Value> but was:<[another]Value>
	at org.junit.Assert.assertEquals(Assert.java:115)
	at org.junit.Assert.assertEquals(Assert.java:144)
	at com.ctrip.framework.apollo.integration.ConfigIntegrationTest.testGetConfigWithLocalFileAndRemoteConfigError(ConfigIntegrationTest.java:239)
	at sun.reflect.NativeMethodAccessorImpl.invoke0(Native Method)
	at sun.reflect.NativeMethodAccessorImpl.invoke(NativeMethodAccessorImpl.java:62)
	at sun.reflect.DelegatingMethodAccessorImpl.invoke(DelegatingMethodAccessorImpl.java:43)
	at java.lang.reflect.Method.invoke(Method.java:498)
	at org.junit.runners.model.FrameworkMethod$1.runReflectiveCall(FrameworkMethod.java:50)
	at org.junit.internal.runners.model.ReflectiveCallable.run(ReflectiveCallable.java:12)
	at org.junit.runners.model.FrameworkMethod.invokeExplosively(FrameworkMethod.java:47)
	at org.junit.internal.runners.statements.InvokeMethod.evaluate(InvokeMethod.java:17)
	at org.junit.internal.runners.statements.RunBefores.evaluate(RunBefores.java:26)
	at org.junit.internal.runners.statements.RunAfters.evaluate(RunAfters.java:27)
	at org.junit.runners.ParentRunner.runLeaf(ParentRunner.java:325)
	at org.junit.runners.BlockJUnit4ClassRunner.runChild(BlockJUnit4ClassRunner.java:78)
	at org.junit.runners.BlockJUnit4ClassRunner.runChild(BlockJUnit4ClassRunner.java:57)
	at org.junit.runners.ParentRunner$3.run(ParentRunner.java:290)
	at org.junit.runners.ParentRunner$1.schedule(ParentRunner.java:71)
	at org.junit.runners.ParentRunner.runChildren(ParentRunner.java:288)
	at org.junit.runners.ParentRunner.access$000(ParentRunner.java:58)
	at org.junit.runners.ParentRunner$2.evaluate(ParentRunner.java:268)
	at org.junit.internal.runners.statements.RunBefores.evaluate(RunBefores.java:26)
	at org.junit.internal.runners.statements.RunAfters.evaluate(RunAfters.java:27)
	at org.junit.runners.ParentRunner.run(ParentRunner.java:363)
	at org.junit.runners.Suite.runChild(Suite.java:128)
	at org.junit.runners.Suite.runChild(Suite.java:27)
	at org.junit.runners.ParentRunner$3.run(ParentRunner.java:290)
	at org.junit.runners.ParentRunner$1.schedule(ParentRunner.java:71)
	at org.junit.runners.ParentRunner.runChildren(ParentRunner.java:288)
	at org.junit.runners.ParentRunner.access$000(ParentRunner.java:58)
	at org.junit.runners.ParentRunner$2.evaluate(ParentRunner.java:268)
	at org.junit.runners.ParentRunner.run(ParentRunner.java:363)
	at org.junit.runner.JUnitCore.run(JUnitCore.java:137)
	at org.junit.runner.JUnitCore.run(JUnitCore.java:115)
	at edu.illinois.cs.testrunner.execution.JUnitTestExecutor.execute(JUnitTestExecutor.java:259)
	at edu.illinois.cs.testrunner.execution.JUnitTestExecutor.executeWithJUnit4Runner(JUnitTestExecutor.java:327)
	at edu.illinois.cs.testrunner.execution.JUnitTestExecutor.runOrder(JUnitTestExecutor.java:49)
	at edu.illinois.cs.testrunner.execution.Executor$.$anonfun$run$1(Executor.scala:30)
	at scala.runtime.java8.JFunction0$mcV$sp.apply(JFunction0$mcV$sp.java:12)
	at scala.util.Try$.apply(Try.scala:209)
	at edu.illinois.cs.testrunner.execution.Executor$.run(Executor.scala:28)
	at edu.illinois.cs.testrunner.execution.Executor$.main(Executor.scala:18)
	at edu.illinois.cs.testrunner.execution.Executor.main(Executor.scala)
[apollo-client][main]2021-11-01 16:17:27,759 WARN  [org.eclipse.jetty.server.handler.ContextHandler] o.e.j.s.h.ContextHandler@315f09ef{/,null,UNAVAILABLE} contextPath ends with /*
[apollo-client][main]2021-11-01 16:17:27,759 INFO  [org.eclipse.jetty.server.Server] jetty-9.4.12.v20180830; built: 2018-08-30T13:59:14.071Z; git: 27208684755d94a92186989f695db2d7b21ebc51; jvm 1.8.0_292-8u292-b10-0ubuntu1~18.04-b10
[apollo-client][main]2021-11-01 16:17:27,761 INFO  [org.eclipse.jetty.server.handler.ContextHandler] Started o.e.j.s.h.ContextHandler@315f09ef{/configs,null,AVAILABLE}
[apollo-client][main]2021-11-01 16:17:27,761 INFO  [org.eclipse.jetty.server.handler.ContextHandler] Started o.e.j.s.h.ContextHandler@31ddb930{/services/config,null,AVAILABLE}
[apollo-client][main]2021-11-01 16:17:27,766 INFO  [org.eclipse.jetty.server.AbstractConnector] Started ServerConnector@12eedfee{HTTP/1.1,[http/1.1]}{0.0.0.0:43805}
[apollo-client][main]2021-11-01 16:17:27,766 INFO  [org.eclipse.jetty.server.Server] Started @4752ms
[apollo-client][main]2021-11-01 16:17:30,270 INFO  [org.eclipse.jetty.server.AbstractConnector] Stopped ServerConnector@12eedfee{HTTP/1.1,[http/1.1]}{0.0.0.0:43805}
[apollo-client][main]2021-11-01 16:17:30,270 INFO  [org.eclipse.jetty.server.handler.ContextHandler] Stopped o.e.j.s.h.ContextHandler@31ddb930{/services/config,null,UNAVAILABLE}
[apollo-client][main]2021-11-01 16:17:30,270 INFO  [org.eclipse.jetty.server.handler.ContextHandler] Stopped o.e.j.s.h.ContextHandler@315f09ef{/configs,null,UNAVAILABLE}
java.util.concurrent.TimeoutException: Waited 2500 milliseconds (plus 88544 nanoseconds delay) for com.google.common.util.concurrent.SettableFuture@3c3c4a71[status=PENDING]
	at com.google.common.util.concurrent.AbstractFuture.get(AbstractFuture.java:506)
	at com.google.common.util.concurrent.AbstractFuture$TrustedFuture.get(AbstractFuture.java:109)
	at com.ctrip.framework.apollo.integration.ConfigIntegrationTest.testRefreshConfig(ConfigIntegrationTest.java:343)
	at sun.reflect.NativeMethodAccessorImpl.invoke0(Native Method)
	at sun.reflect.NativeMethodAccessorImpl.invoke(NativeMethodAccessorImpl.java:62)
	at sun.reflect.DelegatingMethodAccessorImpl.invoke(DelegatingMethodAccessorImpl.java:43)
	at java.lang.reflect.Method.invoke(Method.java:498)
	at org.junit.runners.model.FrameworkMethod$1.runReflectiveCall(FrameworkMethod.java:50)
	at org.junit.internal.runners.model.ReflectiveCallable.run(ReflectiveCallable.java:12)
	at org.junit.runners.model.FrameworkMethod.invokeExplosively(FrameworkMethod.java:47)
	at org.junit.internal.runners.statements.InvokeMethod.evaluate(InvokeMethod.java:17)
	at org.junit.internal.runners.statements.RunBefores.evaluate(RunBefores.java:26)
	at org.junit.internal.runners.statements.RunAfters.evaluate(RunAfters.java:27)
	at org.junit.runners.ParentRunner.runLeaf(ParentRunner.java:325)
	at org.junit.runners.BlockJUnit4ClassRunner.runChild(BlockJUnit4ClassRunner.java:78)
	at org.junit.runners.BlockJUnit4ClassRunner.runChild(BlockJUnit4ClassRunner.java:57)
	at org.junit.runners.ParentRunner$3.run(ParentRunner.java:290)
	at org.junit.runners.ParentRunner$1.schedule(ParentRunner.java:71)
	at org.junit.runners.ParentRunner.runChildren(ParentRunner.java:288)
	at org.junit.runners.ParentRunner.access$000(ParentRunner.java:58)
	at org.junit.runners.ParentRunner$2.evaluate(ParentRunner.java:268)
	at org.junit.internal.runners.statements.RunBefores.evaluate(RunBefores.java:26)
	at org.junit.internal.runners.statements.RunAfters.evaluate(RunAfters.java:27)
	at org.junit.runners.ParentRunner.run(ParentRunner.java:363)
	at org.junit.runners.Suite.runChild(Suite.java:128)
	at org.junit.runners.Suite.runChild(Suite.java:27)
	at org.junit.runners.ParentRunner$3.run(ParentRunner.java:290)
	at org.junit.runners.ParentRunner$1.schedule(ParentRunner.java:71)
	at org.junit.runners.ParentRunner.runChildren(ParentRunner.java:288)
	at org.junit.runners.ParentRunner.access$000(ParentRunner.java:58)
	at org.junit.runners.ParentRunner$2.evaluate(ParentRunner.java:268)
	at org.junit.runners.ParentRunner.run(ParentRunner.java:363)
	at org.junit.runner.JUnitCore.run(JUnitCore.java:137)
	at org.junit.runner.JUnitCore.run(JUnitCore.java:115)
	at edu.illinois.cs.testrunner.execution.JUnitTestExecutor.execute(JUnitTestExecutor.java:259)
	at edu.illinois.cs.testrunner.execution.JUnitTestExecutor.executeWithJUnit4Runner(JUnitTestExecutor.java:327)
	at edu.illinois.cs.testrunner.execution.JUnitTestExecutor.runOrder(JUnitTestExecutor.java:49)
	at edu.illinois.cs.testrunner.execution.Executor$.$anonfun$run$1(Executor.scala:30)
	at scala.runtime.java8.JFunction0$mcV$sp.apply(JFunction0$mcV$sp.java:12)
	at scala.util.Try$.apply(Try.scala:209)
	at edu.illinois.cs.testrunner.execution.Executor$.run(Executor.scala:28)
	at edu.illinois.cs.testrunner.execution.Executor$.main(Executor.scala:18)
	at edu.illinois.cs.testrunner.execution.Executor.main(Executor.scala)
[apollo-client][main]2021-11-01 16:17:30,274 WARN  [org.eclipse.jetty.server.handler.ContextHandler] o.e.j.s.h.ContextHandler@3d96fa9e{/,null,UNAVAILABLE} contextPath ends with /*
[apollo-client][main]2021-11-01 16:17:30,274 INFO  [org.eclipse.jetty.server.Server] jetty-9.4.12.v20180830; built: 2018-08-30T13:59:14.071Z; git: 27208684755d94a92186989f695db2d7b21ebc51; jvm 1.8.0_292-8u292-b10-0ubuntu1~18.04-b10
[apollo-client][main]2021-11-01 16:17:30,276 INFO  [org.eclipse.jetty.server.handler.ContextHandler] Started o.e.j.s.h.ContextHandler@3d96fa9e{/configs,null,AVAILABLE}
[apollo-client][main]2021-11-01 16:17:30,276 INFO  [org.eclipse.jetty.server.handler.ContextHandler] Started o.e.j.s.h.ContextHandler@3c83468e{/services/config,null,AVAILABLE}
[apollo-client][main]2021-11-01 16:17:30,280 INFO  [org.eclipse.jetty.server.AbstractConnector] Started ServerConnector@272ce069{HTTP/1.1,[http/1.1]}{0.0.0.0:43805}
[apollo-client][main]2021-11-01 16:17:30,280 INFO  [org.eclipse.jetty.server.Server] Started @7266ms
[apollo-client][main]2021-11-01 16:17:30,283 INFO  [org.eclipse.jetty.server.AbstractConnector] Stopped ServerConnector@272ce069{HTTP/1.1,[http/1.1]}{0.0.0.0:43805}
[apollo-client][main]2021-11-01 16:17:30,283 INFO  [org.eclipse.jetty.server.handler.ContextHandler] Stopped o.e.j.s.h.ContextHandler@3c83468e{/services/config,null,UNAVAILABLE}
[apollo-client][main]2021-11-01 16:17:30,284 INFO  [org.eclipse.jetty.server.handler.ContextHandler] Stopped o.e.j.s.h.ContextHandler@3d96fa9e{/configs,null,UNAVAILABLE}
org.junit.ComparisonFailure: expected:<[some]Value> but was:<[another]Value>
	at org.junit.Assert.assertEquals(Assert.java:115)
	at org.junit.Assert.assertEquals(Assert.java:144)
	at com.ctrip.framework.apollo.integration.ConfigIntegrationTest.testGetConfigWithNoLocalFileAndRemoteConfigServiceRetry(ConfigIntegrationTest.java:297)
	at sun.reflect.NativeMethodAccessorImpl.invoke0(Native Method)
	at sun.reflect.NativeMethodAccessorImpl.invoke(NativeMethodAccessorImpl.java:62)
	at sun.reflect.DelegatingMethodAccessorImpl.invoke(DelegatingMethodAccessorImpl.java:43)
	at java.lang.reflect.Method.invoke(Method.java:498)
	at org.junit.runners.model.FrameworkMethod$1.runReflectiveCall(FrameworkMethod.java:50)
	at org.junit.internal.runners.model.ReflectiveCallable.run(ReflectiveCallable.java:12)
	at org.junit.runners.model.FrameworkMethod.invokeExplosively(FrameworkMethod.java:47)
	at org.junit.internal.runners.statements.InvokeMethod.evaluate(InvokeMethod.java:17)
	at org.junit.internal.runners.statements.RunBefores.evaluate(RunBefores.java:26)
	at org.junit.internal.runners.statements.RunAfters.evaluate(RunAfters.java:27)
	at org.junit.runners.ParentRunner.runLeaf(ParentRunner.java:325)
	at org.junit.runners.BlockJUnit4ClassRunner.runChild(BlockJUnit4ClassRunner.java:78)
	at org.junit.runners.BlockJUnit4ClassRunner.runChild(BlockJUnit4ClassRunner.java:57)
	at org.junit.runners.ParentRunner$3.run(ParentRunner.java:290)
	at org.junit.runners.ParentRunner$1.schedule(ParentRunner.java:71)
	at org.junit.runners.ParentRunner.runChildren(ParentRunner.java:288)
	at org.junit.runners.ParentRunner.access$000(ParentRunner.java:58)
	at org.junit.runners.ParentRunner$2.evaluate(ParentRunner.java:268)
	at org.junit.internal.runners.statements.RunBefores.evaluate(RunBefores.java:26)
	at org.junit.internal.runners.statements.RunAfters.evaluate(RunAfters.java:27)
	at org.junit.runners.ParentRunner.run(ParentRunner.java:363)
	at org.junit.runners.Suite.runChild(Suite.java:128)
	at org.junit.runners.Suite.runChild(Suite.java:27)
	at org.junit.runners.ParentRunner$3.run(ParentRunner.java:290)
	at org.junit.runners.ParentRunner$1.schedule(ParentRunner.java:71)
	at org.junit.runners.ParentRunner.runChildren(ParentRunner.java:288)
	at org.junit.runners.ParentRunner.access$000(ParentRunner.java:58)
	at org.junit.runners.ParentRunner$2.evaluate(ParentRunner.java:268)
	at org.junit.runners.ParentRunner.run(ParentRunner.java:363)
	at org.junit.runner.JUnitCore.run(JUnitCore.java:137)
	at org.junit.runner.JUnitCore.run(JUnitCore.java:115)
	at edu.illinois.cs.testrunner.execution.JUnitTestExecutor.execute(JUnitTestExecutor.java:259)
	at edu.illinois.cs.testrunner.execution.JUnitTestExecutor.executeWithJUnit4Runner(JUnitTestExecutor.java:327)
	at edu.illinois.cs.testrunner.execution.JUnitTestExecutor.runOrder(JUnitTestExecutor.java:49)
	at edu.illinois.cs.testrunner.execution.Executor$.$anonfun$run$1(Executor.scala:30)
	at scala.runtime.java8.JFunction0$mcV$sp.apply(JFunction0$mcV$sp.java:12)
	at scala.util.Try$.apply(Try.scala:209)
	at edu.illinois.cs.testrunner.execution.Executor$.run(Executor.scala:28)
	at edu.illinois.cs.testrunner.execution.Executor$.main(Executor.scala:18)
	at edu.illinois.cs.testrunner.execution.Executor.main(Executor.scala)
[apollo-client][main]2021-11-01 16:17:30,288 WARN  [org.eclipse.jetty.server.handler.ContextHandler] o.e.j.s.h.ContextHandler@100c8b75{/,null,UNAVAILABLE} contextPath ends with /*
[apollo-client][main]2021-11-01 16:17:30,288 INFO  [org.eclipse.jetty.server.Server] jetty-9.4.12.v20180830; built: 2018-08-30T13:59:14.071Z; git: 27208684755d94a92186989f695db2d7b21ebc51; jvm 1.8.0_292-8u292-b10-0ubuntu1~18.04-b10
[apollo-client][main]2021-11-01 16:17:30,291 INFO  [org.eclipse.jetty.server.handler.ContextHandler] Started o.e.j.s.h.ContextHandler@100c8b75{/configs,null,AVAILABLE}
[apollo-client][main]2021-11-01 16:17:30,292 INFO  [org.eclipse.jetty.server.handler.ContextHandler] Started o.e.j.s.h.ContextHandler@1f346ad2{/services/config,null,AVAILABLE}
[apollo-client][main]2021-11-01 16:17:30,292 INFO  [org.eclipse.jetty.server.AbstractConnector] Started ServerConnector@46a145ba{HTTP/1.1,[http/1.1]}{0.0.0.0:43805}
[apollo-client][main]2021-11-01 16:17:30,292 INFO  [org.eclipse.jetty.server.Server] Started @7278ms
[apollo-client][main]2021-11-01 16:17:30,295 INFO  [org.eclipse.jetty.server.AbstractConnector] Stopped ServerConnector@46a145ba{HTTP/1.1,[http/1.1]}{0.0.0.0:43805}
[apollo-client][main]2021-11-01 16:17:30,295 INFO  [org.eclipse.jetty.server.handler.ContextHandler] Stopped o.e.j.s.h.ContextHandler@1f346ad2{/services/config,null,UNAVAILABLE}
[apollo-client][main]2021-11-01 16:17:30,295 INFO  [org.eclipse.jetty.server.handler.ContextHandler] Stopped o.e.j.s.h.ContextHandler@100c8b75{/configs,null,UNAVAILABLE}
org.junit.ComparisonFailure: expected:<[defaultValue0.401487286687924]> but was:<[anotherValue]>
	at org.junit.Assert.assertEquals(Assert.java:115)
	at org.junit.Assert.assertEquals(Assert.java:144)
	at com.ctrip.framework.apollo.integration.ConfigIntegrationTest.testGetConfigWithNoLocalFileAndRemoteConfigError(ConfigIntegrationTest.java:223)
	at sun.reflect.NativeMethodAccessorImpl.invoke0(Native Method)
	at sun.reflect.NativeMethodAccessorImpl.invoke(NativeMethodAccessorImpl.java:62)
	at sun.reflect.DelegatingMethodAccessorImpl.invoke(DelegatingMethodAccessorImpl.java:43)
	at java.lang.reflect.Method.invoke(Method.java:498)
	at org.junit.runners.model.FrameworkMethod$1.runReflectiveCall(FrameworkMethod.java:50)
	at org.junit.internal.runners.model.ReflectiveCallable.run(ReflectiveCallable.java:12)
	at org.junit.runners.model.FrameworkMethod.invokeExplosively(FrameworkMethod.java:47)
	at org.junit.internal.runners.statements.InvokeMethod.evaluate(InvokeMethod.java:17)
	at org.junit.internal.runners.statements.RunBefores.evaluate(RunBefores.java:26)
	at org.junit.internal.runners.statements.RunAfters.evaluate(RunAfters.java:27)
	at org.junit.runners.ParentRunner.runLeaf(ParentRunner.java:325)
	at org.junit.runners.BlockJUnit4ClassRunner.runChild(BlockJUnit4ClassRunner.java:78)
	at org.junit.runners.BlockJUnit4ClassRunner.runChild(BlockJUnit4ClassRunner.java:57)
	at org.junit.runners.ParentRunner$3.run(ParentRunner.java:290)
	at org.junit.runners.ParentRunner$1.schedule(ParentRunner.java:71)
	at org.junit.runners.ParentRunner.runChildren(ParentRunner.java:288)
	at org.junit.runners.ParentRunner.access$000(ParentRunner.java:58)
	at org.junit.runners.ParentRunner$2.evaluate(ParentRunner.java:268)
	at org.junit.internal.runners.statements.RunBefores.evaluate(RunBefores.java:26)
	at org.junit.internal.runners.statements.RunAfters.evaluate(RunAfters.java:27)
	at org.junit.runners.ParentRunner.run(ParentRunner.java:363)
	at org.junit.runners.Suite.runChild(Suite.java:128)
	at org.junit.runners.Suite.runChild(Suite.java:27)
	at org.junit.runners.ParentRunner$3.run(ParentRunner.java:290)
	at org.junit.runners.ParentRunner$1.schedule(ParentRunner.java:71)
	at org.junit.runners.ParentRunner.runChildren(ParentRunner.java:288)
	at org.junit.runners.ParentRunner.access$000(ParentRunner.java:58)
	at org.junit.runners.ParentRunner$2.evaluate(ParentRunner.java:268)
	at org.junit.runners.ParentRunner.run(ParentRunner.java:363)
	at org.junit.runner.JUnitCore.run(JUnitCore.java:137)
	at org.junit.runner.JUnitCore.run(JUnitCore.java:115)
	at edu.illinois.cs.testrunner.execution.JUnitTestExecutor.execute(JUnitTestExecutor.java:259)
	at edu.illinois.cs.testrunner.execution.JUnitTestExecutor.executeWithJUnit4Runner(JUnitTestExecutor.java:327)
	at edu.illinois.cs.testrunner.execution.JUnitTestExecutor.runOrder(JUnitTestExecutor.java:49)
	at edu.illinois.cs.testrunner.execution.Executor$.$anonfun$run$1(Executor.scala:30)
	at scala.runtime.java8.JFunction0$mcV$sp.apply(JFunction0$mcV$sp.java:12)
	at scala.util.Try$.apply(Try.scala:209)
	at edu.illinois.cs.testrunner.execution.Executor$.run(Executor.scala:28)
	at edu.illinois.cs.testrunner.execution.Executor$.main(Executor.scala:18)
	at edu.illinois.cs.testrunner.execution.Executor.main(Executor.scala)
[apollo-client][main]2021-11-01 16:17:30,307 WARN  [org.eclipse.jetty.server.handler.ContextHandler] o.e.j.s.h.ContextHandler@524270b8{/,null,UNAVAILABLE} contextPath ends with /*
[apollo-client][main]2021-11-01 16:17:30,308 INFO  [org.eclipse.jetty.server.Server] jetty-9.4.12.v20180830; built: 2018-08-30T13:59:14.071Z; git: 27208684755d94a92186989f695db2d7b21ebc51; jvm 1.8.0_292-8u292-b10-0ubuntu1~18.04-b10
[apollo-client][main]2021-11-01 16:17:30,312 INFO  [org.eclipse.jetty.server.handler.ContextHandler] Started o.e.j.s.h.ContextHandler@524270b8{/configs,null,AVAILABLE}
[apollo-client][main]2021-11-01 16:17:30,312 INFO  [org.eclipse.jetty.server.handler.ContextHandler] Started o.e.j.s.h.ContextHandler@1f9f381d{/notifications/v2,null,AVAILABLE}
[apollo-client][main]2021-11-01 16:17:30,312 INFO  [org.eclipse.jetty.server.handler.ContextHandler] Started o.e.j.s.h.ContextHandler@34780cd9{/services/config,null,AVAILABLE}
[apollo-client][main]2021-11-01 16:17:30,316 INFO  [org.eclipse.jetty.server.AbstractConnector] Started ServerConnector@623ebac7{HTTP/1.1,[http/1.1]}{0.0.0.0:43805}
[apollo-client][main]2021-11-01 16:17:30,317 INFO  [org.eclipse.jetty.server.Server] Started @7302ms
[apollo-client][main]2021-11-01 16:17:30,329 INFO  [org.eclipse.jetty.server.AbstractConnector] Stopped ServerConnector@623ebac7{HTTP/1.1,[http/1.1]}{0.0.0.0:43805}
[apollo-client][main]2021-11-01 16:17:30,329 INFO  [org.eclipse.jetty.server.handler.ContextHandler] Stopped o.e.j.s.h.ContextHandler@34780cd9{/services/config,null,UNAVAILABLE}
[apollo-client][main]2021-11-01 16:17:30,329 INFO  [org.eclipse.jetty.server.handler.ContextHandler] Stopped o.e.j.s.h.ContextHandler@1f9f381d{/notifications/v2,null,UNAVAILABLE}
[apollo-client][main]2021-11-01 16:17:30,329 INFO  [org.eclipse.jetty.server.handler.ContextHandler] Stopped o.e.j.s.h.ContextHandler@524270b8{/configs,null,UNAVAILABLE}
org.junit.ComparisonFailure: expected:<[some]Value> but was:<[another]Value>
	at org.junit.Assert.assertEquals(Assert.java:115)
	at org.junit.Assert.assertEquals(Assert.java:144)
	at com.ctrip.framework.apollo.integration.ConfigIntegrationTest.testLongPollRefreshWithMultipleNamespacesAndMultipleNamespaceNotified(ConfigIntegrationTest.java:459)
	at sun.reflect.NativeMethodAccessorImpl.invoke0(Native Method)
	at sun.reflect.NativeMethodAccessorImpl.invoke(NativeMethodAccessorImpl.java:62)
	at sun.reflect.DelegatingMethodAccessorImpl.invoke(DelegatingMethodAccessorImpl.java:43)
	at java.lang.reflect.Method.invoke(Method.java:498)
	at org.junit.runners.model.FrameworkMethod$1.runReflectiveCall(FrameworkMethod.java:50)
	at org.junit.internal.runners.model.ReflectiveCallable.run(ReflectiveCallable.java:12)
	at org.junit.runners.model.FrameworkMethod.invokeExplosively(FrameworkMethod.java:47)
	at org.junit.internal.runners.statements.InvokeMethod.evaluate(InvokeMethod.java:17)
	at org.junit.internal.runners.statements.RunBefores.evaluate(RunBefores.java:26)
	at org.junit.internal.runners.statements.RunAfters.evaluate(RunAfters.java:27)
	at org.junit.runners.ParentRunner.runLeaf(ParentRunner.java:325)
	at org.junit.runners.BlockJUnit4ClassRunner.runChild(BlockJUnit4ClassRunner.java:78)
	at org.junit.runners.BlockJUnit4ClassRunner.runChild(BlockJUnit4ClassRunner.java:57)
	at org.junit.runners.ParentRunner$3.run(ParentRunner.java:290)
	at org.junit.runners.ParentRunner$1.schedule(ParentRunner.java:71)
	at org.junit.runners.ParentRunner.runChildren(ParentRunner.java:288)
	at org.junit.runners.ParentRunner.access$000(ParentRunner.java:58)
	at org.junit.runners.ParentRunner$2.evaluate(ParentRunner.java:268)
	at org.junit.internal.runners.statements.RunBefores.evaluate(RunBefores.java:26)
	at org.junit.internal.runners.statements.RunAfters.evaluate(RunAfters.java:27)
	at org.junit.runners.ParentRunner.run(ParentRunner.java:363)
	at org.junit.runners.Suite.runChild(Suite.java:128)
	at org.junit.runners.Suite.runChild(Suite.java:27)
	at org.junit.runners.ParentRunner$3.run(ParentRunner.java:290)
	at org.junit.runners.ParentRunner$1.schedule(ParentRunner.java:71)
	at org.junit.runners.ParentRunner.runChildren(ParentRunner.java:288)
	at org.junit.runners.ParentRunner.access$000(ParentRunner.java:58)
	at org.junit.runners.ParentRunner$2.evaluate(ParentRunner.java:268)
	at org.junit.runners.ParentRunner.run(ParentRunner.java:363)
	at org.junit.runner.JUnitCore.run(JUnitCore.java:137)
	at org.junit.runner.JUnitCore.run(JUnitCore.java:115)
	at edu.illinois.cs.testrunner.execution.JUnitTestExecutor.execute(JUnitTestExecutor.java:259)
	at edu.illinois.cs.testrunner.execution.JUnitTestExecutor.executeWithJUnit4Runner(JUnitTestExecutor.java:327)
	at edu.illinois.cs.testrunner.execution.JUnitTestExecutor.runOrder(JUnitTestExecutor.java:49)
	at edu.illinois.cs.testrunner.execution.Executor$.$anonfun$run$1(Executor.scala:30)
	at scala.runtime.java8.JFunction0$mcV$sp.apply(JFunction0$mcV$sp.java:12)
	at scala.util.Try$.apply(Try.scala:209)
	at edu.illinois.cs.testrunner.execution.Executor$.run(Executor.scala:28)
	at edu.illinois.cs.testrunner.execution.Executor$.main(Executor.scala:18)
	at edu.illinois.cs.testrunner.execution.Executor.main(Executor.scala)
[apollo-client][main]2021-11-01 16:17:30,333 WARN  [org.eclipse.jetty.server.handler.ContextHandler] o.e.j.s.h.ContextHandler@3f1ed068{/,null,UNAVAILABLE} contextPath ends with /*
[apollo-client][main]2021-11-01 16:17:30,333 INFO  [org.eclipse.jetty.server.Server] jetty-9.4.12.v20180830; built: 2018-08-30T13:59:14.071Z; git: 27208684755d94a92186989f695db2d7b21ebc51; jvm 1.8.0_292-8u292-b10-0ubuntu1~18.04-b10
[apollo-client][main]2021-11-01 16:17:30,338 INFO  [org.eclipse.jetty.server.handler.ContextHandler] Started o.e.j.s.h.ContextHandler@3f1ed068{/configs,null,AVAILABLE}
[apollo-client][main]2021-11-01 16:17:30,338 INFO  [org.eclipse.jetty.server.handler.ContextHandler] Started o.e.j.s.h.ContextHandler@8bd86c8{/services/config,null,AVAILABLE}
[apollo-client][main]2021-11-01 16:17:30,339 INFO  [org.eclipse.jetty.server.AbstractConnector] Started ServerConnector@4fa9ab6{HTTP/1.1,[http/1.1]}{0.0.0.0:43805}
[apollo-client][main]2021-11-01 16:17:30,339 INFO  [org.eclipse.jetty.server.Server] Started @7325ms
[apollo-client][main]2021-11-01 16:17:30,344 INFO  [org.eclipse.jetty.server.AbstractConnector] Stopped ServerConnector@4fa9ab6{HTTP/1.1,[http/1.1]}{0.0.0.0:43805}
[apollo-client][main]2021-11-01 16:17:30,344 INFO  [org.eclipse.jetty.server.handler.ContextHandler] Stopped o.e.j.s.h.ContextHandler@8bd86c8{/services/config,null,UNAVAILABLE}
[apollo-client][main]2021-11-01 16:17:30,346 INFO  [org.eclipse.jetty.server.handler.ContextHandler] Stopped o.e.j.s.h.ContextHandler@3f1ed068{/configs,null,UNAVAILABLE}
org.junit.ComparisonFailure: expected:<someKey[1]> but was:<someKey[]>
	at org.junit.Assert.assertEquals(Assert.java:115)
	at org.junit.Assert.assertEquals(Assert.java:144)
	at com.ctrip.framework.apollo.integration.ConfigIntegrationTest.testOrderGetConfigWithNoLocalFileButWithRemoteConfig(ConfigIntegrationTest.java:148)
	at sun.reflect.NativeMethodAccessorImpl.invoke0(Native Method)
	at sun.reflect.NativeMethodAccessorImpl.invoke(NativeMethodAccessorImpl.java:62)
	at sun.reflect.DelegatingMethodAccessorImpl.invoke(DelegatingMethodAccessorImpl.java:43)
	at java.lang.reflect.Method.invoke(Method.java:498)
	at org.junit.runners.model.FrameworkMethod$1.runReflectiveCall(FrameworkMethod.java:50)
	at org.junit.internal.runners.model.ReflectiveCallable.run(ReflectiveCallable.java:12)
	at org.junit.runners.model.FrameworkMethod.invokeExplosively(FrameworkMethod.java:47)
	at org.junit.internal.runners.statements.InvokeMethod.evaluate(InvokeMethod.java:17)
	at org.junit.internal.runners.statements.RunBefores.evaluate(RunBefores.java:26)
	at org.junit.internal.runners.statements.RunAfters.evaluate(RunAfters.java:27)
	at org.junit.runners.ParentRunner.runLeaf(ParentRunner.java:325)
	at org.junit.runners.BlockJUnit4ClassRunner.runChild(BlockJUnit4ClassRunner.java:78)
	at org.junit.runners.BlockJUnit4ClassRunner.runChild(BlockJUnit4ClassRunner.java:57)
	at org.junit.runners.ParentRunner$3.run(ParentRunner.java:290)
	at org.junit.runners.ParentRunner$1.schedule(ParentRunner.java:71)
	at org.junit.runners.ParentRunner.runChildren(ParentRunner.java:288)
	at org.junit.runners.ParentRunner.access$000(ParentRunner.java:58)
	at org.junit.runners.ParentRunner$2.evaluate(ParentRunner.java:268)
	at org.junit.internal.runners.statements.RunBefores.evaluate(RunBefores.java:26)
	at org.junit.internal.runners.statements.RunAfters.evaluate(RunAfters.java:27)
	at org.junit.runners.ParentRunner.run(ParentRunner.java:363)
	at org.junit.runners.Suite.runChild(Suite.java:128)
	at org.junit.runners.Suite.runChild(Suite.java:27)
	at org.junit.runners.ParentRunner$3.run(ParentRunner.java:290)
	at org.junit.runners.ParentRunner$1.schedule(ParentRunner.java:71)
	at org.junit.runners.ParentRunner.runChildren(ParentRunner.java:288)
	at org.junit.runners.ParentRunner.access$000(ParentRunner.java:58)
	at org.junit.runners.ParentRunner$2.evaluate(ParentRunner.java:268)
	at org.junit.runners.ParentRunner.run(ParentRunner.java:363)
	at org.junit.runner.JUnitCore.run(JUnitCore.java:137)
	at org.junit.runner.JUnitCore.run(JUnitCore.java:115)
	at edu.illinois.cs.testrunner.execution.JUnitTestExecutor.execute(JUnitTestExecutor.java:259)
	at edu.illinois.cs.testrunner.execution.JUnitTestExecutor.executeWithJUnit4Runner(JUnitTestExecutor.java:327)
	at edu.illinois.cs.testrunner.execution.JUnitTestExecutor.runOrder(JUnitTestExecutor.java:49)
	at edu.illinois.cs.testrunner.execution.Executor$.$anonfun$run$1(Executor.scala:30)
	at scala.runtime.java8.JFunction0$mcV$sp.apply(JFunction0$mcV$sp.java:12)
	at scala.util.Try$.apply(Try.scala:209)
	at edu.illinois.cs.testrunner.execution.Executor$.run(Executor.scala:28)
	at edu.illinois.cs.testrunner.execution.Executor$.main(Executor.scala:18)
	at edu.illinois.cs.testrunner.execution.Executor.main(Executor.scala)
[apollo-client][main]2021-11-01 16:17:30,348 WARN  [org.eclipse.jetty.server.handler.ContextHandler] o.e.j.s.h.ContextHandler@7a485a36{/,null,UNAVAILABLE} contextPath ends with /*
[apollo-client][main]2021-11-01 16:17:30,348 INFO  [org.eclipse.jetty.server.Server] jetty-9.4.12.v20180830; built: 2018-08-30T13:59:14.071Z; git: 27208684755d94a92186989f695db2d7b21ebc51; jvm 1.8.0_292-8u292-b10-0ubuntu1~18.04-b10
[apollo-client][main]2021-11-01 16:17:30,352 INFO  [org.eclipse.jetty.server.handler.ContextHandler] Started o.e.j.s.h.ContextHandler@7a485a36{/configs,null,AVAILABLE}
[apollo-client][main]2021-11-01 16:17:30,352 INFO  [org.eclipse.jetty.server.handler.ContextHandler] Started o.e.j.s.h.ContextHandler@43f1bb92{/services/config,null,AVAILABLE}
[apollo-client][main]2021-11-01 16:17:30,356 INFO  [org.eclipse.jetty.server.AbstractConnector] Started ServerConnector@6d6bbd35{HTTP/1.1,[http/1.1]}{0.0.0.0:43805}
[apollo-client][main]2021-11-01 16:17:30,356 INFO  [org.eclipse.jetty.server.Server] Started @7342ms
[apollo-client][main]2021-11-01 16:17:30,358 INFO  [org.eclipse.jetty.server.AbstractConnector] Stopped ServerConnector@6d6bbd35{HTTP/1.1,[http/1.1]}{0.0.0.0:43805}
[apollo-client][main]2021-11-01 16:17:30,358 INFO  [org.eclipse.jetty.server.handler.ContextHandler] Stopped o.e.j.s.h.ContextHandler@43f1bb92{/services/config,null,UNAVAILABLE}
[apollo-client][main]2021-11-01 16:17:30,359 INFO  [org.eclipse.jetty.server.handler.ContextHandler] Stopped o.e.j.s.h.ContextHandler@7a485a36{/configs,null,UNAVAILABLE}
java.util.NoSuchElementException
	at java.util.LinkedHashMap$LinkedHashIterator.nextNode(LinkedHashMap.java:721)
	at java.util.LinkedHashMap$LinkedKeyIterator.next(LinkedHashMap.java:742)
	at com.ctrip.framework.apollo.integration.ConfigIntegrationTest.testOrderGetConfigWithLocalFileAndWithRemoteConfig(ConfigIntegrationTest.java:206)
	at sun.reflect.NativeMethodAccessorImpl.invoke0(Native Method)
	at sun.reflect.NativeMethodAccessorImpl.invoke(NativeMethodAccessorImpl.java:62)
	at sun.reflect.DelegatingMethodAccessorImpl.invoke(DelegatingMethodAccessorImpl.java:43)
	at java.lang.reflect.Method.invoke(Method.java:498)
	at org.junit.runners.model.FrameworkMethod$1.runReflectiveCall(FrameworkMethod.java:50)
	at org.junit.internal.runners.model.ReflectiveCallable.run(ReflectiveCallable.java:12)
	at org.junit.runners.model.FrameworkMethod.invokeExplosively(FrameworkMethod.java:47)
	at org.junit.internal.runners.statements.InvokeMethod.evaluate(InvokeMethod.java:17)
	at org.junit.internal.runners.statements.RunBefores.evaluate(RunBefores.java:26)
	at org.junit.internal.runners.statements.RunAfters.evaluate(RunAfters.java:27)
	at org.junit.runners.ParentRunner.runLeaf(ParentRunner.java:325)
	at org.junit.runners.BlockJUnit4ClassRunner.runChild(BlockJUnit4ClassRunner.java:78)
	at org.junit.runners.BlockJUnit4ClassRunner.runChild(BlockJUnit4ClassRunner.java:57)
	at org.junit.runners.ParentRunner$3.run(ParentRunner.java:290)
	at org.junit.runners.ParentRunner$1.schedule(ParentRunner.java:71)
	at org.junit.runners.ParentRunner.runChildren(ParentRunner.java:288)
	at org.junit.runners.ParentRunner.access$000(ParentRunner.java:58)
	at org.junit.runners.ParentRunner$2.evaluate(ParentRunner.java:268)
	at org.junit.internal.runners.statements.RunBefores.evaluate(RunBefores.java:26)
	at org.junit.internal.runners.statements.RunAfters.evaluate(RunAfters.java:27)
	at org.junit.runners.ParentRunner.run(ParentRunner.java:363)
	at org.junit.runners.Suite.runChild(Suite.java:128)
	at org.junit.runners.Suite.runChild(Suite.java:27)
	at org.junit.runners.ParentRunner$3.run(ParentRunner.java:290)
	at org.junit.runners.ParentRunner$1.schedule(ParentRunner.java:71)
	at org.junit.runners.ParentRunner.runChildren(ParentRunner.java:288)
	at org.junit.runners.ParentRunner.access$000(ParentRunner.java:58)
	at org.junit.runners.ParentRunner$2.evaluate(ParentRunner.java:268)
	at org.junit.runners.ParentRunner.run(ParentRunner.java:363)
	at org.junit.runner.JUnitCore.run(JUnitCore.java:137)
	at org.junit.runner.JUnitCore.run(JUnitCore.java:115)
	at edu.illinois.cs.testrunner.execution.JUnitTestExecutor.execute(JUnitTestExecutor.java:259)
	at edu.illinois.cs.testrunner.execution.JUnitTestExecutor.executeWithJUnit4Runner(JUnitTestExecutor.java:327)
	at edu.illinois.cs.testrunner.execution.JUnitTestExecutor.runOrder(JUnitTestExecutor.java:49)
	at edu.illinois.cs.testrunner.execution.Executor$.$anonfun$run$1(Executor.scala:30)
	at scala.runtime.java8.JFunction0$mcV$sp.apply(JFunction0$mcV$sp.java:12)
	at scala.util.Try$.apply(Try.scala:209)
	at edu.illinois.cs.testrunner.execution.Executor$.run(Executor.scala:28)
	at edu.illinois.cs.testrunner.execution.Executor$.main(Executor.scala:18)
	at edu.illinois.cs.testrunner.execution.Executor.main(Executor.scala)
[apollo-client][main]2021-11-01 16:17:30,365 WARN  [org.eclipse.jetty.server.handler.ContextHandler] o.e.j.s.h.ContextHandler@6a818392{/,null,UNAVAILABLE} contextPath ends with /*
[apollo-client][main]2021-11-01 16:17:30,365 INFO  [org.eclipse.jetty.server.Server] jetty-9.4.12.v20180830; built: 2018-08-30T13:59:14.071Z; git: 27208684755d94a92186989f695db2d7b21ebc51; jvm 1.8.0_292-8u292-b10-0ubuntu1~18.04-b10
[apollo-client][main]2021-11-01 16:17:30,370 INFO  [org.eclipse.jetty.server.handler.ContextHandler] Started o.e.j.s.h.ContextHandler@6a818392{/configs,null,AVAILABLE}
[apollo-client][main]2021-11-01 16:17:30,370 INFO  [org.eclipse.jetty.server.handler.ContextHandler] Started o.e.j.s.h.ContextHandler@7a81065e{/services/config,null,AVAILABLE}
[apollo-client][main]2021-11-01 16:17:30,371 INFO  [org.eclipse.jetty.server.AbstractConnector] Started ServerConnector@6cd3ad8a{HTTP/1.1,[http/1.1]}{0.0.0.0:43805}
[apollo-client][main]2021-11-01 16:17:30,371 INFO  [org.eclipse.jetty.server.Server] Started @7357ms
[apollo-client][main]2021-11-01 16:17:30,373 INFO  [org.eclipse.jetty.server.AbstractConnector] Stopped ServerConnector@6cd3ad8a{HTTP/1.1,[http/1.1]}{0.0.0.0:43805}
[apollo-client][main]2021-11-01 16:17:30,373 INFO  [org.eclipse.jetty.server.handler.ContextHandler] Stopped o.e.j.s.h.ContextHandler@7a81065e{/services/config,null,UNAVAILABLE}
[apollo-client][main]2021-11-01 16:17:30,373 INFO  [org.eclipse.jetty.server.handler.ContextHandler] Stopped o.e.j.s.h.ContextHandler@6a818392{/configs,null,UNAVAILABLE}
java.lang.AssertionError: expected:<someValue1> but was:<null>
	at org.junit.Assert.fail(Assert.java:88)
	at org.junit.Assert.failNotEquals(Assert.java:834)
	at org.junit.Assert.assertEquals(Assert.java:118)
	at org.junit.Assert.assertEquals(Assert.java:144)
	at com.ctrip.framework.apollo.integration.ConfigIntegrationTest.testOrderGetConfigWithLocalFileAndRemoteConfigError(ConfigIntegrationTest.java:261)
	at sun.reflect.NativeMethodAccessorImpl.invoke0(Native Method)
	at sun.reflect.NativeMethodAccessorImpl.invoke(NativeMethodAccessorImpl.java:62)
	at sun.reflect.DelegatingMethodAccessorImpl.invoke(DelegatingMethodAccessorImpl.java:43)
	at java.lang.reflect.Method.invoke(Method.java:498)
	at org.junit.runners.model.FrameworkMethod$1.runReflectiveCall(FrameworkMethod.java:50)
	at org.junit.internal.runners.model.ReflectiveCallable.run(ReflectiveCallable.java:12)
	at org.junit.runners.model.FrameworkMethod.invokeExplosively(FrameworkMethod.java:47)
	at org.junit.internal.runners.statements.InvokeMethod.evaluate(InvokeMethod.java:17)
	at org.junit.internal.runners.statements.RunBefores.evaluate(RunBefores.java:26)
	at org.junit.internal.runners.statements.RunAfters.evaluate(RunAfters.java:27)
	at org.junit.runners.ParentRunner.runLeaf(ParentRunner.java:325)
	at org.junit.runners.BlockJUnit4ClassRunner.runChild(BlockJUnit4ClassRunner.java:78)
	at org.junit.runners.BlockJUnit4ClassRunner.runChild(BlockJUnit4ClassRunner.java:57)
	at org.junit.runners.ParentRunner$3.run(ParentRunner.java:290)
	at org.junit.runners.ParentRunner$1.schedule(ParentRunner.java:71)
	at org.junit.runners.ParentRunner.runChildren(ParentRunner.java:288)
	at org.junit.runners.ParentRunner.access$000(ParentRunner.java:58)
	at org.junit.runners.ParentRunner$2.evaluate(ParentRunner.java:268)
	at org.junit.internal.runners.statements.RunBefores.evaluate(RunBefores.java:26)
	at org.junit.internal.runners.statements.RunAfters.evaluate(RunAfters.java:27)
	at org.junit.runners.ParentRunner.run(ParentRunner.java:363)
	at org.junit.runners.Suite.runChild(Suite.java:128)
	at org.junit.runners.Suite.runChild(Suite.java:27)
	at org.junit.runners.ParentRunner$3.run(ParentRunner.java:290)
	at org.junit.runners.ParentRunner$1.schedule(ParentRunner.java:71)
	at org.junit.runners.ParentRunner.runChildren(ParentRunner.java:288)
	at org.junit.runners.ParentRunner.access$000(ParentRunner.java:58)
	at org.junit.runners.ParentRunner$2.evaluate(ParentRunner.java:268)
	at org.junit.runners.ParentRunner.run(ParentRunner.java:363)
	at org.junit.runner.JUnitCore.run(JUnitCore.java:137)
	at org.junit.runner.JUnitCore.run(JUnitCore.java:115)
	at edu.illinois.cs.testrunner.execution.JUnitTestExecutor.execute(JUnitTestExecutor.java:259)
	at edu.illinois.cs.testrunner.execution.JUnitTestExecutor.executeWithJUnit4Runner(JUnitTestExecutor.java:327)
	at edu.illinois.cs.testrunner.execution.JUnitTestExecutor.runOrder(JUnitTestExecutor.java:49)
	at edu.illinois.cs.testrunner.execution.Executor$.$anonfun$run$1(Executor.scala:30)
	at scala.runtime.java8.JFunction0$mcV$sp.apply(JFunction0$mcV$sp.java:12)
	at scala.util.Try$.apply(Try.scala:209)
	at edu.illinois.cs.testrunner.execution.Executor$.run(Executor.scala:28)
	at edu.illinois.cs.testrunner.execution.Executor$.main(Executor.scala:18)
	at edu.illinois.cs.testrunner.execution.Executor.main(Executor.scala)
