[apollo-client][main]2021-11-01 16:20:06,860 INFO  [org.springframework.boot.test.context.SpringBootTestContextBootstrapper] Neither @ContextConfiguration nor @ContextHierarchy found for test class [com.ctrip.framework.apollo.spring.BootstrapConfigTest$TestWithBootstrapEnabledAndNamespacesAndConditionalOn], using SpringBootContextLoader
[apollo-client][main]2021-11-01 16:20:06,866 INFO  [org.springframework.test.context.support.AbstractContextLoader] Could not detect default resource locations for test class [com.ctrip.framework.apollo.spring.BootstrapConfigTest$TestWithBootstrapEnabledAndNamespacesAndConditionalOn]: no resource found for suffixes {-context.xml, Context.groovy}.
[apollo-client][main]2021-11-01 16:20:06,907 INFO  [org.springframework.boot.test.context.SpringBootTestContextBootstrapper] Loaded default TestExecutionListener class names from location [META-INF/spring.factories]: [org.springframework.boot.test.mock.mockito.MockitoTestExecutionListener, org.springframework.boot.test.mock.mockito.ResetMocksTestExecutionListener, org.springframework.boot.test.autoconfigure.restdocs.RestDocsTestExecutionListener, org.springframework.boot.test.autoconfigure.web.client.MockRestServiceServerResetTestExecutionListener, org.springframework.boot.test.autoconfigure.web.servlet.MockMvcPrintOnlyOnFailureTestExecutionListener, org.springframework.boot.test.autoconfigure.web.servlet.WebDriverTestExecutionListener, org.springframework.test.context.web.ServletTestExecutionListener, org.springframework.test.context.support.DirtiesContextBeforeModesTestExecutionListener, org.springframework.test.context.support.DependencyInjectionTestExecutionListener, org.springframework.test.context.support.DirtiesContextTestExecutionListener, org.springframework.test.context.transaction.TransactionalTestExecutionListener, org.springframework.test.context.jdbc.SqlScriptsTestExecutionListener]
[apollo-client][main]2021-11-01 16:20:06,916 INFO  [org.springframework.boot.test.context.SpringBootTestContextBootstrapper] Using TestExecutionListeners: [org.springframework.test.context.support.DirtiesContextBeforeModesTestExecutionListener@7bd7d6d6, org.springframework.boot.test.mock.mockito.MockitoTestExecutionListener@43f02ef2, org.springframework.boot.test.autoconfigure.SpringBootDependencyInjectionTestExecutionListener@239a307b, org.springframework.test.context.support.DirtiesContextTestExecutionListener@2a8448fa, org.springframework.boot.test.mock.mockito.ResetMocksTestExecutionListener@6f204a1a, org.springframework.boot.test.autoconfigure.restdocs.RestDocsTestExecutionListener@2de56eb2, org.springframework.boot.test.autoconfigure.web.client.MockRestServiceServerResetTestExecutionListener@5f8e8a9d, org.springframework.boot.test.autoconfigure.web.servlet.MockMvcPrintOnlyOnFailureTestExecutionListener@5745ca0e, org.springframework.boot.test.autoconfigure.web.servlet.WebDriverTestExecutionListener@3ad83a66]
[apollo-client][main]2021-11-01 16:20:06,917 INFO  [org.springframework.boot.test.context.SpringBootTestContextBootstrapper] Neither @ContextConfiguration nor @ContextHierarchy found for test class [com.ctrip.framework.apollo.spring.BootstrapConfigTest$TestWithBootstrapEnabledAndEagerLoadEnabled], using SpringBootContextLoader
[apollo-client][main]2021-11-01 16:20:06,917 INFO  [org.springframework.test.context.support.AbstractContextLoader] Could not detect default resource locations for test class [com.ctrip.framework.apollo.spring.BootstrapConfigTest$TestWithBootstrapEnabledAndEagerLoadEnabled]: no resource found for suffixes {-context.xml, Context.groovy}.
[apollo-client][main]2021-11-01 16:20:06,924 INFO  [org.springframework.boot.test.context.SpringBootTestContextBootstrapper] Loaded default TestExecutionListener class names from location [META-INF/spring.factories]: [org.springframework.boot.test.mock.mockito.MockitoTestExecutionListener, org.springframework.boot.test.mock.mockito.ResetMocksTestExecutionListener, org.springframework.boot.test.autoconfigure.restdocs.RestDocsTestExecutionListener, org.springframework.boot.test.autoconfigure.web.client.MockRestServiceServerResetTestExecutionListener, org.springframework.boot.test.autoconfigure.web.servlet.MockMvcPrintOnlyOnFailureTestExecutionListener, org.springframework.boot.test.autoconfigure.web.servlet.WebDriverTestExecutionListener, org.springframework.test.context.web.ServletTestExecutionListener, org.springframework.test.context.support.DirtiesContextBeforeModesTestExecutionListener, org.springframework.test.context.support.DependencyInjectionTestExecutionListener, org.springframework.test.context.support.DirtiesContextTestExecutionListener, org.springframework.test.context.transaction.TransactionalTestExecutionListener, org.springframework.test.context.jdbc.SqlScriptsTestExecutionListener]
[apollo-client][main]2021-11-01 16:20:06,927 INFO  [org.springframework.boot.test.context.SpringBootTestContextBootstrapper] Using TestExecutionListeners: [org.springframework.test.context.support.DirtiesContextBeforeModesTestExecutionListener@782859e, org.springframework.boot.test.mock.mockito.MockitoTestExecutionListener@23f5b5dc, org.springframework.boot.test.autoconfigure.SpringBootDependencyInjectionTestExecutionListener@34bde49d, org.springframework.test.context.support.DirtiesContextTestExecutionListener@1b1cfb87, org.springframework.boot.test.mock.mockito.ResetMocksTestExecutionListener@821330f, org.springframework.boot.test.autoconfigure.restdocs.RestDocsTestExecutionListener@6f43c82, org.springframework.boot.test.autoconfigure.web.client.MockRestServiceServerResetTestExecutionListener@5db6b9cd, org.springframework.boot.test.autoconfigure.web.servlet.MockMvcPrintOnlyOnFailureTestExecutionListener@210ab13f, org.springframework.boot.test.autoconfigure.web.servlet.WebDriverTestExecutionListener@20b2475a]
[apollo-client][main]2021-11-01 16:20:06,929 INFO  [org.springframework.boot.test.context.SpringBootTestContextBootstrapper] Neither @ContextConfiguration nor @ContextHierarchy found for test class [com.ctrip.framework.apollo.spring.BootstrapConfigTest$TestWithBootstrapEnabledAndDefaultNamespacesAndConditionalOnFailed], using SpringBootContextLoader
[apollo-client][main]2021-11-01 16:20:06,930 INFO  [org.springframework.test.context.support.AbstractContextLoader] Could not detect default resource locations for test class [com.ctrip.framework.apollo.spring.BootstrapConfigTest$TestWithBootstrapEnabledAndDefaultNamespacesAndConditionalOnFailed]: no resource found for suffixes {-context.xml, Context.groovy}.
[apollo-client][main]2021-11-01 16:20:06,939 INFO  [org.springframework.boot.test.context.SpringBootTestContextBootstrapper] Loaded default TestExecutionListener class names from location [META-INF/spring.factories]: [org.springframework.boot.test.mock.mockito.MockitoTestExecutionListener, org.springframework.boot.test.mock.mockito.ResetMocksTestExecutionListener, org.springframework.boot.test.autoconfigure.restdocs.RestDocsTestExecutionListener, org.springframework.boot.test.autoconfigure.web.client.MockRestServiceServerResetTestExecutionListener, org.springframework.boot.test.autoconfigure.web.servlet.MockMvcPrintOnlyOnFailureTestExecutionListener, org.springframework.boot.test.autoconfigure.web.servlet.WebDriverTestExecutionListener, org.springframework.test.context.web.ServletTestExecutionListener, org.springframework.test.context.support.DirtiesContextBeforeModesTestExecutionListener, org.springframework.test.context.support.DependencyInjectionTestExecutionListener, org.springframework.test.context.support.DirtiesContextTestExecutionListener, org.springframework.test.context.transaction.TransactionalTestExecutionListener, org.springframework.test.context.jdbc.SqlScriptsTestExecutionListener]
[apollo-client][main]2021-11-01 16:20:06,943 INFO  [org.springframework.boot.test.context.SpringBootTestContextBootstrapper] Using TestExecutionListeners: [org.springframework.test.context.support.DirtiesContextBeforeModesTestExecutionListener@1b66c0fb, org.springframework.boot.test.mock.mockito.MockitoTestExecutionListener@3e0e1046, org.springframework.boot.test.autoconfigure.SpringBootDependencyInjectionTestExecutionListener@24c1b2d2, org.springframework.test.context.support.DirtiesContextTestExecutionListener@7dc19a70, org.springframework.boot.test.mock.mockito.ResetMocksTestExecutionListener@508dec2b, org.springframework.boot.test.autoconfigure.restdocs.RestDocsTestExecutionListener@1e4f4a5c, org.springframework.boot.test.autoconfigure.web.client.MockRestServiceServerResetTestExecutionListener@37313c65, org.springframework.boot.test.autoconfigure.web.servlet.MockMvcPrintOnlyOnFailureTestExecutionListener@465232e9, org.springframework.boot.test.autoconfigure.web.servlet.WebDriverTestExecutionListener@798162bc]
[apollo-client][main]2021-11-01 16:20:06,944 INFO  [org.springframework.boot.test.context.SpringBootTestContextBootstrapper] Neither @ContextConfiguration nor @ContextHierarchy found for test class [com.ctrip.framework.apollo.spring.BootstrapConfigTest$TestWithBootstrapDisabledAndDefaultNamespacesAndConditionalOn], using SpringBootContextLoader
[apollo-client][main]2021-11-01 16:20:06,945 INFO  [org.springframework.test.context.support.AbstractContextLoader] Could not detect default resource locations for test class [com.ctrip.framework.apollo.spring.BootstrapConfigTest$TestWithBootstrapDisabledAndDefaultNamespacesAndConditionalOn]: no resource found for suffixes {-context.xml, Context.groovy}.
[apollo-client][main]2021-11-01 16:20:06,953 INFO  [org.springframework.boot.test.context.SpringBootTestContextBootstrapper] Loaded default TestExecutionListener class names from location [META-INF/spring.factories]: [org.springframework.boot.test.mock.mockito.MockitoTestExecutionListener, org.springframework.boot.test.mock.mockito.ResetMocksTestExecutionListener, org.springframework.boot.test.autoconfigure.restdocs.RestDocsTestExecutionListener, org.springframework.boot.test.autoconfigure.web.client.MockRestServiceServerResetTestExecutionListener, org.springframework.boot.test.autoconfigure.web.servlet.MockMvcPrintOnlyOnFailureTestExecutionListener, org.springframework.boot.test.autoconfigure.web.servlet.WebDriverTestExecutionListener, org.springframework.test.context.web.ServletTestExecutionListener, org.springframework.test.context.support.DirtiesContextBeforeModesTestExecutionListener, org.springframework.test.context.support.DependencyInjectionTestExecutionListener, org.springframework.test.context.support.DirtiesContextTestExecutionListener, org.springframework.test.context.transaction.TransactionalTestExecutionListener, org.springframework.test.context.jdbc.SqlScriptsTestExecutionListener]
[apollo-client][main]2021-11-01 16:20:06,955 INFO  [org.springframework.boot.test.context.SpringBootTestContextBootstrapper] Using TestExecutionListeners: [org.springframework.test.context.support.DirtiesContextBeforeModesTestExecutionListener@4ee203eb, org.springframework.boot.test.mock.mockito.MockitoTestExecutionListener@1a5a4e19, org.springframework.boot.test.autoconfigure.SpringBootDependencyInjectionTestExecutionListener@7068e664, org.springframework.test.context.support.DirtiesContextTestExecutionListener@60db1c0e, org.springframework.boot.test.mock.mockito.ResetMocksTestExecutionListener@3e78b6a5, org.springframework.boot.test.autoconfigure.restdocs.RestDocsTestExecutionListener@769a1df5, org.springframework.boot.test.autoconfigure.web.client.MockRestServiceServerResetTestExecutionListener@41f69e84, org.springframework.boot.test.autoconfigure.web.servlet.MockMvcPrintOnlyOnFailureTestExecutionListener@7975d1d8, org.springframework.boot.test.autoconfigure.web.servlet.WebDriverTestExecutionListener@2438dcd]
[apollo-client][main]2021-11-01 16:20:06,958 INFO  [org.springframework.boot.test.context.SpringBootTestContextBootstrapper] Neither @ContextConfiguration nor @ContextHierarchy found for test class [com.ctrip.framework.apollo.spring.BootstrapConfigTest$TestWithBootstrapEnabledAndDefaultNamespacesAndConditionalOn], using SpringBootContextLoader
[apollo-client][main]2021-11-01 16:20:06,959 INFO  [org.springframework.test.context.support.AbstractContextLoader] Could not detect default resource locations for test class [com.ctrip.framework.apollo.spring.BootstrapConfigTest$TestWithBootstrapEnabledAndDefaultNamespacesAndConditionalOn]: no resource found for suffixes {-context.xml, Context.groovy}.
[apollo-client][main]2021-11-01 16:20:06,969 INFO  [org.springframework.boot.test.context.SpringBootTestContextBootstrapper] Loaded default TestExecutionListener class names from location [META-INF/spring.factories]: [org.springframework.boot.test.mock.mockito.MockitoTestExecutionListener, org.springframework.boot.test.mock.mockito.ResetMocksTestExecutionListener, org.springframework.boot.test.autoconfigure.restdocs.RestDocsTestExecutionListener, org.springframework.boot.test.autoconfigure.web.client.MockRestServiceServerResetTestExecutionListener, org.springframework.boot.test.autoconfigure.web.servlet.MockMvcPrintOnlyOnFailureTestExecutionListener, org.springframework.boot.test.autoconfigure.web.servlet.WebDriverTestExecutionListener, org.springframework.test.context.web.ServletTestExecutionListener, org.springframework.test.context.support.DirtiesContextBeforeModesTestExecutionListener, org.springframework.test.context.support.DependencyInjectionTestExecutionListener, org.springframework.test.context.support.DirtiesContextTestExecutionListener, org.springframework.test.context.transaction.TransactionalTestExecutionListener, org.springframework.test.context.jdbc.SqlScriptsTestExecutionListener]
[apollo-client][main]2021-11-01 16:20:06,971 INFO  [org.springframework.boot.test.context.SpringBootTestContextBootstrapper] Using TestExecutionListeners: [org.springframework.test.context.support.DirtiesContextBeforeModesTestExecutionListener@4ef74c30, org.springframework.boot.test.mock.mockito.MockitoTestExecutionListener@7283d3eb, org.springframework.boot.test.autoconfigure.SpringBootDependencyInjectionTestExecutionListener@638ef7ed, org.springframework.test.context.support.DirtiesContextTestExecutionListener@4bff7da0, org.springframework.boot.test.mock.mockito.ResetMocksTestExecutionListener@3f1d2e23, org.springframework.boot.test.autoconfigure.restdocs.RestDocsTestExecutionListener@536dbea0, org.springframework.boot.test.autoconfigure.web.client.MockRestServiceServerResetTestExecutionListener@47c81abf, org.springframework.boot.test.autoconfigure.web.servlet.MockMvcPrintOnlyOnFailureTestExecutionListener@776a6d9b, org.springframework.boot.test.autoconfigure.web.servlet.WebDriverTestExecutionListener@21d03963]
[apollo-client][main]2021-11-01 16:20:06,972 INFO  [org.springframework.boot.test.context.SpringBootTestContextBootstrapper] Neither @ContextConfiguration nor @ContextHierarchy found for test class [com.ctrip.framework.apollo.spring.BootstrapConfigTest$TestWithBootstrapEnabledAndDefaultNamespacesAndConditionalOnFailedWithYamlFile], using SpringBootContextLoader
[apollo-client][main]2021-11-01 16:20:06,973 INFO  [org.springframework.test.context.support.AbstractContextLoader] Could not detect default resource locations for test class [com.ctrip.framework.apollo.spring.BootstrapConfigTest$TestWithBootstrapEnabledAndDefaultNamespacesAndConditionalOnFailedWithYamlFile]: no resource found for suffixes {-context.xml, Context.groovy}.
[apollo-client][main]2021-11-01 16:20:06,981 INFO  [org.springframework.boot.test.context.SpringBootTestContextBootstrapper] Loaded default TestExecutionListener class names from location [META-INF/spring.factories]: [org.springframework.boot.test.mock.mockito.MockitoTestExecutionListener, org.springframework.boot.test.mock.mockito.ResetMocksTestExecutionListener, org.springframework.boot.test.autoconfigure.restdocs.RestDocsTestExecutionListener, org.springframework.boot.test.autoconfigure.web.client.MockRestServiceServerResetTestExecutionListener, org.springframework.boot.test.autoconfigure.web.servlet.MockMvcPrintOnlyOnFailureTestExecutionListener, org.springframework.boot.test.autoconfigure.web.servlet.WebDriverTestExecutionListener, org.springframework.test.context.web.ServletTestExecutionListener, org.springframework.test.context.support.DirtiesContextBeforeModesTestExecutionListener, org.springframework.test.context.support.DependencyInjectionTestExecutionListener, org.springframework.test.context.support.DirtiesContextTestExecutionListener, org.springframework.test.context.transaction.TransactionalTestExecutionListener, org.springframework.test.context.jdbc.SqlScriptsTestExecutionListener]
[apollo-client][main]2021-11-01 16:20:06,984 INFO  [org.springframework.boot.test.context.SpringBootTestContextBootstrapper] Using TestExecutionListeners: [org.springframework.test.context.support.DirtiesContextBeforeModesTestExecutionListener@57a3e26a, org.springframework.boot.test.mock.mockito.MockitoTestExecutionListener@75c56eb9, org.springframework.boot.test.autoconfigure.SpringBootDependencyInjectionTestExecutionListener@4bc222e, org.springframework.test.context.support.DirtiesContextTestExecutionListener@2dc9b0f5, org.springframework.boot.test.mock.mockito.ResetMocksTestExecutionListener@6531a794, org.springframework.boot.test.autoconfigure.restdocs.RestDocsTestExecutionListener@3b5fad2d, org.springframework.boot.test.autoconfigure.web.client.MockRestServiceServerResetTestExecutionListener@5e17553a, org.springframework.boot.test.autoconfigure.web.servlet.MockMvcPrintOnlyOnFailureTestExecutionListener@3eb91815, org.springframework.boot.test.autoconfigure.web.servlet.WebDriverTestExecutionListener@56dc1551]
[apollo-client][main]2021-11-01 16:20:06,987 INFO  [org.springframework.boot.test.context.SpringBootTestContextBootstrapper] Neither @ContextConfiguration nor @ContextHierarchy found for test class [com.ctrip.framework.apollo.spring.BootstrapConfigTest$TestWithBootstrapEnabledAndDefaultNamespacesAndConditionalOff], using SpringBootContextLoader
[apollo-client][main]2021-11-01 16:20:06,988 INFO  [org.springframework.test.context.support.AbstractContextLoader] Could not detect default resource locations for test class [com.ctrip.framework.apollo.spring.BootstrapConfigTest$TestWithBootstrapEnabledAndDefaultNamespacesAndConditionalOff]: no resource found for suffixes {-context.xml, Context.groovy}.
[apollo-client][main]2021-11-01 16:20:06,994 INFO  [org.springframework.boot.test.context.SpringBootTestContextBootstrapper] Loaded default TestExecutionListener class names from location [META-INF/spring.factories]: [org.springframework.boot.test.mock.mockito.MockitoTestExecutionListener, org.springframework.boot.test.mock.mockito.ResetMocksTestExecutionListener, org.springframework.boot.test.autoconfigure.restdocs.RestDocsTestExecutionListener, org.springframework.boot.test.autoconfigure.web.client.MockRestServiceServerResetTestExecutionListener, org.springframework.boot.test.autoconfigure.web.servlet.MockMvcPrintOnlyOnFailureTestExecutionListener, org.springframework.boot.test.autoconfigure.web.servlet.WebDriverTestExecutionListener, org.springframework.test.context.web.ServletTestExecutionListener, org.springframework.test.context.support.DirtiesContextBeforeModesTestExecutionListener, org.springframework.test.context.support.DependencyInjectionTestExecutionListener, org.springframework.test.context.support.DirtiesContextTestExecutionListener, org.springframework.test.context.transaction.TransactionalTestExecutionListener, org.springframework.test.context.jdbc.SqlScriptsTestExecutionListener]
[apollo-client][main]2021-11-01 16:20:06,996 INFO  [org.springframework.boot.test.context.SpringBootTestContextBootstrapper] Using TestExecutionListeners: [org.springframework.test.context.support.DirtiesContextBeforeModesTestExecutionListener@2a7ed1f, org.springframework.boot.test.mock.mockito.MockitoTestExecutionListener@3fa247d1, org.springframework.boot.test.autoconfigure.SpringBootDependencyInjectionTestExecutionListener@2cb2fc20, org.springframework.test.context.support.DirtiesContextTestExecutionListener@4f4c4b1a, org.springframework.boot.test.mock.mockito.ResetMocksTestExecutionListener@723e88f9, org.springframework.boot.test.autoconfigure.restdocs.RestDocsTestExecutionListener@5f0fd5a0, org.springframework.boot.test.autoconfigure.web.client.MockRestServiceServerResetTestExecutionListener@64e7619d, org.springframework.boot.test.autoconfigure.web.servlet.MockMvcPrintOnlyOnFailureTestExecutionListener@495ee280, org.springframework.boot.test.autoconfigure.web.servlet.WebDriverTestExecutionListener@4fa1c212]
[apollo-client][main]2021-11-01 16:20:07,264 WARN  [com.ctrip.framework.foundation.internals.provider.DefaultApplicationProvider] app.id is not available from System Property and /META-INF/app.properties. It is set to null
[apollo-client][main]2021-11-01 16:20:07,265 WARN  [com.ctrip.framework.foundation.internals.provider.DefaultApplicationProvider] app.label is not available from System Property and /META-INF/app.properties. It is set to null
[apollo-client][main]2021-11-01 16:20:07,267 INFO  [com.ctrip.framework.foundation.internals.provider.DefaultServerProvider] Environment is set to null. Because it is not available in either (1) JVM system property 'env', (2) OS env variable 'ENV' nor (3) property 'env' from the properties InputStream.
[apollo-client][main]2021-11-01 16:20:07,268 WARN  [com.ctrip.framework.apollo.core.utils.DeprecatedPropertyNotifyUtil] [apollo.configService] is deprecated since 1.9.0 and will be removed in a future version, please use the [apollo.config-service] instead.
[apollo-client][main]2021-11-01 16:20:07,388 WARN  [com.ctrip.framework.apollo.internals.SimpleConfig] Init Apollo Simple Config failed - namespace: someName, reason: 
[apollo-client][main]2021-11-01 16:20:07,388 WARN  [com.ctrip.framework.apollo.internals.SimpleConfig] Could not load config from Apollo, always return default value!

  .   ____          _            __ _ _
 /\\ / ___'_ __ _ _(_)_ __  __ _ \ \ \ \
( ( )\___ | '_ | '_| | '_ \/ _` | \ \ \ \
 \\/  ___)| |_)| | | | | || (_| |  ) ) ) )
  '  |____| .__|_| |_|_| |_\__, | / / / /
 =========|_|==============|___/=/_/_/_/
 :: Spring Boot ::       (v1.5.16.RELEASE)

[apollo-client][main]2021-11-01 16:20:07,714 INFO  [org.springframework.context.annotation.AnnotationConfigApplicationContext] Refreshing org.springframework.context.annotation.AnnotationConfigApplicationContext@2fb68ec6: startup date [Mon Nov 01 16:20:07 CDT 2021]; root of context hierarchy
[apollo-client][main]2021-11-01 16:20:07,940 WARN  [org.springframework.context.annotation.ConfigurationClassPostProcessor] Cannot enhance @Configuration bean definition 'com.ctrip.framework.apollo.spring.boot.ApolloAutoConfiguration' since its singleton instance has been created too early. The typical cause is a non-static @Bean method with a BeanDefinitionRegistryPostProcessor return type: Consider declaring such methods as 'static'.
[apollo-client][main]2021-11-01 16:20:08,058 INFO  [org.springframework.beans.factory.annotation.AutowiredAnnotationBeanPostProcessor] JSR-330 'javax.inject.Inject' annotation found and supported for autowiring
[apollo-client][main]2021-11-01 16:20:08,247 INFO  [org.springframework.context.annotation.AnnotationConfigApplicationContext] Closing org.springframework.context.annotation.AnnotationConfigApplicationContext@2fb68ec6: startup date [Mon Nov 01 16:20:07 CDT 2021]; root of context hierarchy
[apollo-client][main]2021-11-01 16:20:08,255 WARN  [com.ctrip.framework.apollo.internals.AbstractConfigFile] Init Apollo Config File failed - namespace: someName, reason: someError.
[apollo-client][main]2021-11-01 16:20:08,256 WARN  [com.ctrip.framework.apollo.internals.AbstractConfigFile] Init Apollo Config File failed - namespace: someName, reason: someError.

  .   ____          _            __ _ _
 /\\ / ___'_ __ _ _(_)_ __  __ _ \ \ \ \
( ( )\___ | '_ | '_| | '_ \/ _` | \ \ \ \
 \\/  ___)| |_)| | | | | || (_| |  ) ) ) )
  '  |____| .__|_| |_|_| |_\__, | / / / /
 =========|_|==============|___/=/_/_/_/
 :: Spring Boot ::       (v1.5.16.RELEASE)

[apollo-client][main]2021-11-01 16:20:08,353 INFO  [org.springframework.context.annotation.AnnotationConfigApplicationContext] Refreshing org.springframework.context.annotation.AnnotationConfigApplicationContext@76c52298: startup date [Mon Nov 01 16:20:08 CDT 2021]; root of context hierarchy
[apollo-client][main]2021-11-01 16:20:08,454 WARN  [org.springframework.context.annotation.ConfigurationClassPostProcessor] Cannot enhance @Configuration bean definition 'com.ctrip.framework.apollo.spring.boot.ApolloAutoConfiguration' since its singleton instance has been created too early. The typical cause is a non-static @Bean method with a BeanDefinitionRegistryPostProcessor return type: Consider declaring such methods as 'static'.
[apollo-client][main]2021-11-01 16:20:08,484 INFO  [org.springframework.beans.factory.annotation.AutowiredAnnotationBeanPostProcessor] JSR-330 'javax.inject.Inject' annotation found and supported for autowiring
[apollo-client][main]2021-11-01 16:20:08,564 INFO  [org.springframework.context.annotation.AnnotationConfigApplicationContext] Closing org.springframework.context.annotation.AnnotationConfigApplicationContext@76c52298: startup date [Mon Nov 01 16:20:08 CDT 2021]; root of context hierarchy

  .   ____          _            __ _ _
 /\\ / ___'_ __ _ _(_)_ __  __ _ \ \ \ \
( ( )\___ | '_ | '_| | '_ \/ _` | \ \ \ \
 \\/  ___)| |_)| | | | | || (_| |  ) ) ) )
  '  |____| .__|_| |_|_| |_\__, | / / / /
 =========|_|==============|___/=/_/_/_/
 :: Spring Boot ::       (v1.5.16.RELEASE)

[apollo-client][main]2021-11-01 16:20:08,790 INFO  [org.springframework.context.annotation.AnnotationConfigApplicationContext] Refreshing org.springframework.context.annotation.AnnotationConfigApplicationContext@68f32020: startup date [Mon Nov 01 16:20:08 CDT 2021]; root of context hierarchy
[apollo-client][main]2021-11-01 16:20:08,802 INFO  [org.springframework.beans.factory.annotation.AutowiredAnnotationBeanPostProcessor] JSR-330 'javax.inject.Inject' annotation found and supported for autowiring
[apollo-client][main]2021-11-01 16:20:08,848 INFO  [org.springframework.context.annotation.AnnotationConfigApplicationContext] Closing org.springframework.context.annotation.AnnotationConfigApplicationContext@68f32020: startup date [Mon Nov 01 16:20:08 CDT 2021]; root of context hierarchy

  .   ____          _            __ _ _
 /\\ / ___'_ __ _ _(_)_ __  __ _ \ \ \ \
( ( )\___ | '_ | '_| | '_ \/ _` | \ \ \ \
 \\/  ___)| |_)| | | | | || (_| |  ) ) ) )
  '  |____| .__|_| |_|_| |_\__, | / / / /
 =========|_|==============|___/=/_/_/_/
 :: Spring Boot ::       (v1.5.16.RELEASE)

[apollo-client][main]2021-11-01 16:20:08,910 INFO  [org.springframework.context.annotation.AnnotationConfigApplicationContext] Refreshing org.springframework.context.annotation.AnnotationConfigApplicationContext@21d1b321: startup date [Mon Nov 01 16:20:08 CDT 2021]; root of context hierarchy
[apollo-client][main]2021-11-01 16:20:08,919 INFO  [org.springframework.beans.factory.annotation.AutowiredAnnotationBeanPostProcessor] JSR-330 'javax.inject.Inject' annotation found and supported for autowiring
[apollo-client][main]2021-11-01 16:20:08,963 INFO  [org.springframework.context.annotation.AnnotationConfigApplicationContext] Closing org.springframework.context.annotation.AnnotationConfigApplicationContext@21d1b321: startup date [Mon Nov 01 16:20:08 CDT 2021]; root of context hierarchy
[apollo-client][main]2021-11-01 16:20:09,191 WARN  [com.ctrip.framework.apollo.internals.DefaultConfig] Init Apollo Local Config failed - namespace: someName, reason: .
[apollo-client][main]2021-11-01 16:20:09,192 WARN  [com.ctrip.framework.apollo.internals.DefaultConfig] Could not load config for namespace someName from Apollo, please check whether the configs are released in Apollo! Return default value now!
[apollo-client][main]2021-11-01 16:20:09,856 INFO  [org.springframework.context.support.ClassPathXmlApplicationContext] Refreshing org.springframework.context.support.ClassPathXmlApplicationContext@2f61d591: startup date [Mon Nov 01 16:20:09 CDT 2021]; root of context hierarchy
[apollo-client][main]2021-11-01 16:20:09,859 INFO  [org.springframework.beans.factory.xml.XmlBeanDefinitionReader] Loading XML bean definitions from class path resource [spring/XmlConfigAnnotationTest1.xml]
[apollo-client][main]2021-11-01 16:20:09,977 INFO  [org.springframework.context.support.ClassPathXmlApplicationContext] Refreshing org.springframework.context.support.ClassPathXmlApplicationContext@66420549: startup date [Mon Nov 01 16:20:09 CDT 2021]; root of context hierarchy
[apollo-client][main]2021-11-01 16:20:09,977 INFO  [org.springframework.beans.factory.xml.XmlBeanDefinitionReader] Loading XML bean definitions from class path resource [spring/XmlConfigAnnotationTest4.xml]
[apollo-client][main]2021-11-01 16:20:10,020 WARN  [org.springframework.context.support.ClassPathXmlApplicationContext] Exception encountered during context initialization - cancelling refresh attempt: org.springframework.beans.factory.BeanCreationException: Error creating bean with name 'com.ctrip.framework.apollo.spring.XMLConfigAnnotationTest.TestApolloConfigChangeListenerBean2#0' defined in class path resource [spring/XmlConfigAnnotationTest4.xml]: Initialization of bean failed; nested exception is java.lang.IllegalArgumentException: Invalid parameter type: class java.lang.String for method: private void com.ctrip.framework.apollo.spring.XMLConfigAnnotationTest$TestApolloConfigChangeListenerBean2.onChange(java.lang.String), should be ConfigChangeEvent
[apollo-client][main]2021-11-01 16:20:10,025 INFO  [org.springframework.context.support.ClassPathXmlApplicationContext] Refreshing org.springframework.context.support.ClassPathXmlApplicationContext@3c0bbc9f: startup date [Mon Nov 01 16:20:10 CDT 2021]; root of context hierarchy
[apollo-client][main]2021-11-01 16:20:10,025 INFO  [org.springframework.beans.factory.xml.XmlBeanDefinitionReader] Loading XML bean definitions from class path resource [spring/XmlConfigAnnotationTest6.xml]
[apollo-client][main]2021-11-01 16:20:10,058 INFO  [org.springframework.context.support.ClassPathXmlApplicationContext] Refreshing org.springframework.context.support.ClassPathXmlApplicationContext@bbf9e07: startup date [Mon Nov 01 16:20:10 CDT 2021]; root of context hierarchy
[apollo-client][main]2021-11-01 16:20:10,059 INFO  [org.springframework.beans.factory.xml.XmlBeanDefinitionReader] Loading XML bean definitions from class path resource [spring/XmlConfigAnnotationTest3.xml]
[apollo-client][main]2021-11-01 16:20:10,082 INFO  [org.springframework.context.support.ClassPathXmlApplicationContext] Refreshing org.springframework.context.support.ClassPathXmlApplicationContext@3db972d2: startup date [Mon Nov 01 16:20:10 CDT 2021]; root of context hierarchy
[apollo-client][main]2021-11-01 16:20:10,082 INFO  [org.springframework.beans.factory.xml.XmlBeanDefinitionReader] Loading XML bean definitions from class path resource [spring/XmlConfigAnnotationTest5.xml]
[apollo-client][main]2021-11-01 16:20:10,099 WARN  [org.springframework.context.support.ClassPathXmlApplicationContext] Exception encountered during context initialization - cancelling refresh attempt: org.springframework.beans.factory.BeanCreationException: Error creating bean with name 'com.ctrip.framework.apollo.spring.XMLConfigAnnotationTest.TestApolloConfigChangeListenerBean3#0' defined in class path resource [spring/XmlConfigAnnotationTest5.xml]: Initialization of bean failed; nested exception is java.lang.IllegalArgumentException: Invalid number of parameters: 2 for method: private void com.ctrip.framework.apollo.spring.XMLConfigAnnotationTest$TestApolloConfigChangeListenerBean3.onChange(com.ctrip.framework.apollo.model.ConfigChangeEvent,java.lang.String), should be 1
[apollo-client][main]2021-11-01 16:20:10,103 INFO  [org.springframework.context.support.ClassPathXmlApplicationContext] Refreshing org.springframework.context.support.ClassPathXmlApplicationContext@7fd26ad8: startup date [Mon Nov 01 16:20:10 CDT 2021]; root of context hierarchy
[apollo-client][main]2021-11-01 16:20:10,103 INFO  [org.springframework.beans.factory.xml.XmlBeanDefinitionReader] Loading XML bean definitions from class path resource [spring/XmlConfigAnnotationTest2.xml]
[apollo-client][main]2021-11-01 16:20:10,119 WARN  [org.springframework.context.support.ClassPathXmlApplicationContext] Exception encountered during context initialization - cancelling refresh attempt: org.springframework.beans.factory.BeanCreationException: Error creating bean with name 'com.ctrip.framework.apollo.spring.XMLConfigAnnotationTest.TestApolloConfigBean2#0' defined in class path resource [spring/XmlConfigAnnotationTest2.xml]: Initialization of bean failed; nested exception is java.lang.IllegalArgumentException: Invalid type: class java.lang.String for field: private java.lang.String com.ctrip.framework.apollo.spring.XMLConfigAnnotationTest$TestApolloConfigBean2.config, should be Config

  .   ____          _            __ _ _
 /\\ / ___'_ __ _ _(_)_ __  __ _ \ \ \ \
( ( )\___ | '_ | '_| | '_ \/ _` | \ \ \ \
 \\/  ___)| |_)| | | | | || (_| |  ) ) ) )
  '  |____| .__|_| |_|_| |_\__, | / / / /
 =========|_|==============|___/=/_/_/_/
 :: Spring Boot ::       (v1.5.16.RELEASE)

[apollo-client][main]2021-11-01 16:20:10,194 INFO  [org.springframework.context.annotation.AnnotationConfigApplicationContext] Refreshing org.springframework.context.annotation.AnnotationConfigApplicationContext@360bc645: startup date [Mon Nov 01 16:20:10 CDT 2021]; root of context hierarchy
[apollo-client][main]2021-11-01 16:20:10,240 WARN  [org.springframework.context.annotation.ConfigurationClassPostProcessor] Cannot enhance @Configuration bean definition 'com.ctrip.framework.apollo.spring.boot.ApolloAutoConfiguration' since its singleton instance has been created too early. The typical cause is a non-static @Bean method with a BeanDefinitionRegistryPostProcessor return type: Consider declaring such methods as 'static'.
[apollo-client][main]2021-11-01 16:20:10,250 INFO  [org.springframework.beans.factory.annotation.AutowiredAnnotationBeanPostProcessor] JSR-330 'javax.inject.Inject' annotation found and supported for autowiring
[apollo-client][main]2021-11-01 16:20:10,299 INFO  [org.springframework.context.annotation.AnnotationConfigApplicationContext] Closing org.springframework.context.annotation.AnnotationConfigApplicationContext@360bc645: startup date [Mon Nov 01 16:20:10 CDT 2021]; root of context hierarchy
[apollo-client][main]2021-11-01 16:20:10,306 WARN  [com.ctrip.framework.apollo.internals.LocalFileConfigRepository] Unable to create local config cache directory /home/ch61/apollo/src/test/resources/config-cache, reason: src/test/resources/config-cache. Will not able to cache config file.
[apollo-client][main]2021-11-01 16:20:10,306 WARN  [com.ctrip.framework.apollo.internals.LocalFileConfigRepository] Persist local cache file /home/ch61/apollo/src/test/resources/config-cache/someApp+someCluster+someName.properties failed, reason: src/test/resources/config-cache/someApp+someCluster+someName.properties (No such file or directory).
[apollo-client][main]2021-11-01 16:20:10,309 WARN  [com.ctrip.framework.apollo.internals.LocalFileConfigRepository] Unable to create local config cache directory /home/ch61/apollo/src/test/resources/config-cache, reason: src/test/resources/config-cache. Will not able to cache config file.
[apollo-client][main]2021-11-01 16:20:10,312 WARN  [com.ctrip.framework.apollo.internals.LocalFileConfigRepository] Unable to create local config cache directory /home/ch61/apollo/src/test/resources/config-cache, reason: src/test/resources/config-cache. Will not able to cache config file.
[apollo-client][main]2021-11-01 16:20:10,313 WARN  [com.ctrip.framework.apollo.internals.LocalFileConfigRepository] Unable to create local config cache directory /home/ch61/apollo/src/test/resources/config-cache, reason: src/test/resources/config-cache. Will not able to cache config file.
java.io.FileNotFoundException: src/test/resources/config-cache/someApp+someCluster+someName.properties (No such file or directory)
	at java.io.FileOutputStream.open0(Native Method)
	at java.io.FileOutputStream.open(FileOutputStream.java:270)
	at java.io.FileOutputStream.<init>(FileOutputStream.java:213)
	at java.io.FileOutputStream.<init>(FileOutputStream.java:162)
	at com.ctrip.framework.apollo.internals.LocalFileConfigRepositoryTest.createLocalCachePropertyFile(LocalFileConfigRepositoryTest.java:228)
	at com.ctrip.framework.apollo.internals.LocalFileConfigRepositoryTest.testLoadConfigWithLocalFile(LocalFileConfigRepositoryTest.java:120)
	at sun.reflect.NativeMethodAccessorImpl.invoke0(Native Method)
	at sun.reflect.NativeMethodAccessorImpl.invoke(NativeMethodAccessorImpl.java:62)
	at sun.reflect.DelegatingMethodAccessorImpl.invoke(DelegatingMethodAccessorImpl.java:43)
	at java.lang.reflect.Method.invoke(Method.java:498)
	at org.junit.runners.model.FrameworkMethod$1.runReflectiveCall(FrameworkMethod.java:50)
	at org.junit.internal.runners.model.ReflectiveCallable.run(ReflectiveCallable.java:12)
	at org.junit.runners.model.FrameworkMethod.invokeExplosively(FrameworkMethod.java:47)
	at org.junit.internal.runners.statements.InvokeMethod.evaluate(InvokeMethod.java:17)
	at org.junit.internal.runners.statements.RunBefores.evaluate(RunBefores.java:26)
	at org.junit.internal.runners.statements.RunAfters.evaluate(RunAfters.java:27)
	at org.junit.runners.ParentRunner.runLeaf(ParentRunner.java:325)
	at org.junit.runners.BlockJUnit4ClassRunner.runChild(BlockJUnit4ClassRunner.java:78)
	at org.junit.runners.BlockJUnit4ClassRunner.runChild(BlockJUnit4ClassRunner.java:57)
	at org.junit.runners.ParentRunner$3.run(ParentRunner.java:290)
	at org.junit.runners.ParentRunner$1.schedule(ParentRunner.java:71)
	at org.junit.runners.ParentRunner.runChildren(ParentRunner.java:288)
	at org.junit.runners.ParentRunner.access$000(ParentRunner.java:58)
	at org.junit.runners.ParentRunner$2.evaluate(ParentRunner.java:268)
	at org.junit.runners.ParentRunner.run(ParentRunner.java:363)
	at org.junit.runners.Suite.runChild(Suite.java:128)
	at org.junit.runners.Suite.runChild(Suite.java:27)
	at org.junit.runners.ParentRunner$3.run(ParentRunner.java:290)
	at org.junit.runners.ParentRunner$1.schedule(ParentRunner.java:71)
	at org.junit.runners.ParentRunner.runChildren(ParentRunner.java:288)
	at org.junit.runners.ParentRunner.access$000(ParentRunner.java:58)
	at org.junit.runners.ParentRunner$2.evaluate(ParentRunner.java:268)
	at org.junit.runners.ParentRunner.run(ParentRunner.java:363)
	at org.junit.runner.JUnitCore.run(JUnitCore.java:137)
	at org.junit.runner.JUnitCore.run(JUnitCore.java:115)
	at edu.illinois.cs.testrunner.execution.JUnitTestExecutor.execute(JUnitTestExecutor.java:259)
	at edu.illinois.cs.testrunner.execution.JUnitTestExecutor.executeWithJUnit4Runner(JUnitTestExecutor.java:327)
	at edu.illinois.cs.testrunner.execution.JUnitTestExecutor.runOrder(JUnitTestExecutor.java:49)
	at edu.illinois.cs.testrunner.execution.Executor$.$anonfun$run$1(Executor.scala:30)
	at scala.runtime.java8.JFunction0$mcV$sp.apply(JFunction0$mcV$sp.java:12)
	at scala.util.Try$.apply(Try.scala:209)
	at edu.illinois.cs.testrunner.execution.Executor$.run(Executor.scala:28)
	at edu.illinois.cs.testrunner.execution.Executor$.main(Executor.scala:18)
	at edu.illinois.cs.testrunner.execution.Executor.main(Executor.scala)
java.io.FileNotFoundException: src/test/resources/config-cache/someApp+someCluster+someName.properties (No such file or directory)
	at java.io.FileOutputStream.open0(Native Method)
	at java.io.FileOutputStream.open(FileOutputStream.java:270)
	at java.io.FileOutputStream.<init>(FileOutputStream.java:213)
	at com.google.common.io.Files$FileByteSink.openStream(Files.java:193)
	at com.google.common.io.Files$FileByteSink.openStream(Files.java:181)
	at com.google.common.io.ByteSink$AsCharSink.openStream(ByteSink.java:149)
	at com.google.common.io.CharSink.write(CharSink.java:94)
	at com.google.common.io.Files.write(Files.java:286)
	at com.ctrip.framework.apollo.internals.LocalFileConfigRepositoryTest.testLoadConfigWithLocalFileAndFallbackRepo(LocalFileConfigRepositoryTest.java:136)
	at sun.reflect.NativeMethodAccessorImpl.invoke0(Native Method)
	at sun.reflect.NativeMethodAccessorImpl.invoke(NativeMethodAccessorImpl.java:62)
	at sun.reflect.DelegatingMethodAccessorImpl.invoke(DelegatingMethodAccessorImpl.java:43)
	at java.lang.reflect.Method.invoke(Method.java:498)
	at org.junit.runners.model.FrameworkMethod$1.runReflectiveCall(FrameworkMethod.java:50)
	at org.junit.internal.runners.model.ReflectiveCallable.run(ReflectiveCallable.java:12)
	at org.junit.runners.model.FrameworkMethod.invokeExplosively(FrameworkMethod.java:47)
	at org.junit.internal.runners.statements.InvokeMethod.evaluate(InvokeMethod.java:17)
	at org.junit.internal.runners.statements.RunBefores.evaluate(RunBefores.java:26)
	at org.junit.internal.runners.statements.RunAfters.evaluate(RunAfters.java:27)
	at org.junit.runners.ParentRunner.runLeaf(ParentRunner.java:325)
	at org.junit.runners.BlockJUnit4ClassRunner.runChild(BlockJUnit4ClassRunner.java:78)
	at org.junit.runners.BlockJUnit4ClassRunner.runChild(BlockJUnit4ClassRunner.java:57)
	at org.junit.runners.ParentRunner$3.run(ParentRunner.java:290)
	at org.junit.runners.ParentRunner$1.schedule(ParentRunner.java:71)
	at org.junit.runners.ParentRunner.runChildren(ParentRunner.java:288)
	at org.junit.runners.ParentRunner.access$000(ParentRunner.java:58)
	at org.junit.runners.ParentRunner$2.evaluate(ParentRunner.java:268)
	at org.junit.runners.ParentRunner.run(ParentRunner.java:363)
	at org.junit.runners.Suite.runChild(Suite.java:128)
	at org.junit.runners.Suite.runChild(Suite.java:27)
	at org.junit.runners.ParentRunner$3.run(ParentRunner.java:290)
	at org.junit.runners.ParentRunner$1.schedule(ParentRunner.java:71)
	at org.junit.runners.ParentRunner.runChildren(ParentRunner.java:288)
	at org.junit.runners.ParentRunner.access$000(ParentRunner.java:58)
	at org.junit.runners.ParentRunner$2.evaluate(ParentRunner.java:268)
	at org.junit.runners.ParentRunner.run(ParentRunner.java:363)
	at org.junit.runner.JUnitCore.run(JUnitCore.java:137)
	at org.junit.runner.JUnitCore.run(JUnitCore.java:115)
	at edu.illinois.cs.testrunner.execution.JUnitTestExecutor.execute(JUnitTestExecutor.java:259)
	at edu.illinois.cs.testrunner.execution.JUnitTestExecutor.executeWithJUnit4Runner(JUnitTestExecutor.java:327)
	at edu.illinois.cs.testrunner.execution.JUnitTestExecutor.runOrder(JUnitTestExecutor.java:49)
	at edu.illinois.cs.testrunner.execution.Executor$.$anonfun$run$1(Executor.scala:30)
	at scala.runtime.java8.JFunction0$mcV$sp.apply(JFunction0$mcV$sp.java:12)
	at scala.util.Try$.apply(Try.scala:209)
	at edu.illinois.cs.testrunner.execution.Executor$.run(Executor.scala:28)
	at edu.illinois.cs.testrunner.execution.Executor$.main(Executor.scala:18)
	at edu.illinois.cs.testrunner.execution.Executor.main(Executor.scala)

  .   ____          _            __ _ _
 /\\ / ___'_ __ _ _(_)_ __  __ _ \ \ \ \
( ( )\___ | '_ | '_| | '_ \/ _` | \ \ \ \
 \\/  ___)| |_)| | | | | || (_| |  ) ) ) )
  '  |____| .__|_| |_|_| |_\__, | / / / /
 =========|_|==============|___/=/_/_/_/
 :: Spring Boot ::       (v1.5.16.RELEASE)

[apollo-client][main]2021-11-01 16:20:10,407 INFO  [org.springframework.context.annotation.AnnotationConfigApplicationContext] Refreshing org.springframework.context.annotation.AnnotationConfigApplicationContext@59696551: startup date [Mon Nov 01 16:20:10 CDT 2021]; root of context hierarchy
[apollo-client][main]2021-11-01 16:20:10,413 INFO  [org.springframework.beans.factory.annotation.AutowiredAnnotationBeanPostProcessor] JSR-330 'javax.inject.Inject' annotation found and supported for autowiring
[apollo-client][main]2021-11-01 16:20:10,435 INFO  [org.springframework.context.annotation.AnnotationConfigApplicationContext] Closing org.springframework.context.annotation.AnnotationConfigApplicationContext@59696551: startup date [Mon Nov 01 16:20:10 CDT 2021]; root of context hierarchy

  .   ____          _            __ _ _
 /\\ / ___'_ __ _ _(_)_ __  __ _ \ \ \ \
( ( )\___ | '_ | '_| | '_ \/ _` | \ \ \ \
 \\/  ___)| |_)| | | | | || (_| |  ) ) ) )
  '  |____| .__|_| |_|_| |_\__, | / / / /
 =========|_|==============|___/=/_/_/_/
 :: Spring Boot ::       (v1.5.16.RELEASE)

[apollo-client][main]2021-11-01 16:20:10,474 INFO  [org.springframework.context.annotation.AnnotationConfigApplicationContext] Refreshing org.springframework.context.annotation.AnnotationConfigApplicationContext@f88bfbe: startup date [Mon Nov 01 16:20:10 CDT 2021]; root of context hierarchy
[apollo-client][main]2021-11-01 16:20:10,516 WARN  [org.springframework.context.annotation.ConfigurationClassPostProcessor] Cannot enhance @Configuration bean definition 'com.ctrip.framework.apollo.spring.boot.ApolloAutoConfiguration' since its singleton instance has been created too early. The typical cause is a non-static @Bean method with a BeanDefinitionRegistryPostProcessor return type: Consider declaring such methods as 'static'.
[apollo-client][main]2021-11-01 16:20:10,526 INFO  [org.springframework.beans.factory.annotation.AutowiredAnnotationBeanPostProcessor] JSR-330 'javax.inject.Inject' annotation found and supported for autowiring
[apollo-client][main]2021-11-01 16:20:10,583 INFO  [org.springframework.context.annotation.AnnotationConfigApplicationContext] Closing org.springframework.context.annotation.AnnotationConfigApplicationContext@f88bfbe: startup date [Mon Nov 01 16:20:10 CDT 2021]; root of context hierarchy
[apollo-client][main]2021-11-01 16:20:10,587 WARN  [com.ctrip.framework.apollo.core.utils.ResourceUtils] No available properties: apollo-env.properties
[apollo-client][main]2021-11-01 16:20:10,622 INFO  [org.eclipse.jetty.util.log] Logging initialized @4733ms to org.eclipse.jetty.util.log.Slf4jLog
[apollo-client][main]2021-11-01 16:20:10,631 WARN  [org.eclipse.jetty.server.handler.ContextHandler] o.e.j.s.h.ContextHandler@795f5d51{/,null,UNAVAILABLE} contextPath ends with /*
[apollo-client][main]2021-11-01 16:20:10,761 INFO  [org.eclipse.jetty.server.Server] jetty-9.4.12.v20180830; built: 2018-08-30T13:59:14.071Z; git: 27208684755d94a92186989f695db2d7b21ebc51; jvm 1.8.0_292-8u292-b10-0ubuntu1~18.04-b10
[apollo-client][main]2021-11-01 16:20:10,786 INFO  [org.eclipse.jetty.server.handler.ContextHandler] Started o.e.j.s.h.ContextHandler@795f5d51{/configs,null,AVAILABLE}
[apollo-client][main]2021-11-01 16:20:10,786 INFO  [org.eclipse.jetty.server.handler.ContextHandler] Started o.e.j.s.h.ContextHandler@485e13d7{/notifications/v2,null,AVAILABLE}
[apollo-client][main]2021-11-01 16:20:10,787 INFO  [org.eclipse.jetty.server.handler.ContextHandler] Started o.e.j.s.h.ContextHandler@43984213{/services/config,null,AVAILABLE}
[apollo-client][main]2021-11-01 16:20:10,798 INFO  [org.eclipse.jetty.server.AbstractConnector] Started ServerConnector@4daec521{HTTP/1.1,[http/1.1]}{0.0.0.0:38773}
[apollo-client][main]2021-11-01 16:20:10,798 INFO  [org.eclipse.jetty.server.Server] Started @4910ms
[apollo-client][Apollo-RemoteConfigLongPollService-1]2021-11-01 16:20:10,953 WARN  [com.ctrip.framework.apollo.internals.RemoteConfigLongPollService] Long polling failed, will retry in 1 seconds. appId: 1003171, cluster: someClusterName, namespaces: application, long polling url: http://localhost:38773/notifications/v2?cluster=someClusterName&dataCenter=someDC&appId=1003171&ip=172.22.150.101&notifications=%5B%7B%22namespaceName%22%3A%22application%22%2C%22notificationId%22%3A1%7D%5D, reason: Could not complete get operation [Cause: Connection refused (Connection refused)]
[apollo-client][main]2021-11-01 16:20:10,953 INFO  [org.eclipse.jetty.server.AbstractConnector] Stopped ServerConnector@4daec521{HTTP/1.1,[http/1.1]}{0.0.0.0:38773}
[apollo-client][main]2021-11-01 16:20:10,954 INFO  [org.eclipse.jetty.server.handler.ContextHandler] Stopped o.e.j.s.h.ContextHandler@43984213{/services/config,null,UNAVAILABLE}
[apollo-client][main]2021-11-01 16:20:10,954 INFO  [org.eclipse.jetty.server.handler.ContextHandler] Stopped o.e.j.s.h.ContextHandler@485e13d7{/notifications/v2,null,UNAVAILABLE}
[apollo-client][main]2021-11-01 16:20:10,954 INFO  [org.eclipse.jetty.server.handler.ContextHandler] Stopped o.e.j.s.h.ContextHandler@795f5d51{/configs,null,UNAVAILABLE}
[apollo-client][main]2021-11-01 16:20:10,998 WARN  [org.eclipse.jetty.server.handler.ContextHandler] o.e.j.s.h.ContextHandler@7301eebe{/,null,UNAVAILABLE} contextPath ends with /*
[apollo-client][main]2021-11-01 16:20:10,998 INFO  [org.eclipse.jetty.server.Server] jetty-9.4.12.v20180830; built: 2018-08-30T13:59:14.071Z; git: 27208684755d94a92186989f695db2d7b21ebc51; jvm 1.8.0_292-8u292-b10-0ubuntu1~18.04-b10
[apollo-client][main]2021-11-01 16:20:11,002 INFO  [org.eclipse.jetty.server.handler.ContextHandler] Started o.e.j.s.h.ContextHandler@7301eebe{/configs,null,AVAILABLE}
[apollo-client][main]2021-11-01 16:20:11,002 INFO  [org.eclipse.jetty.server.handler.ContextHandler] Started o.e.j.s.h.ContextHandler@3119cf6f{/services/config,null,AVAILABLE}
[apollo-client][main]2021-11-01 16:20:11,003 INFO  [org.eclipse.jetty.server.AbstractConnector] Started ServerConnector@6dc9da2d{HTTP/1.1,[http/1.1]}{0.0.0.0:38773}
[apollo-client][main]2021-11-01 16:20:11,003 INFO  [org.eclipse.jetty.server.Server] Started @5115ms
[apollo-client][main]2021-11-01 16:20:13,507 INFO  [org.eclipse.jetty.server.AbstractConnector] Stopped ServerConnector@6dc9da2d{HTTP/1.1,[http/1.1]}{0.0.0.0:38773}
[apollo-client][main]2021-11-01 16:20:13,507 INFO  [org.eclipse.jetty.server.handler.ContextHandler] Stopped o.e.j.s.h.ContextHandler@3119cf6f{/services/config,null,UNAVAILABLE}
[apollo-client][main]2021-11-01 16:20:13,507 INFO  [org.eclipse.jetty.server.handler.ContextHandler] Stopped o.e.j.s.h.ContextHandler@7301eebe{/configs,null,UNAVAILABLE}
java.util.concurrent.TimeoutException: Waited 2500 milliseconds (plus 82042 nanoseconds delay) for com.google.common.util.concurrent.SettableFuture@1d408060[status=PENDING]
	at com.google.common.util.concurrent.AbstractFuture.get(AbstractFuture.java:506)
	at com.google.common.util.concurrent.AbstractFuture$TrustedFuture.get(AbstractFuture.java:109)
	at com.ctrip.framework.apollo.integration.ConfigIntegrationTest.testRefreshConfig(ConfigIntegrationTest.java:343)
	at sun.reflect.NativeMethodAccessorImpl.invoke0(Native Method)
	at sun.reflect.NativeMethodAccessorImpl.invoke(NativeMethodAccessorImpl.java:62)
	at sun.reflect.DelegatingMethodAccessorImpl.invoke(DelegatingMethodAccessorImpl.java:43)
	at java.lang.reflect.Method.invoke(Method.java:498)
	at org.junit.runners.model.FrameworkMethod$1.runReflectiveCall(FrameworkMethod.java:50)
	at org.junit.internal.runners.model.ReflectiveCallable.run(ReflectiveCallable.java:12)
	at org.junit.runners.model.FrameworkMethod.invokeExplosively(FrameworkMethod.java:47)
	at org.junit.internal.runners.statements.InvokeMethod.evaluate(InvokeMethod.java:17)
	at org.junit.internal.runners.statements.RunBefores.evaluate(RunBefores.java:26)
	at org.junit.internal.runners.statements.RunAfters.evaluate(RunAfters.java:27)
	at org.junit.runners.ParentRunner.runLeaf(ParentRunner.java:325)
	at org.junit.runners.BlockJUnit4ClassRunner.runChild(BlockJUnit4ClassRunner.java:78)
	at org.junit.runners.BlockJUnit4ClassRunner.runChild(BlockJUnit4ClassRunner.java:57)
	at org.junit.runners.ParentRunner$3.run(ParentRunner.java:290)
	at org.junit.runners.ParentRunner$1.schedule(ParentRunner.java:71)
	at org.junit.runners.ParentRunner.runChildren(ParentRunner.java:288)
	at org.junit.runners.ParentRunner.access$000(ParentRunner.java:58)
	at org.junit.runners.ParentRunner$2.evaluate(ParentRunner.java:268)
	at org.junit.internal.runners.statements.RunBefores.evaluate(RunBefores.java:26)
	at org.junit.internal.runners.statements.RunAfters.evaluate(RunAfters.java:27)
	at org.junit.runners.ParentRunner.run(ParentRunner.java:363)
	at org.junit.runners.Suite.runChild(Suite.java:128)
	at org.junit.runners.Suite.runChild(Suite.java:27)
	at org.junit.runners.ParentRunner$3.run(ParentRunner.java:290)
	at org.junit.runners.ParentRunner$1.schedule(ParentRunner.java:71)
	at org.junit.runners.ParentRunner.runChildren(ParentRunner.java:288)
	at org.junit.runners.ParentRunner.access$000(ParentRunner.java:58)
	at org.junit.runners.ParentRunner$2.evaluate(ParentRunner.java:268)
	at org.junit.runners.ParentRunner.run(ParentRunner.java:363)
	at org.junit.runner.JUnitCore.run(JUnitCore.java:137)
	at org.junit.runner.JUnitCore.run(JUnitCore.java:115)
	at edu.illinois.cs.testrunner.execution.JUnitTestExecutor.execute(JUnitTestExecutor.java:259)
	at edu.illinois.cs.testrunner.execution.JUnitTestExecutor.executeWithJUnit4Runner(JUnitTestExecutor.java:327)
	at edu.illinois.cs.testrunner.execution.JUnitTestExecutor.runOrder(JUnitTestExecutor.java:49)
	at edu.illinois.cs.testrunner.execution.Executor$.$anonfun$run$1(Executor.scala:30)
	at scala.runtime.java8.JFunction0$mcV$sp.apply(JFunction0$mcV$sp.java:12)
	at scala.util.Try$.apply(Try.scala:209)
	at edu.illinois.cs.testrunner.execution.Executor$.run(Executor.scala:28)
	at edu.illinois.cs.testrunner.execution.Executor$.main(Executor.scala:18)
	at edu.illinois.cs.testrunner.execution.Executor.main(Executor.scala)
[apollo-client][main]2021-11-01 16:20:13,514 WARN  [org.eclipse.jetty.server.handler.ContextHandler] o.e.j.s.h.ContextHandler@7d70638{/,null,UNAVAILABLE} contextPath ends with /*
[apollo-client][main]2021-11-01 16:20:13,515 INFO  [org.eclipse.jetty.server.Server] jetty-9.4.12.v20180830; built: 2018-08-30T13:59:14.071Z; git: 27208684755d94a92186989f695db2d7b21ebc51; jvm 1.8.0_292-8u292-b10-0ubuntu1~18.04-b10
[apollo-client][main]2021-11-01 16:20:13,517 INFO  [org.eclipse.jetty.server.handler.ContextHandler] Started o.e.j.s.h.ContextHandler@7d70638{/configs,null,AVAILABLE}
[apollo-client][main]2021-11-01 16:20:13,517 INFO  [org.eclipse.jetty.server.handler.ContextHandler] Started o.e.j.s.h.ContextHandler@71f1cc02{/services/config,null,AVAILABLE}
[apollo-client][main]2021-11-01 16:20:13,519 INFO  [org.eclipse.jetty.server.AbstractConnector] Started ServerConnector@5f14761c{HTTP/1.1,[http/1.1]}{0.0.0.0:38773}
[apollo-client][main]2021-11-01 16:20:13,520 INFO  [org.eclipse.jetty.server.Server] Started @7631ms
[apollo-client][main]2021-11-01 16:20:13,523 INFO  [org.eclipse.jetty.server.AbstractConnector] Stopped ServerConnector@5f14761c{HTTP/1.1,[http/1.1]}{0.0.0.0:38773}
[apollo-client][main]2021-11-01 16:20:13,523 INFO  [org.eclipse.jetty.server.handler.ContextHandler] Stopped o.e.j.s.h.ContextHandler@71f1cc02{/services/config,null,UNAVAILABLE}
[apollo-client][main]2021-11-01 16:20:13,523 INFO  [org.eclipse.jetty.server.handler.ContextHandler] Stopped o.e.j.s.h.ContextHandler@7d70638{/configs,null,UNAVAILABLE}
java.lang.AssertionError: expected:<someValue1> but was:<null>
	at org.junit.Assert.fail(Assert.java:88)
	at org.junit.Assert.failNotEquals(Assert.java:834)
	at org.junit.Assert.assertEquals(Assert.java:118)
	at org.junit.Assert.assertEquals(Assert.java:144)
	at com.ctrip.framework.apollo.integration.ConfigIntegrationTest.testOrderGetConfigWithLocalFileAndRemoteConfigError(ConfigIntegrationTest.java:261)
	at sun.reflect.NativeMethodAccessorImpl.invoke0(Native Method)
	at sun.reflect.NativeMethodAccessorImpl.invoke(NativeMethodAccessorImpl.java:62)
	at sun.reflect.DelegatingMethodAccessorImpl.invoke(DelegatingMethodAccessorImpl.java:43)
	at java.lang.reflect.Method.invoke(Method.java:498)
	at org.junit.runners.model.FrameworkMethod$1.runReflectiveCall(FrameworkMethod.java:50)
	at org.junit.internal.runners.model.ReflectiveCallable.run(ReflectiveCallable.java:12)
	at org.junit.runners.model.FrameworkMethod.invokeExplosively(FrameworkMethod.java:47)
	at org.junit.internal.runners.statements.InvokeMethod.evaluate(InvokeMethod.java:17)
	at org.junit.internal.runners.statements.RunBefores.evaluate(RunBefores.java:26)
	at org.junit.internal.runners.statements.RunAfters.evaluate(RunAfters.java:27)
	at org.junit.runners.ParentRunner.runLeaf(ParentRunner.java:325)
	at org.junit.runners.BlockJUnit4ClassRunner.runChild(BlockJUnit4ClassRunner.java:78)
	at org.junit.runners.BlockJUnit4ClassRunner.runChild(BlockJUnit4ClassRunner.java:57)
	at org.junit.runners.ParentRunner$3.run(ParentRunner.java:290)
	at org.junit.runners.ParentRunner$1.schedule(ParentRunner.java:71)
	at org.junit.runners.ParentRunner.runChildren(ParentRunner.java:288)
	at org.junit.runners.ParentRunner.access$000(ParentRunner.java:58)
	at org.junit.runners.ParentRunner$2.evaluate(ParentRunner.java:268)
	at org.junit.internal.runners.statements.RunBefores.evaluate(RunBefores.java:26)
	at org.junit.internal.runners.statements.RunAfters.evaluate(RunAfters.java:27)
	at org.junit.runners.ParentRunner.run(ParentRunner.java:363)
	at org.junit.runners.Suite.runChild(Suite.java:128)
	at org.junit.runners.Suite.runChild(Suite.java:27)
	at org.junit.runners.ParentRunner$3.run(ParentRunner.java:290)
	at org.junit.runners.ParentRunner$1.schedule(ParentRunner.java:71)
	at org.junit.runners.ParentRunner.runChildren(ParentRunner.java:288)
	at org.junit.runners.ParentRunner.access$000(ParentRunner.java:58)
	at org.junit.runners.ParentRunner$2.evaluate(ParentRunner.java:268)
	at org.junit.runners.ParentRunner.run(ParentRunner.java:363)
	at org.junit.runner.JUnitCore.run(JUnitCore.java:137)
	at org.junit.runner.JUnitCore.run(JUnitCore.java:115)
	at edu.illinois.cs.testrunner.execution.JUnitTestExecutor.execute(JUnitTestExecutor.java:259)
	at edu.illinois.cs.testrunner.execution.JUnitTestExecutor.executeWithJUnit4Runner(JUnitTestExecutor.java:327)
	at edu.illinois.cs.testrunner.execution.JUnitTestExecutor.runOrder(JUnitTestExecutor.java:49)
	at edu.illinois.cs.testrunner.execution.Executor$.$anonfun$run$1(Executor.scala:30)
	at scala.runtime.java8.JFunction0$mcV$sp.apply(JFunction0$mcV$sp.java:12)
	at scala.util.Try$.apply(Try.scala:209)
	at edu.illinois.cs.testrunner.execution.Executor$.run(Executor.scala:28)
	at edu.illinois.cs.testrunner.execution.Executor$.main(Executor.scala:18)
	at edu.illinois.cs.testrunner.execution.Executor.main(Executor.scala)
